2025-08-19 10:41:41,279 - werkzeug - INFO - [31m[1mWARNING: This is a development server. Do not use it in a production deployment. Use a production WSGI server instead.[0m
 * Running on https://127.0.0.1:5000
2025-08-19 10:41:41,279 - werkzeug - INFO - [33mPress CTRL+C to quit[0m
2025-08-19 10:42:53,505 - werkzeug - INFO - 127.0.0.1 - - [19/Aug/2025 10:42:53] "[33mGET / HTTP/1.1[0m" 404 -
2025-08-19 10:42:53,638 - werkzeug - INFO - 127.0.0.1 - - [19/Aug/2025 10:42:53] "[33mGET /favicon.ico HTTP/1.1[0m" 404 -
2025-08-19 10:44:09,086 - werkzeug - INFO - 127.0.0.1 - - [19/Aug/2025 10:44:09] "[31m[1mGET /api/auth/register HTTP/1.1[0m" 405 -
2025-08-19 10:56:36,082 - HIPAA_AUDIT - INFO - Action: USER_REGISTRATION, User: None, Resource: users, IP: 127.0.0.1
2025-08-19 10:56:36,084 - werkzeug - INFO - 127.0.0.1 - - [19/Aug/2025 10:56:36] "[31m[1mPOST /api/auth/register HTTP/1.1[0m" 400 -
2025-08-19 10:56:54,628 - HIPAA_AUDIT - INFO - Action: USER_REGISTRATION, User: None, Resource: users, IP: 127.0.0.1
2025-08-19 10:56:54,628 - werkzeug - INFO - 127.0.0.1 - - [19/Aug/2025 10:56:54] "[35m[1mPOST /api/auth/register HTTP/1.1[0m" 201 -
2025-08-19 10:58:15,795 - HIPAA_AUDIT - INFO - Action: USER_LOGIN, User: None, Resource: authentication, IP: 127.0.0.1
2025-08-19 10:58:15,795 - werkzeug - INFO - 127.0.0.1 - - [19/Aug/2025 10:58:15] "POST /api/auth/login HTTP/1.1" 200 -
2025-08-19 11:00:20,838 - werkzeug - INFO - 127.0.0.1 - - [19/Aug/2025 11:00:20] "[31m[1mGET /api/patients HTTP/1.1[0m" 401 -
2025-08-19 11:00:52,540 - werkzeug - INFO - 127.0.0.1 - - [19/Aug/2025 11:00:52] "[31m[1mGET /api/patients HTTP/1.1[0m" 401 -
2025-08-19 11:11:03,001 - werkzeug - INFO - 127.0.0.1 - - [19/Aug/2025 11:11:03] "[31m[1mGET /api/patients HTTP/1.1[0m" 401 -
2025-08-19 11:14:14,991 - werkzeug - INFO - [31m[1mWARNING: This is a development server. Do not use it in a production deployment. Use a production WSGI server instead.[0m
 * Running on https://127.0.0.1:5000
2025-08-19 11:14:14,991 - werkzeug - INFO - [33mPress CTRL+C to quit[0m
2025-08-19 11:14:22,824 - HIPAA_AUDIT - INFO - Action: USER_LOGIN, User: None, Resource: authentication, IP: 127.0.0.1
2025-08-19 11:14:22,824 - werkzeug - INFO - 127.0.0.1 - - [19/Aug/2025 11:14:22] "POST /api/auth/login HTTP/1.1" 200 -
2025-08-19 11:14:26,251 - HIPAA_AUDIT - INFO - Action: USER_LOGIN, User: None, Resource: authentication, IP: 127.0.0.1
2025-08-19 11:14:26,251 - werkzeug - INFO - 127.0.0.1 - - [19/Aug/2025 11:14:26] "POST /api/auth/login HTTP/1.1" 200 -
2025-08-19 11:14:56,914 - werkzeug - INFO - 127.0.0.1 - - [19/Aug/2025 11:14:56] "[31m[1mGET /api/patients HTTP/1.1[0m" 401 -
2025-08-19 11:15:10,466 - werkzeug - INFO - 127.0.0.1 - - [19/Aug/2025 11:15:10] "[31m[1mGET /api/patients HTTP/1.1[0m" 401 -
2025-08-19 11:15:28,780 - HIPAA_AUDIT - INFO - Action: USER_LOGIN, User: None, Resource: authentication, IP: 127.0.0.1
2025-08-19 11:15:28,781 - werkzeug - INFO - 127.0.0.1 - - [19/Aug/2025 11:15:28] "POST /api/auth/login HTTP/1.1" 200 -
2025-08-19 11:15:55,798 - werkzeug - INFO - 127.0.0.1 - - [19/Aug/2025 11:15:55] "[31m[1mGET /api/patients HTTP/1.1[0m" 401 -
2025-08-19 11:20:37,169 - werkzeug - INFO - 127.0.0.1 - - [19/Aug/2025 11:20:37] "[31m[1mGET /api/patients HTTP/1.1[0m" 401 -
2025-08-19 11:21:05,032 - werkzeug - INFO - 127.0.0.1 - - [19/Aug/2025 11:21:05] "[31m[1mGET /api/patients HTTP/1.1[0m" 401 -
2025-08-19 11:21:28,480 - HIPAA_AUDIT - INFO - Action: USER_LOGIN, User: None, Resource: authentication, IP: 127.0.0.1
2025-08-19 11:21:28,481 - werkzeug - INFO - 127.0.0.1 - - [19/Aug/2025 11:21:28] "POST /api/auth/login HTTP/1.1" 200 -
2025-08-19 11:21:59,178 - werkzeug - INFO - 127.0.0.1 - - [19/Aug/2025 11:21:59] "[31m[1mGET /api/patients HTTP/1.1[0m" 401 -
2025-08-19 11:22:05,677 - werkzeug - INFO - 127.0.0.1 - - [19/Aug/2025 11:22:05] "[31m[1mGET /api/patients HTTP/1.1[0m" 401 -
2025-08-19 11:24:41,701 - werkzeug - INFO - [31m[1mWARNING: This is a development server. Do not use it in a production deployment. Use a production WSGI server instead.[0m
 * Running on https://127.0.0.1:5000
2025-08-19 11:24:41,701 - werkzeug - INFO - [33mPress CTRL+C to quit[0m
2025-08-19 11:24:46,874 - werkzeug - INFO - 127.0.0.1 - - [19/Aug/2025 11:24:46] "[31m[1mGET /api/patients HTTP/1.1[0m" 401 -
2025-08-19 11:25:43,968 - HIPAA_AUDIT - INFO - Action: USER_LOGIN, User: None, Resource: authentication, IP: 127.0.0.1
2025-08-19 11:25:43,968 - werkzeug - INFO - 127.0.0.1 - - [19/Aug/2025 11:25:43] "POST /api/auth/login HTTP/1.1" 200 -
2025-08-19 11:26:03,580 - HIPAA_AUDIT - INFO - Action: VIEW_PATIENTS, User: 1, Resource: patients, IP: 127.0.0.1
2025-08-19 11:26:03,580 - werkzeug - INFO - 127.0.0.1 - - [19/Aug/2025 11:26:03] "GET /api/patients HTTP/1.1" 200 -
2025-08-19 11:32:51,849 - HIPAA_AUDIT - INFO - Action: USER_LOGIN, User: None, Resource: authentication, IP: 127.0.0.1
2025-08-19 11:32:51,857 - werkzeug - INFO - 127.0.0.1 - - [19/Aug/2025 11:32:51] "POST /api/auth/login HTTP/1.1" 200 -
2025-08-19 11:33:10,502 - HIPAA_AUDIT - INFO - Action: VIEW_PATIENTS, User: 1, Resource: patients, IP: 127.0.0.1
2025-08-19 11:33:10,502 - werkzeug - INFO - 127.0.0.1 - - [19/Aug/2025 11:33:10] "GET /api/patients HTTP/1.1" 200 -
2025-08-19 12:44:16,536 - werkzeug - INFO - [31m[1mWARNING: This is a development server. Do not use it in a production deployment. Use a production WSGI server instead.[0m
 * Running on https://127.0.0.1:5000
2025-08-19 12:44:16,537 - werkzeug - INFO - [33mPress CTRL+C to quit[0m
2025-08-19 12:44:27,927 - app - ERROR - Exception on /api/auth/register [POST]
Traceback (most recent call last):
  File "E:\woltrio\DejiEMRAPI\.venv\Lib\site-packages\sqlalchemy\engine\base.py", line 3371, in _wrap_pool_connect
    return fn()
           ^^^^
  File "E:\woltrio\DejiEMRAPI\.venv\Lib\site-packages\sqlalchemy\pool\base.py", line 327, in connect
    return _ConnectionFairy._checkout(self)
           ^^^^^^^^^^^^^^^^^^^^^^^^^^^^^^^^
  File "E:\woltrio\DejiEMRAPI\.venv\Lib\site-packages\sqlalchemy\pool\base.py", line 894, in _checkout
    fairy = _ConnectionRecord.checkout(pool)
            ^^^^^^^^^^^^^^^^^^^^^^^^^^^^^^^^
  File "E:\woltrio\DejiEMRAPI\.venv\Lib\site-packages\sqlalchemy\pool\base.py", line 493, in checkout
    rec = pool._do_get()
          ^^^^^^^^^^^^^^
  File "E:\woltrio\DejiEMRAPI\.venv\Lib\site-packages\sqlalchemy\pool\impl.py", line 145, in _do_get
    with util.safe_reraise():
  File "E:\woltrio\DejiEMRAPI\.venv\Lib\site-packages\sqlalchemy\util\langhelpers.py", line 70, in __exit__
    compat.raise_(
  File "E:\woltrio\DejiEMRAPI\.venv\Lib\site-packages\sqlalchemy\util\compat.py", line 211, in raise_
    raise exception
  File "E:\woltrio\DejiEMRAPI\.venv\Lib\site-packages\sqlalchemy\pool\impl.py", line 143, in _do_get
    return self._create_connection()
           ^^^^^^^^^^^^^^^^^^^^^^^^^
  File "E:\woltrio\DejiEMRAPI\.venv\Lib\site-packages\sqlalchemy\pool\base.py", line 273, in _create_connection
    return _ConnectionRecord(self)
           ^^^^^^^^^^^^^^^^^^^^^^^
  File "E:\woltrio\DejiEMRAPI\.venv\Lib\site-packages\sqlalchemy\pool\base.py", line 388, in __init__
    self.__connect()
  File "E:\woltrio\DejiEMRAPI\.venv\Lib\site-packages\sqlalchemy\pool\base.py", line 690, in __connect
    with util.safe_reraise():
  File "E:\woltrio\DejiEMRAPI\.venv\Lib\site-packages\sqlalchemy\util\langhelpers.py", line 70, in __exit__
    compat.raise_(
  File "E:\woltrio\DejiEMRAPI\.venv\Lib\site-packages\sqlalchemy\util\compat.py", line 211, in raise_
    raise exception
  File "E:\woltrio\DejiEMRAPI\.venv\Lib\site-packages\sqlalchemy\pool\base.py", line 686, in __connect
    self.dbapi_connection = connection = pool._invoke_creator(self)
                                         ^^^^^^^^^^^^^^^^^^^^^^^^^^
  File "E:\woltrio\DejiEMRAPI\.venv\Lib\site-packages\sqlalchemy\engine\create.py", line 574, in connect
    return dialect.connect(*cargs, **cparams)
           ^^^^^^^^^^^^^^^^^^^^^^^^^^^^^^^^^^
  File "E:\woltrio\DejiEMRAPI\.venv\Lib\site-packages\sqlalchemy\engine\default.py", line 598, in connect
    return self.dbapi.connect(*cargs, **cparams)
           ^^^^^^^^^^^^^^^^^^^^^^^^^^^^^^^^^^^^^
  File "E:\woltrio\DejiEMRAPI\.venv\Lib\site-packages\psycopg2\__init__.py", line 122, in connect
    conn = _connect(dsn, connection_factory=connection_factory, **kwasync)
           ^^^^^^^^^^^^^^^^^^^^^^^^^^^^^^^^^^^^^^^^^^^^^^^^^^^^^^^^^^^^^^^
psycopg2.OperationalError: connection to server at "localhost" (::1), port 5432 failed: FATAL:  password authentication failed for user "user"


The above exception was the direct cause of the following exception:

Traceback (most recent call last):
  File "E:\woltrio\DejiEMRAPI\app\utils\decorators.py", line 22, in decorated_function
    result = f(*args, **kwargs)
             ^^^^^^^^^^^^^^^^^^
  File "E:\woltrio\DejiEMRAPI\app\api\routes.py", line 23, in register
    if User.query.filter((User.username == data['username']) | (User.email == data['email'])).first():
       ^^^^^^^^^^^^^^^^^^^^^^^^^^^^^^^^^^^^^^^^^^^^^^^^^^^^^^^^^^^^^^^^^^^^^^^^^^^^^^^^^^^^^^^^^^^^^^
  File "E:\woltrio\DejiEMRAPI\.venv\Lib\site-packages\sqlalchemy\orm\query.py", line 2824, in first
    return self.limit(1)._iter().first()
           ^^^^^^^^^^^^^^^^^^^^^
  File "E:\woltrio\DejiEMRAPI\.venv\Lib\site-packages\sqlalchemy\orm\query.py", line 2916, in _iter
    result = self.session.execute(
             ^^^^^^^^^^^^^^^^^^^^^
  File "E:\woltrio\DejiEMRAPI\.venv\Lib\site-packages\sqlalchemy\orm\session.py", line 1716, in execute
    conn = self._connection_for_bind(bind)
           ^^^^^^^^^^^^^^^^^^^^^^^^^^^^^^^
  File "E:\woltrio\DejiEMRAPI\.venv\Lib\site-packages\sqlalchemy\orm\session.py", line 1555, in _connection_for_bind
    return self._transaction._connection_for_bind(
           ^^^^^^^^^^^^^^^^^^^^^^^^^^^^^^^^^^^^^^^
  File "E:\woltrio\DejiEMRAPI\.venv\Lib\site-packages\sqlalchemy\orm\session.py", line 750, in _connection_for_bind
    conn = bind.connect()
           ^^^^^^^^^^^^^^
  File "E:\woltrio\DejiEMRAPI\.venv\Lib\site-packages\sqlalchemy\engine\base.py", line 3325, in connect
    return self._connection_cls(self, close_with_result=close_with_result)
           ^^^^^^^^^^^^^^^^^^^^^^^^^^^^^^^^^^^^^^^^^^^^^^^^^^^^^^^^^^^^^^^
  File "E:\woltrio\DejiEMRAPI\.venv\Lib\site-packages\sqlalchemy\engine\base.py", line 96, in __init__
    else engine.raw_connection()
         ^^^^^^^^^^^^^^^^^^^^^^^
  File "E:\woltrio\DejiEMRAPI\.venv\Lib\site-packages\sqlalchemy\engine\base.py", line 3404, in raw_connection
    return self._wrap_pool_connect(self.pool.connect, _connection)
           ^^^^^^^^^^^^^^^^^^^^^^^^^^^^^^^^^^^^^^^^^^^^^^^^^^^^^^^
  File "E:\woltrio\DejiEMRAPI\.venv\Lib\site-packages\sqlalchemy\engine\base.py", line 3374, in _wrap_pool_connect
    Connection._handle_dbapi_exception_noconnection(
  File "E:\woltrio\DejiEMRAPI\.venv\Lib\site-packages\sqlalchemy\engine\base.py", line 2208, in _handle_dbapi_exception_noconnection
    util.raise_(
  File "E:\woltrio\DejiEMRAPI\.venv\Lib\site-packages\sqlalchemy\util\compat.py", line 211, in raise_
    raise exception
  File "E:\woltrio\DejiEMRAPI\.venv\Lib\site-packages\sqlalchemy\engine\base.py", line 3371, in _wrap_pool_connect
    return fn()
           ^^^^
  File "E:\woltrio\DejiEMRAPI\.venv\Lib\site-packages\sqlalchemy\pool\base.py", line 327, in connect
    return _ConnectionFairy._checkout(self)
           ^^^^^^^^^^^^^^^^^^^^^^^^^^^^^^^^
  File "E:\woltrio\DejiEMRAPI\.venv\Lib\site-packages\sqlalchemy\pool\base.py", line 894, in _checkout
    fairy = _ConnectionRecord.checkout(pool)
            ^^^^^^^^^^^^^^^^^^^^^^^^^^^^^^^^
  File "E:\woltrio\DejiEMRAPI\.venv\Lib\site-packages\sqlalchemy\pool\base.py", line 493, in checkout
    rec = pool._do_get()
          ^^^^^^^^^^^^^^
  File "E:\woltrio\DejiEMRAPI\.venv\Lib\site-packages\sqlalchemy\pool\impl.py", line 145, in _do_get
    with util.safe_reraise():
  File "E:\woltrio\DejiEMRAPI\.venv\Lib\site-packages\sqlalchemy\util\langhelpers.py", line 70, in __exit__
    compat.raise_(
  File "E:\woltrio\DejiEMRAPI\.venv\Lib\site-packages\sqlalchemy\util\compat.py", line 211, in raise_
    raise exception
  File "E:\woltrio\DejiEMRAPI\.venv\Lib\site-packages\sqlalchemy\pool\impl.py", line 143, in _do_get
    return self._create_connection()
           ^^^^^^^^^^^^^^^^^^^^^^^^^
  File "E:\woltrio\DejiEMRAPI\.venv\Lib\site-packages\sqlalchemy\pool\base.py", line 273, in _create_connection
    return _ConnectionRecord(self)
           ^^^^^^^^^^^^^^^^^^^^^^^
  File "E:\woltrio\DejiEMRAPI\.venv\Lib\site-packages\sqlalchemy\pool\base.py", line 388, in __init__
    self.__connect()
  File "E:\woltrio\DejiEMRAPI\.venv\Lib\site-packages\sqlalchemy\pool\base.py", line 690, in __connect
    with util.safe_reraise():
  File "E:\woltrio\DejiEMRAPI\.venv\Lib\site-packages\sqlalchemy\util\langhelpers.py", line 70, in __exit__
    compat.raise_(
  File "E:\woltrio\DejiEMRAPI\.venv\Lib\site-packages\sqlalchemy\util\compat.py", line 211, in raise_
    raise exception
  File "E:\woltrio\DejiEMRAPI\.venv\Lib\site-packages\sqlalchemy\pool\base.py", line 686, in __connect
    self.dbapi_connection = connection = pool._invoke_creator(self)
                                         ^^^^^^^^^^^^^^^^^^^^^^^^^^
  File "E:\woltrio\DejiEMRAPI\.venv\Lib\site-packages\sqlalchemy\engine\create.py", line 574, in connect
    return dialect.connect(*cargs, **cparams)
           ^^^^^^^^^^^^^^^^^^^^^^^^^^^^^^^^^^
  File "E:\woltrio\DejiEMRAPI\.venv\Lib\site-packages\sqlalchemy\engine\default.py", line 598, in connect
    return self.dbapi.connect(*cargs, **cparams)
           ^^^^^^^^^^^^^^^^^^^^^^^^^^^^^^^^^^^^^
  File "E:\woltrio\DejiEMRAPI\.venv\Lib\site-packages\psycopg2\__init__.py", line 122, in connect
    conn = _connect(dsn, connection_factory=connection_factory, **kwasync)
           ^^^^^^^^^^^^^^^^^^^^^^^^^^^^^^^^^^^^^^^^^^^^^^^^^^^^^^^^^^^^^^^
sqlalchemy.exc.OperationalError: (psycopg2.OperationalError) connection to server at "localhost" (::1), port 5432 failed: FATAL:  password authentication failed for user "user"

(Background on this error at: https://sqlalche.me/e/14/e3q8)

During handling of the above exception, another exception occurred:

Traceback (most recent call last):
  File "E:\woltrio\DejiEMRAPI\.venv\Lib\site-packages\sqlalchemy\engine\base.py", line 3371, in _wrap_pool_connect
    return fn()
           ^^^^
  File "E:\woltrio\DejiEMRAPI\.venv\Lib\site-packages\sqlalchemy\pool\base.py", line 327, in connect
    return _ConnectionFairy._checkout(self)
           ^^^^^^^^^^^^^^^^^^^^^^^^^^^^^^^^
  File "E:\woltrio\DejiEMRAPI\.venv\Lib\site-packages\sqlalchemy\pool\base.py", line 894, in _checkout
    fairy = _ConnectionRecord.checkout(pool)
            ^^^^^^^^^^^^^^^^^^^^^^^^^^^^^^^^
  File "E:\woltrio\DejiEMRAPI\.venv\Lib\site-packages\sqlalchemy\pool\base.py", line 493, in checkout
    rec = pool._do_get()
          ^^^^^^^^^^^^^^
  File "E:\woltrio\DejiEMRAPI\.venv\Lib\site-packages\sqlalchemy\pool\impl.py", line 145, in _do_get
    with util.safe_reraise():
  File "E:\woltrio\DejiEMRAPI\.venv\Lib\site-packages\sqlalchemy\util\langhelpers.py", line 70, in __exit__
    compat.raise_(
  File "E:\woltrio\DejiEMRAPI\.venv\Lib\site-packages\sqlalchemy\util\compat.py", line 211, in raise_
    raise exception
  File "E:\woltrio\DejiEMRAPI\.venv\Lib\site-packages\sqlalchemy\pool\impl.py", line 143, in _do_get
    return self._create_connection()
           ^^^^^^^^^^^^^^^^^^^^^^^^^
  File "E:\woltrio\DejiEMRAPI\.venv\Lib\site-packages\sqlalchemy\pool\base.py", line 273, in _create_connection
    return _ConnectionRecord(self)
           ^^^^^^^^^^^^^^^^^^^^^^^
  File "E:\woltrio\DejiEMRAPI\.venv\Lib\site-packages\sqlalchemy\pool\base.py", line 388, in __init__
    self.__connect()
  File "E:\woltrio\DejiEMRAPI\.venv\Lib\site-packages\sqlalchemy\pool\base.py", line 690, in __connect
    with util.safe_reraise():
  File "E:\woltrio\DejiEMRAPI\.venv\Lib\site-packages\sqlalchemy\util\langhelpers.py", line 70, in __exit__
    compat.raise_(
  File "E:\woltrio\DejiEMRAPI\.venv\Lib\site-packages\sqlalchemy\util\compat.py", line 211, in raise_
    raise exception
  File "E:\woltrio\DejiEMRAPI\.venv\Lib\site-packages\sqlalchemy\pool\base.py", line 686, in __connect
    self.dbapi_connection = connection = pool._invoke_creator(self)
                                         ^^^^^^^^^^^^^^^^^^^^^^^^^^
  File "E:\woltrio\DejiEMRAPI\.venv\Lib\site-packages\sqlalchemy\engine\create.py", line 574, in connect
    return dialect.connect(*cargs, **cparams)
           ^^^^^^^^^^^^^^^^^^^^^^^^^^^^^^^^^^
  File "E:\woltrio\DejiEMRAPI\.venv\Lib\site-packages\sqlalchemy\engine\default.py", line 598, in connect
    return self.dbapi.connect(*cargs, **cparams)
           ^^^^^^^^^^^^^^^^^^^^^^^^^^^^^^^^^^^^^
  File "E:\woltrio\DejiEMRAPI\.venv\Lib\site-packages\psycopg2\__init__.py", line 122, in connect
    conn = _connect(dsn, connection_factory=connection_factory, **kwasync)
           ^^^^^^^^^^^^^^^^^^^^^^^^^^^^^^^^^^^^^^^^^^^^^^^^^^^^^^^^^^^^^^^
psycopg2.OperationalError: connection to server at "localhost" (::1), port 5432 failed: FATAL:  password authentication failed for user "user"


The above exception was the direct cause of the following exception:

Traceback (most recent call last):
  File "E:\woltrio\DejiEMRAPI\.venv\Lib\site-packages\flask\app.py", line 2190, in wsgi_app
    response = self.full_dispatch_request()
               ^^^^^^^^^^^^^^^^^^^^^^^^^^^^
  File "E:\woltrio\DejiEMRAPI\.venv\Lib\site-packages\flask\app.py", line 1486, in full_dispatch_request
    rv = self.handle_user_exception(e)
         ^^^^^^^^^^^^^^^^^^^^^^^^^^^^^
  File "E:\woltrio\DejiEMRAPI\.venv\Lib\site-packages\flask_cors\extension.py", line 176, in wrapped_function
    return cors_after_request(app.make_response(f(*args, **kwargs)))
                                                ^^^^^^^^^^^^^^^^^^
  File "E:\woltrio\DejiEMRAPI\.venv\Lib\site-packages\flask\app.py", line 1484, in full_dispatch_request
    rv = self.dispatch_request()
         ^^^^^^^^^^^^^^^^^^^^^^^
  File "E:\woltrio\DejiEMRAPI\.venv\Lib\site-packages\flask\app.py", line 1469, in dispatch_request
    return self.ensure_sync(self.view_functions[rule.endpoint])(**view_args)
           ^^^^^^^^^^^^^^^^^^^^^^^^^^^^^^^^^^^^^^^^^^^^^^^^^^^^^^^^^^^^^^^^^
  File "E:\woltrio\DejiEMRAPI\.venv\Lib\site-packages\flask_limiter\extension.py", line 1145, in __inner
    R, flask.current_app.ensure_sync(cast(Callable[P, R], obj))(*a, **k)
       ^^^^^^^^^^^^^^^^^^^^^^^^^^^^^^^^^^^^^^^^^^^^^^^^^^^^^^^^^^^^^^^^^
  File "E:\woltrio\DejiEMRAPI\app\utils\decorators.py", line 40, in decorated_function
    db.session.commit()
  File "<string>", line 2, in commit
  File "E:\woltrio\DejiEMRAPI\.venv\Lib\site-packages\sqlalchemy\orm\session.py", line 1454, in commit
    self._transaction.commit(_to_root=self.future)
  File "E:\woltrio\DejiEMRAPI\.venv\Lib\site-packages\sqlalchemy\orm\session.py", line 832, in commit
    self._prepare_impl()
  File "E:\woltrio\DejiEMRAPI\.venv\Lib\site-packages\sqlalchemy\orm\session.py", line 811, in _prepare_impl
    self.session.flush()
  File "E:\woltrio\DejiEMRAPI\.venv\Lib\site-packages\sqlalchemy\orm\session.py", line 3449, in flush
    self._flush(objects)
  File "E:\woltrio\DejiEMRAPI\.venv\Lib\site-packages\sqlalchemy\orm\session.py", line 3588, in _flush
    with util.safe_reraise():
  File "E:\woltrio\DejiEMRAPI\.venv\Lib\site-packages\sqlalchemy\util\langhelpers.py", line 70, in __exit__
    compat.raise_(
  File "E:\woltrio\DejiEMRAPI\.venv\Lib\site-packages\sqlalchemy\util\compat.py", line 211, in raise_
    raise exception
  File "E:\woltrio\DejiEMRAPI\.venv\Lib\site-packages\sqlalchemy\orm\session.py", line 3549, in _flush
    flush_context.execute()
  File "E:\woltrio\DejiEMRAPI\.venv\Lib\site-packages\sqlalchemy\orm\unitofwork.py", line 456, in execute
    rec.execute(self)
  File "E:\woltrio\DejiEMRAPI\.venv\Lib\site-packages\sqlalchemy\orm\unitofwork.py", line 630, in execute
    util.preloaded.orm_persistence.save_obj(
  File "E:\woltrio\DejiEMRAPI\.venv\Lib\site-packages\sqlalchemy\orm\persistence.py", line 212, in save_obj
    for (
  File "E:\woltrio\DejiEMRAPI\.venv\Lib\site-packages\sqlalchemy\orm\persistence.py", line 373, in _organize_states_for_save
    for state, dict_, mapper, connection in _connections_for_states(
  File "E:\woltrio\DejiEMRAPI\.venv\Lib\site-packages\sqlalchemy\orm\persistence.py", line 1737, in _connections_for_states
    connection = uowtransaction.transaction.connection(base_mapper)
                 ^^^^^^^^^^^^^^^^^^^^^^^^^^^^^^^^^^^^^^^^^^^^^^^^^^
  File "E:\woltrio\DejiEMRAPI\.venv\Lib\site-packages\sqlalchemy\orm\session.py", line 629, in connection
    return self._connection_for_bind(bind, execution_options)
           ^^^^^^^^^^^^^^^^^^^^^^^^^^^^^^^^^^^^^^^^^^^^^^^^^^
  File "E:\woltrio\DejiEMRAPI\.venv\Lib\site-packages\sqlalchemy\orm\session.py", line 738, in _connection_for_bind
    conn = self._parent._connection_for_bind(bind, execution_options)
           ^^^^^^^^^^^^^^^^^^^^^^^^^^^^^^^^^^^^^^^^^^^^^^^^^^^^^^^^^^
  File "E:\woltrio\DejiEMRAPI\.venv\Lib\site-packages\sqlalchemy\orm\session.py", line 750, in _connection_for_bind
    conn = bind.connect()
           ^^^^^^^^^^^^^^
  File "E:\woltrio\DejiEMRAPI\.venv\Lib\site-packages\sqlalchemy\engine\base.py", line 3325, in connect
    return self._connection_cls(self, close_with_result=close_with_result)
           ^^^^^^^^^^^^^^^^^^^^^^^^^^^^^^^^^^^^^^^^^^^^^^^^^^^^^^^^^^^^^^^
  File "E:\woltrio\DejiEMRAPI\.venv\Lib\site-packages\sqlalchemy\engine\base.py", line 96, in __init__
    else engine.raw_connection()
         ^^^^^^^^^^^^^^^^^^^^^^^
  File "E:\woltrio\DejiEMRAPI\.venv\Lib\site-packages\sqlalchemy\engine\base.py", line 3404, in raw_connection
    return self._wrap_pool_connect(self.pool.connect, _connection)
           ^^^^^^^^^^^^^^^^^^^^^^^^^^^^^^^^^^^^^^^^^^^^^^^^^^^^^^^
  File "E:\woltrio\DejiEMRAPI\.venv\Lib\site-packages\sqlalchemy\engine\base.py", line 3374, in _wrap_pool_connect
    Connection._handle_dbapi_exception_noconnection(
  File "E:\woltrio\DejiEMRAPI\.venv\Lib\site-packages\sqlalchemy\engine\base.py", line 2208, in _handle_dbapi_exception_noconnection
    util.raise_(
  File "E:\woltrio\DejiEMRAPI\.venv\Lib\site-packages\sqlalchemy\util\compat.py", line 211, in raise_
    raise exception
  File "E:\woltrio\DejiEMRAPI\.venv\Lib\site-packages\sqlalchemy\engine\base.py", line 3371, in _wrap_pool_connect
    return fn()
           ^^^^
  File "E:\woltrio\DejiEMRAPI\.venv\Lib\site-packages\sqlalchemy\pool\base.py", line 327, in connect
    return _ConnectionFairy._checkout(self)
           ^^^^^^^^^^^^^^^^^^^^^^^^^^^^^^^^
  File "E:\woltrio\DejiEMRAPI\.venv\Lib\site-packages\sqlalchemy\pool\base.py", line 894, in _checkout
    fairy = _ConnectionRecord.checkout(pool)
            ^^^^^^^^^^^^^^^^^^^^^^^^^^^^^^^^
  File "E:\woltrio\DejiEMRAPI\.venv\Lib\site-packages\sqlalchemy\pool\base.py", line 493, in checkout
    rec = pool._do_get()
          ^^^^^^^^^^^^^^
  File "E:\woltrio\DejiEMRAPI\.venv\Lib\site-packages\sqlalchemy\pool\impl.py", line 145, in _do_get
    with util.safe_reraise():
  File "E:\woltrio\DejiEMRAPI\.venv\Lib\site-packages\sqlalchemy\util\langhelpers.py", line 70, in __exit__
    compat.raise_(
  File "E:\woltrio\DejiEMRAPI\.venv\Lib\site-packages\sqlalchemy\util\compat.py", line 211, in raise_
    raise exception
  File "E:\woltrio\DejiEMRAPI\.venv\Lib\site-packages\sqlalchemy\pool\impl.py", line 143, in _do_get
    return self._create_connection()
           ^^^^^^^^^^^^^^^^^^^^^^^^^
  File "E:\woltrio\DejiEMRAPI\.venv\Lib\site-packages\sqlalchemy\pool\base.py", line 273, in _create_connection
    return _ConnectionRecord(self)
           ^^^^^^^^^^^^^^^^^^^^^^^
  File "E:\woltrio\DejiEMRAPI\.venv\Lib\site-packages\sqlalchemy\pool\base.py", line 388, in __init__
    self.__connect()
  File "E:\woltrio\DejiEMRAPI\.venv\Lib\site-packages\sqlalchemy\pool\base.py", line 690, in __connect
    with util.safe_reraise():
  File "E:\woltrio\DejiEMRAPI\.venv\Lib\site-packages\sqlalchemy\util\langhelpers.py", line 70, in __exit__
    compat.raise_(
  File "E:\woltrio\DejiEMRAPI\.venv\Lib\site-packages\sqlalchemy\util\compat.py", line 211, in raise_
    raise exception
  File "E:\woltrio\DejiEMRAPI\.venv\Lib\site-packages\sqlalchemy\pool\base.py", line 686, in __connect
    self.dbapi_connection = connection = pool._invoke_creator(self)
                                         ^^^^^^^^^^^^^^^^^^^^^^^^^^
  File "E:\woltrio\DejiEMRAPI\.venv\Lib\site-packages\sqlalchemy\engine\create.py", line 574, in connect
    return dialect.connect(*cargs, **cparams)
           ^^^^^^^^^^^^^^^^^^^^^^^^^^^^^^^^^^
  File "E:\woltrio\DejiEMRAPI\.venv\Lib\site-packages\sqlalchemy\engine\default.py", line 598, in connect
    return self.dbapi.connect(*cargs, **cparams)
           ^^^^^^^^^^^^^^^^^^^^^^^^^^^^^^^^^^^^^
  File "E:\woltrio\DejiEMRAPI\.venv\Lib\site-packages\psycopg2\__init__.py", line 122, in connect
    conn = _connect(dsn, connection_factory=connection_factory, **kwasync)
           ^^^^^^^^^^^^^^^^^^^^^^^^^^^^^^^^^^^^^^^^^^^^^^^^^^^^^^^^^^^^^^^
sqlalchemy.exc.OperationalError: (psycopg2.OperationalError) connection to server at "localhost" (::1), port 5432 failed: FATAL:  password authentication failed for user "user"

(Background on this error at: https://sqlalche.me/e/14/e3q8)
2025-08-19 12:44:27,943 - HIPAA_AUDIT - ERROR - Internal server error: 500 Internal Server Error: The server encountered an internal error and was unable to complete your request. Either the server is overloaded or there is an error in the application.
2025-08-19 12:44:27,944 - werkzeug - INFO - 127.0.0.1 - - [19/Aug/2025 12:44:27] "[35m[1mPOST /api/auth/register HTTP/1.1[0m" 500 -
2025-08-19 12:50:36,206 - flask_migrate - ERROR - Error: Path doesn't exist: migrations.  Please use the 'init' command to create a new scripts folder.
2025-08-19 12:51:00,037 - flask_migrate - ERROR - Error: Path doesn't exist: migrations.  Please use the 'init' command to create a new scripts folder.
2025-08-19 12:51:38,439 - flask_migrate - ERROR - Error: Path doesn't exist: migrations.  Please use the 'init' command to create a new scripts folder.
2025-08-19 12:54:41,711 - flask_migrate - ERROR - Error: Path doesn't exist: migrations.  Please use the 'init' command to create a new scripts folder.
2025-08-19 12:56:25,422 - flask_migrate - ERROR - Error: Path doesn't exist: migrations.  Please use the 'init' command to create a new scripts folder.
2025-08-19 12:59:12,145 - werkzeug - INFO - [31m[1mWARNING: This is a development server. Do not use it in a production deployment. Use a production WSGI server instead.[0m
 * Running on https://127.0.0.1:5000
2025-08-19 12:59:12,145 - werkzeug - INFO - [33mPress CTRL+C to quit[0m
2025-08-19 12:59:17,021 - app - ERROR - Exception on /api/auth/register [POST]
Traceback (most recent call last):
  File "E:\woltrio\DejiEMRAPI\.venv\Lib\site-packages\sqlalchemy\engine\base.py", line 3371, in _wrap_pool_connect
    return fn()
           ^^^^
  File "E:\woltrio\DejiEMRAPI\.venv\Lib\site-packages\sqlalchemy\pool\base.py", line 327, in connect
    return _ConnectionFairy._checkout(self)
           ^^^^^^^^^^^^^^^^^^^^^^^^^^^^^^^^
  File "E:\woltrio\DejiEMRAPI\.venv\Lib\site-packages\sqlalchemy\pool\base.py", line 894, in _checkout
    fairy = _ConnectionRecord.checkout(pool)
            ^^^^^^^^^^^^^^^^^^^^^^^^^^^^^^^^
  File "E:\woltrio\DejiEMRAPI\.venv\Lib\site-packages\sqlalchemy\pool\base.py", line 493, in checkout
    rec = pool._do_get()
          ^^^^^^^^^^^^^^
  File "E:\woltrio\DejiEMRAPI\.venv\Lib\site-packages\sqlalchemy\pool\impl.py", line 145, in _do_get
    with util.safe_reraise():
  File "E:\woltrio\DejiEMRAPI\.venv\Lib\site-packages\sqlalchemy\util\langhelpers.py", line 70, in __exit__
    compat.raise_(
  File "E:\woltrio\DejiEMRAPI\.venv\Lib\site-packages\sqlalchemy\util\compat.py", line 211, in raise_
    raise exception
  File "E:\woltrio\DejiEMRAPI\.venv\Lib\site-packages\sqlalchemy\pool\impl.py", line 143, in _do_get
    return self._create_connection()
           ^^^^^^^^^^^^^^^^^^^^^^^^^
  File "E:\woltrio\DejiEMRAPI\.venv\Lib\site-packages\sqlalchemy\pool\base.py", line 273, in _create_connection
    return _ConnectionRecord(self)
           ^^^^^^^^^^^^^^^^^^^^^^^
  File "E:\woltrio\DejiEMRAPI\.venv\Lib\site-packages\sqlalchemy\pool\base.py", line 388, in __init__
    self.__connect()
  File "E:\woltrio\DejiEMRAPI\.venv\Lib\site-packages\sqlalchemy\pool\base.py", line 690, in __connect
    with util.safe_reraise():
  File "E:\woltrio\DejiEMRAPI\.venv\Lib\site-packages\sqlalchemy\util\langhelpers.py", line 70, in __exit__
    compat.raise_(
  File "E:\woltrio\DejiEMRAPI\.venv\Lib\site-packages\sqlalchemy\util\compat.py", line 211, in raise_
    raise exception
  File "E:\woltrio\DejiEMRAPI\.venv\Lib\site-packages\sqlalchemy\pool\base.py", line 686, in __connect
    self.dbapi_connection = connection = pool._invoke_creator(self)
                                         ^^^^^^^^^^^^^^^^^^^^^^^^^^
  File "E:\woltrio\DejiEMRAPI\.venv\Lib\site-packages\sqlalchemy\engine\create.py", line 574, in connect
    return dialect.connect(*cargs, **cparams)
           ^^^^^^^^^^^^^^^^^^^^^^^^^^^^^^^^^^
  File "E:\woltrio\DejiEMRAPI\.venv\Lib\site-packages\sqlalchemy\engine\default.py", line 598, in connect
    return self.dbapi.connect(*cargs, **cparams)
           ^^^^^^^^^^^^^^^^^^^^^^^^^^^^^^^^^^^^^
  File "E:\woltrio\DejiEMRAPI\.venv\Lib\site-packages\psycopg2\__init__.py", line 122, in connect
    conn = _connect(dsn, connection_factory=connection_factory, **kwasync)
           ^^^^^^^^^^^^^^^^^^^^^^^^^^^^^^^^^^^^^^^^^^^^^^^^^^^^^^^^^^^^^^^
psycopg2.OperationalError: connection to server at "localhost" (::1), port 5432 failed: FATAL:  password authentication failed for user "user"


The above exception was the direct cause of the following exception:

Traceback (most recent call last):
  File "E:\woltrio\DejiEMRAPI\app\utils\decorators.py", line 22, in decorated_function
    result = f(*args, **kwargs)
             ^^^^^^^^^^^^^^^^^^
  File "E:\woltrio\DejiEMRAPI\app\api\routes.py", line 23, in register
    if User.query.filter((User.username == data['username']) | (User.email == data['email'])).first():
       ^^^^^^^^^^^^^^^^^^^^^^^^^^^^^^^^^^^^^^^^^^^^^^^^^^^^^^^^^^^^^^^^^^^^^^^^^^^^^^^^^^^^^^^^^^^^^^
  File "E:\woltrio\DejiEMRAPI\.venv\Lib\site-packages\sqlalchemy\orm\query.py", line 2824, in first
    return self.limit(1)._iter().first()
           ^^^^^^^^^^^^^^^^^^^^^
  File "E:\woltrio\DejiEMRAPI\.venv\Lib\site-packages\sqlalchemy\orm\query.py", line 2916, in _iter
    result = self.session.execute(
             ^^^^^^^^^^^^^^^^^^^^^
  File "E:\woltrio\DejiEMRAPI\.venv\Lib\site-packages\sqlalchemy\orm\session.py", line 1716, in execute
    conn = self._connection_for_bind(bind)
           ^^^^^^^^^^^^^^^^^^^^^^^^^^^^^^^
  File "E:\woltrio\DejiEMRAPI\.venv\Lib\site-packages\sqlalchemy\orm\session.py", line 1555, in _connection_for_bind
    return self._transaction._connection_for_bind(
           ^^^^^^^^^^^^^^^^^^^^^^^^^^^^^^^^^^^^^^^
  File "E:\woltrio\DejiEMRAPI\.venv\Lib\site-packages\sqlalchemy\orm\session.py", line 750, in _connection_for_bind
    conn = bind.connect()
           ^^^^^^^^^^^^^^
  File "E:\woltrio\DejiEMRAPI\.venv\Lib\site-packages\sqlalchemy\engine\base.py", line 3325, in connect
    return self._connection_cls(self, close_with_result=close_with_result)
           ^^^^^^^^^^^^^^^^^^^^^^^^^^^^^^^^^^^^^^^^^^^^^^^^^^^^^^^^^^^^^^^
  File "E:\woltrio\DejiEMRAPI\.venv\Lib\site-packages\sqlalchemy\engine\base.py", line 96, in __init__
    else engine.raw_connection()
         ^^^^^^^^^^^^^^^^^^^^^^^
  File "E:\woltrio\DejiEMRAPI\.venv\Lib\site-packages\sqlalchemy\engine\base.py", line 3404, in raw_connection
    return self._wrap_pool_connect(self.pool.connect, _connection)
           ^^^^^^^^^^^^^^^^^^^^^^^^^^^^^^^^^^^^^^^^^^^^^^^^^^^^^^^
  File "E:\woltrio\DejiEMRAPI\.venv\Lib\site-packages\sqlalchemy\engine\base.py", line 3374, in _wrap_pool_connect
    Connection._handle_dbapi_exception_noconnection(
  File "E:\woltrio\DejiEMRAPI\.venv\Lib\site-packages\sqlalchemy\engine\base.py", line 2208, in _handle_dbapi_exception_noconnection
    util.raise_(
  File "E:\woltrio\DejiEMRAPI\.venv\Lib\site-packages\sqlalchemy\util\compat.py", line 211, in raise_
    raise exception
  File "E:\woltrio\DejiEMRAPI\.venv\Lib\site-packages\sqlalchemy\engine\base.py", line 3371, in _wrap_pool_connect
    return fn()
           ^^^^
  File "E:\woltrio\DejiEMRAPI\.venv\Lib\site-packages\sqlalchemy\pool\base.py", line 327, in connect
    return _ConnectionFairy._checkout(self)
           ^^^^^^^^^^^^^^^^^^^^^^^^^^^^^^^^
  File "E:\woltrio\DejiEMRAPI\.venv\Lib\site-packages\sqlalchemy\pool\base.py", line 894, in _checkout
    fairy = _ConnectionRecord.checkout(pool)
            ^^^^^^^^^^^^^^^^^^^^^^^^^^^^^^^^
  File "E:\woltrio\DejiEMRAPI\.venv\Lib\site-packages\sqlalchemy\pool\base.py", line 493, in checkout
    rec = pool._do_get()
          ^^^^^^^^^^^^^^
  File "E:\woltrio\DejiEMRAPI\.venv\Lib\site-packages\sqlalchemy\pool\impl.py", line 145, in _do_get
    with util.safe_reraise():
  File "E:\woltrio\DejiEMRAPI\.venv\Lib\site-packages\sqlalchemy\util\langhelpers.py", line 70, in __exit__
    compat.raise_(
  File "E:\woltrio\DejiEMRAPI\.venv\Lib\site-packages\sqlalchemy\util\compat.py", line 211, in raise_
    raise exception
  File "E:\woltrio\DejiEMRAPI\.venv\Lib\site-packages\sqlalchemy\pool\impl.py", line 143, in _do_get
    return self._create_connection()
           ^^^^^^^^^^^^^^^^^^^^^^^^^
  File "E:\woltrio\DejiEMRAPI\.venv\Lib\site-packages\sqlalchemy\pool\base.py", line 273, in _create_connection
    return _ConnectionRecord(self)
           ^^^^^^^^^^^^^^^^^^^^^^^
  File "E:\woltrio\DejiEMRAPI\.venv\Lib\site-packages\sqlalchemy\pool\base.py", line 388, in __init__
    self.__connect()
  File "E:\woltrio\DejiEMRAPI\.venv\Lib\site-packages\sqlalchemy\pool\base.py", line 690, in __connect
    with util.safe_reraise():
  File "E:\woltrio\DejiEMRAPI\.venv\Lib\site-packages\sqlalchemy\util\langhelpers.py", line 70, in __exit__
    compat.raise_(
  File "E:\woltrio\DejiEMRAPI\.venv\Lib\site-packages\sqlalchemy\util\compat.py", line 211, in raise_
    raise exception
  File "E:\woltrio\DejiEMRAPI\.venv\Lib\site-packages\sqlalchemy\pool\base.py", line 686, in __connect
    self.dbapi_connection = connection = pool._invoke_creator(self)
                                         ^^^^^^^^^^^^^^^^^^^^^^^^^^
  File "E:\woltrio\DejiEMRAPI\.venv\Lib\site-packages\sqlalchemy\engine\create.py", line 574, in connect
    return dialect.connect(*cargs, **cparams)
           ^^^^^^^^^^^^^^^^^^^^^^^^^^^^^^^^^^
  File "E:\woltrio\DejiEMRAPI\.venv\Lib\site-packages\sqlalchemy\engine\default.py", line 598, in connect
    return self.dbapi.connect(*cargs, **cparams)
           ^^^^^^^^^^^^^^^^^^^^^^^^^^^^^^^^^^^^^
  File "E:\woltrio\DejiEMRAPI\.venv\Lib\site-packages\psycopg2\__init__.py", line 122, in connect
    conn = _connect(dsn, connection_factory=connection_factory, **kwasync)
           ^^^^^^^^^^^^^^^^^^^^^^^^^^^^^^^^^^^^^^^^^^^^^^^^^^^^^^^^^^^^^^^
sqlalchemy.exc.OperationalError: (psycopg2.OperationalError) connection to server at "localhost" (::1), port 5432 failed: FATAL:  password authentication failed for user "user"

(Background on this error at: https://sqlalche.me/e/14/e3q8)

During handling of the above exception, another exception occurred:

Traceback (most recent call last):
  File "E:\woltrio\DejiEMRAPI\.venv\Lib\site-packages\sqlalchemy\engine\base.py", line 3371, in _wrap_pool_connect
    return fn()
           ^^^^
  File "E:\woltrio\DejiEMRAPI\.venv\Lib\site-packages\sqlalchemy\pool\base.py", line 327, in connect
    return _ConnectionFairy._checkout(self)
           ^^^^^^^^^^^^^^^^^^^^^^^^^^^^^^^^
  File "E:\woltrio\DejiEMRAPI\.venv\Lib\site-packages\sqlalchemy\pool\base.py", line 894, in _checkout
    fairy = _ConnectionRecord.checkout(pool)
            ^^^^^^^^^^^^^^^^^^^^^^^^^^^^^^^^
  File "E:\woltrio\DejiEMRAPI\.venv\Lib\site-packages\sqlalchemy\pool\base.py", line 493, in checkout
    rec = pool._do_get()
          ^^^^^^^^^^^^^^
  File "E:\woltrio\DejiEMRAPI\.venv\Lib\site-packages\sqlalchemy\pool\impl.py", line 145, in _do_get
    with util.safe_reraise():
  File "E:\woltrio\DejiEMRAPI\.venv\Lib\site-packages\sqlalchemy\util\langhelpers.py", line 70, in __exit__
    compat.raise_(
  File "E:\woltrio\DejiEMRAPI\.venv\Lib\site-packages\sqlalchemy\util\compat.py", line 211, in raise_
    raise exception
  File "E:\woltrio\DejiEMRAPI\.venv\Lib\site-packages\sqlalchemy\pool\impl.py", line 143, in _do_get
    return self._create_connection()
           ^^^^^^^^^^^^^^^^^^^^^^^^^
  File "E:\woltrio\DejiEMRAPI\.venv\Lib\site-packages\sqlalchemy\pool\base.py", line 273, in _create_connection
    return _ConnectionRecord(self)
           ^^^^^^^^^^^^^^^^^^^^^^^
  File "E:\woltrio\DejiEMRAPI\.venv\Lib\site-packages\sqlalchemy\pool\base.py", line 388, in __init__
    self.__connect()
  File "E:\woltrio\DejiEMRAPI\.venv\Lib\site-packages\sqlalchemy\pool\base.py", line 690, in __connect
    with util.safe_reraise():
  File "E:\woltrio\DejiEMRAPI\.venv\Lib\site-packages\sqlalchemy\util\langhelpers.py", line 70, in __exit__
    compat.raise_(
  File "E:\woltrio\DejiEMRAPI\.venv\Lib\site-packages\sqlalchemy\util\compat.py", line 211, in raise_
    raise exception
  File "E:\woltrio\DejiEMRAPI\.venv\Lib\site-packages\sqlalchemy\pool\base.py", line 686, in __connect
    self.dbapi_connection = connection = pool._invoke_creator(self)
                                         ^^^^^^^^^^^^^^^^^^^^^^^^^^
  File "E:\woltrio\DejiEMRAPI\.venv\Lib\site-packages\sqlalchemy\engine\create.py", line 574, in connect
    return dialect.connect(*cargs, **cparams)
           ^^^^^^^^^^^^^^^^^^^^^^^^^^^^^^^^^^
  File "E:\woltrio\DejiEMRAPI\.venv\Lib\site-packages\sqlalchemy\engine\default.py", line 598, in connect
    return self.dbapi.connect(*cargs, **cparams)
           ^^^^^^^^^^^^^^^^^^^^^^^^^^^^^^^^^^^^^
  File "E:\woltrio\DejiEMRAPI\.venv\Lib\site-packages\psycopg2\__init__.py", line 122, in connect
    conn = _connect(dsn, connection_factory=connection_factory, **kwasync)
           ^^^^^^^^^^^^^^^^^^^^^^^^^^^^^^^^^^^^^^^^^^^^^^^^^^^^^^^^^^^^^^^
psycopg2.OperationalError: connection to server at "localhost" (::1), port 5432 failed: FATAL:  password authentication failed for user "user"


The above exception was the direct cause of the following exception:

Traceback (most recent call last):
  File "E:\woltrio\DejiEMRAPI\.venv\Lib\site-packages\flask\app.py", line 2190, in wsgi_app
    response = self.full_dispatch_request()
               ^^^^^^^^^^^^^^^^^^^^^^^^^^^^
  File "E:\woltrio\DejiEMRAPI\.venv\Lib\site-packages\flask\app.py", line 1486, in full_dispatch_request
    rv = self.handle_user_exception(e)
         ^^^^^^^^^^^^^^^^^^^^^^^^^^^^^
  File "E:\woltrio\DejiEMRAPI\.venv\Lib\site-packages\flask_cors\extension.py", line 176, in wrapped_function
    return cors_after_request(app.make_response(f(*args, **kwargs)))
                                                ^^^^^^^^^^^^^^^^^^
  File "E:\woltrio\DejiEMRAPI\.venv\Lib\site-packages\flask\app.py", line 1484, in full_dispatch_request
    rv = self.dispatch_request()
         ^^^^^^^^^^^^^^^^^^^^^^^
  File "E:\woltrio\DejiEMRAPI\.venv\Lib\site-packages\flask\app.py", line 1469, in dispatch_request
    return self.ensure_sync(self.view_functions[rule.endpoint])(**view_args)
           ^^^^^^^^^^^^^^^^^^^^^^^^^^^^^^^^^^^^^^^^^^^^^^^^^^^^^^^^^^^^^^^^^
  File "E:\woltrio\DejiEMRAPI\.venv\Lib\site-packages\flask_limiter\extension.py", line 1145, in __inner
    R, flask.current_app.ensure_sync(cast(Callable[P, R], obj))(*a, **k)
       ^^^^^^^^^^^^^^^^^^^^^^^^^^^^^^^^^^^^^^^^^^^^^^^^^^^^^^^^^^^^^^^^^
  File "E:\woltrio\DejiEMRAPI\app\utils\decorators.py", line 40, in decorated_function
    db.session.commit()
  File "<string>", line 2, in commit
  File "E:\woltrio\DejiEMRAPI\.venv\Lib\site-packages\sqlalchemy\orm\session.py", line 1454, in commit
    self._transaction.commit(_to_root=self.future)
  File "E:\woltrio\DejiEMRAPI\.venv\Lib\site-packages\sqlalchemy\orm\session.py", line 832, in commit
    self._prepare_impl()
  File "E:\woltrio\DejiEMRAPI\.venv\Lib\site-packages\sqlalchemy\orm\session.py", line 811, in _prepare_impl
    self.session.flush()
  File "E:\woltrio\DejiEMRAPI\.venv\Lib\site-packages\sqlalchemy\orm\session.py", line 3449, in flush
    self._flush(objects)
  File "E:\woltrio\DejiEMRAPI\.venv\Lib\site-packages\sqlalchemy\orm\session.py", line 3588, in _flush
    with util.safe_reraise():
  File "E:\woltrio\DejiEMRAPI\.venv\Lib\site-packages\sqlalchemy\util\langhelpers.py", line 70, in __exit__
    compat.raise_(
  File "E:\woltrio\DejiEMRAPI\.venv\Lib\site-packages\sqlalchemy\util\compat.py", line 211, in raise_
    raise exception
  File "E:\woltrio\DejiEMRAPI\.venv\Lib\site-packages\sqlalchemy\orm\session.py", line 3549, in _flush
    flush_context.execute()
  File "E:\woltrio\DejiEMRAPI\.venv\Lib\site-packages\sqlalchemy\orm\unitofwork.py", line 456, in execute
    rec.execute(self)
  File "E:\woltrio\DejiEMRAPI\.venv\Lib\site-packages\sqlalchemy\orm\unitofwork.py", line 630, in execute
    util.preloaded.orm_persistence.save_obj(
  File "E:\woltrio\DejiEMRAPI\.venv\Lib\site-packages\sqlalchemy\orm\persistence.py", line 212, in save_obj
    for (
  File "E:\woltrio\DejiEMRAPI\.venv\Lib\site-packages\sqlalchemy\orm\persistence.py", line 373, in _organize_states_for_save
    for state, dict_, mapper, connection in _connections_for_states(
  File "E:\woltrio\DejiEMRAPI\.venv\Lib\site-packages\sqlalchemy\orm\persistence.py", line 1737, in _connections_for_states
    connection = uowtransaction.transaction.connection(base_mapper)
                 ^^^^^^^^^^^^^^^^^^^^^^^^^^^^^^^^^^^^^^^^^^^^^^^^^^
  File "E:\woltrio\DejiEMRAPI\.venv\Lib\site-packages\sqlalchemy\orm\session.py", line 629, in connection
    return self._connection_for_bind(bind, execution_options)
           ^^^^^^^^^^^^^^^^^^^^^^^^^^^^^^^^^^^^^^^^^^^^^^^^^^
  File "E:\woltrio\DejiEMRAPI\.venv\Lib\site-packages\sqlalchemy\orm\session.py", line 738, in _connection_for_bind
    conn = self._parent._connection_for_bind(bind, execution_options)
           ^^^^^^^^^^^^^^^^^^^^^^^^^^^^^^^^^^^^^^^^^^^^^^^^^^^^^^^^^^
  File "E:\woltrio\DejiEMRAPI\.venv\Lib\site-packages\sqlalchemy\orm\session.py", line 750, in _connection_for_bind
    conn = bind.connect()
           ^^^^^^^^^^^^^^
  File "E:\woltrio\DejiEMRAPI\.venv\Lib\site-packages\sqlalchemy\engine\base.py", line 3325, in connect
    return self._connection_cls(self, close_with_result=close_with_result)
           ^^^^^^^^^^^^^^^^^^^^^^^^^^^^^^^^^^^^^^^^^^^^^^^^^^^^^^^^^^^^^^^
  File "E:\woltrio\DejiEMRAPI\.venv\Lib\site-packages\sqlalchemy\engine\base.py", line 96, in __init__
    else engine.raw_connection()
         ^^^^^^^^^^^^^^^^^^^^^^^
  File "E:\woltrio\DejiEMRAPI\.venv\Lib\site-packages\sqlalchemy\engine\base.py", line 3404, in raw_connection
    return self._wrap_pool_connect(self.pool.connect, _connection)
           ^^^^^^^^^^^^^^^^^^^^^^^^^^^^^^^^^^^^^^^^^^^^^^^^^^^^^^^
  File "E:\woltrio\DejiEMRAPI\.venv\Lib\site-packages\sqlalchemy\engine\base.py", line 3374, in _wrap_pool_connect
    Connection._handle_dbapi_exception_noconnection(
  File "E:\woltrio\DejiEMRAPI\.venv\Lib\site-packages\sqlalchemy\engine\base.py", line 2208, in _handle_dbapi_exception_noconnection
    util.raise_(
  File "E:\woltrio\DejiEMRAPI\.venv\Lib\site-packages\sqlalchemy\util\compat.py", line 211, in raise_
    raise exception
  File "E:\woltrio\DejiEMRAPI\.venv\Lib\site-packages\sqlalchemy\engine\base.py", line 3371, in _wrap_pool_connect
    return fn()
           ^^^^
  File "E:\woltrio\DejiEMRAPI\.venv\Lib\site-packages\sqlalchemy\pool\base.py", line 327, in connect
    return _ConnectionFairy._checkout(self)
           ^^^^^^^^^^^^^^^^^^^^^^^^^^^^^^^^
  File "E:\woltrio\DejiEMRAPI\.venv\Lib\site-packages\sqlalchemy\pool\base.py", line 894, in _checkout
    fairy = _ConnectionRecord.checkout(pool)
            ^^^^^^^^^^^^^^^^^^^^^^^^^^^^^^^^
  File "E:\woltrio\DejiEMRAPI\.venv\Lib\site-packages\sqlalchemy\pool\base.py", line 493, in checkout
    rec = pool._do_get()
          ^^^^^^^^^^^^^^
  File "E:\woltrio\DejiEMRAPI\.venv\Lib\site-packages\sqlalchemy\pool\impl.py", line 145, in _do_get
    with util.safe_reraise():
  File "E:\woltrio\DejiEMRAPI\.venv\Lib\site-packages\sqlalchemy\util\langhelpers.py", line 70, in __exit__
    compat.raise_(
  File "E:\woltrio\DejiEMRAPI\.venv\Lib\site-packages\sqlalchemy\util\compat.py", line 211, in raise_
    raise exception
  File "E:\woltrio\DejiEMRAPI\.venv\Lib\site-packages\sqlalchemy\pool\impl.py", line 143, in _do_get
    return self._create_connection()
           ^^^^^^^^^^^^^^^^^^^^^^^^^
  File "E:\woltrio\DejiEMRAPI\.venv\Lib\site-packages\sqlalchemy\pool\base.py", line 273, in _create_connection
    return _ConnectionRecord(self)
           ^^^^^^^^^^^^^^^^^^^^^^^
  File "E:\woltrio\DejiEMRAPI\.venv\Lib\site-packages\sqlalchemy\pool\base.py", line 388, in __init__
    self.__connect()
  File "E:\woltrio\DejiEMRAPI\.venv\Lib\site-packages\sqlalchemy\pool\base.py", line 690, in __connect
    with util.safe_reraise():
  File "E:\woltrio\DejiEMRAPI\.venv\Lib\site-packages\sqlalchemy\util\langhelpers.py", line 70, in __exit__
    compat.raise_(
  File "E:\woltrio\DejiEMRAPI\.venv\Lib\site-packages\sqlalchemy\util\compat.py", line 211, in raise_
    raise exception
  File "E:\woltrio\DejiEMRAPI\.venv\Lib\site-packages\sqlalchemy\pool\base.py", line 686, in __connect
    self.dbapi_connection = connection = pool._invoke_creator(self)
                                         ^^^^^^^^^^^^^^^^^^^^^^^^^^
  File "E:\woltrio\DejiEMRAPI\.venv\Lib\site-packages\sqlalchemy\engine\create.py", line 574, in connect
    return dialect.connect(*cargs, **cparams)
           ^^^^^^^^^^^^^^^^^^^^^^^^^^^^^^^^^^
  File "E:\woltrio\DejiEMRAPI\.venv\Lib\site-packages\sqlalchemy\engine\default.py", line 598, in connect
    return self.dbapi.connect(*cargs, **cparams)
           ^^^^^^^^^^^^^^^^^^^^^^^^^^^^^^^^^^^^^
  File "E:\woltrio\DejiEMRAPI\.venv\Lib\site-packages\psycopg2\__init__.py", line 122, in connect
    conn = _connect(dsn, connection_factory=connection_factory, **kwasync)
           ^^^^^^^^^^^^^^^^^^^^^^^^^^^^^^^^^^^^^^^^^^^^^^^^^^^^^^^^^^^^^^^
sqlalchemy.exc.OperationalError: (psycopg2.OperationalError) connection to server at "localhost" (::1), port 5432 failed: FATAL:  password authentication failed for user "user"

(Background on this error at: https://sqlalche.me/e/14/e3q8)
2025-08-19 12:59:17,031 - HIPAA_AUDIT - ERROR - Internal server error: 500 Internal Server Error: The server encountered an internal error and was unable to complete your request. Either the server is overloaded or there is an error in the application.
2025-08-19 12:59:17,031 - werkzeug - INFO - 127.0.0.1 - - [19/Aug/2025 12:59:17] "[35m[1mPOST /api/auth/register HTTP/1.1[0m" 500 -
2025-08-19 13:01:11,873 - app - ERROR - Exception on /api/auth/register [POST]
Traceback (most recent call last):
  File "E:\woltrio\DejiEMRAPI\.venv\Lib\site-packages\sqlalchemy\engine\base.py", line 3371, in _wrap_pool_connect
    return fn()
           ^^^^
  File "E:\woltrio\DejiEMRAPI\.venv\Lib\site-packages\sqlalchemy\pool\base.py", line 327, in connect
    return _ConnectionFairy._checkout(self)
           ^^^^^^^^^^^^^^^^^^^^^^^^^^^^^^^^
  File "E:\woltrio\DejiEMRAPI\.venv\Lib\site-packages\sqlalchemy\pool\base.py", line 894, in _checkout
    fairy = _ConnectionRecord.checkout(pool)
            ^^^^^^^^^^^^^^^^^^^^^^^^^^^^^^^^
  File "E:\woltrio\DejiEMRAPI\.venv\Lib\site-packages\sqlalchemy\pool\base.py", line 493, in checkout
    rec = pool._do_get()
          ^^^^^^^^^^^^^^
  File "E:\woltrio\DejiEMRAPI\.venv\Lib\site-packages\sqlalchemy\pool\impl.py", line 145, in _do_get
    with util.safe_reraise():
  File "E:\woltrio\DejiEMRAPI\.venv\Lib\site-packages\sqlalchemy\util\langhelpers.py", line 70, in __exit__
    compat.raise_(
  File "E:\woltrio\DejiEMRAPI\.venv\Lib\site-packages\sqlalchemy\util\compat.py", line 211, in raise_
    raise exception
  File "E:\woltrio\DejiEMRAPI\.venv\Lib\site-packages\sqlalchemy\pool\impl.py", line 143, in _do_get
    return self._create_connection()
           ^^^^^^^^^^^^^^^^^^^^^^^^^
  File "E:\woltrio\DejiEMRAPI\.venv\Lib\site-packages\sqlalchemy\pool\base.py", line 273, in _create_connection
    return _ConnectionRecord(self)
           ^^^^^^^^^^^^^^^^^^^^^^^
  File "E:\woltrio\DejiEMRAPI\.venv\Lib\site-packages\sqlalchemy\pool\base.py", line 388, in __init__
    self.__connect()
  File "E:\woltrio\DejiEMRAPI\.venv\Lib\site-packages\sqlalchemy\pool\base.py", line 690, in __connect
    with util.safe_reraise():
  File "E:\woltrio\DejiEMRAPI\.venv\Lib\site-packages\sqlalchemy\util\langhelpers.py", line 70, in __exit__
    compat.raise_(
  File "E:\woltrio\DejiEMRAPI\.venv\Lib\site-packages\sqlalchemy\util\compat.py", line 211, in raise_
    raise exception
  File "E:\woltrio\DejiEMRAPI\.venv\Lib\site-packages\sqlalchemy\pool\base.py", line 686, in __connect
    self.dbapi_connection = connection = pool._invoke_creator(self)
                                         ^^^^^^^^^^^^^^^^^^^^^^^^^^
  File "E:\woltrio\DejiEMRAPI\.venv\Lib\site-packages\sqlalchemy\engine\create.py", line 574, in connect
    return dialect.connect(*cargs, **cparams)
           ^^^^^^^^^^^^^^^^^^^^^^^^^^^^^^^^^^
  File "E:\woltrio\DejiEMRAPI\.venv\Lib\site-packages\sqlalchemy\engine\default.py", line 598, in connect
    return self.dbapi.connect(*cargs, **cparams)
           ^^^^^^^^^^^^^^^^^^^^^^^^^^^^^^^^^^^^^
  File "E:\woltrio\DejiEMRAPI\.venv\Lib\site-packages\psycopg2\__init__.py", line 122, in connect
    conn = _connect(dsn, connection_factory=connection_factory, **kwasync)
           ^^^^^^^^^^^^^^^^^^^^^^^^^^^^^^^^^^^^^^^^^^^^^^^^^^^^^^^^^^^^^^^
psycopg2.OperationalError: connection to server at "localhost" (::1), port 5432 failed: FATAL:  password authentication failed for user "user"


The above exception was the direct cause of the following exception:

Traceback (most recent call last):
  File "E:\woltrio\DejiEMRAPI\app\utils\decorators.py", line 22, in decorated_function
    result = f(*args, **kwargs)
             ^^^^^^^^^^^^^^^^^^
  File "E:\woltrio\DejiEMRAPI\app\api\routes.py", line 23, in register
    if User.query.filter((User.username == data['username']) | (User.email == data['email'])).first():
       ^^^^^^^^^^^^^^^^^^^^^^^^^^^^^^^^^^^^^^^^^^^^^^^^^^^^^^^^^^^^^^^^^^^^^^^^^^^^^^^^^^^^^^^^^^^^^^
  File "E:\woltrio\DejiEMRAPI\.venv\Lib\site-packages\sqlalchemy\orm\query.py", line 2824, in first
    return self.limit(1)._iter().first()
           ^^^^^^^^^^^^^^^^^^^^^
  File "E:\woltrio\DejiEMRAPI\.venv\Lib\site-packages\sqlalchemy\orm\query.py", line 2916, in _iter
    result = self.session.execute(
             ^^^^^^^^^^^^^^^^^^^^^
  File "E:\woltrio\DejiEMRAPI\.venv\Lib\site-packages\sqlalchemy\orm\session.py", line 1716, in execute
    conn = self._connection_for_bind(bind)
           ^^^^^^^^^^^^^^^^^^^^^^^^^^^^^^^
  File "E:\woltrio\DejiEMRAPI\.venv\Lib\site-packages\sqlalchemy\orm\session.py", line 1555, in _connection_for_bind
    return self._transaction._connection_for_bind(
           ^^^^^^^^^^^^^^^^^^^^^^^^^^^^^^^^^^^^^^^
  File "E:\woltrio\DejiEMRAPI\.venv\Lib\site-packages\sqlalchemy\orm\session.py", line 750, in _connection_for_bind
    conn = bind.connect()
           ^^^^^^^^^^^^^^
  File "E:\woltrio\DejiEMRAPI\.venv\Lib\site-packages\sqlalchemy\engine\base.py", line 3325, in connect
    return self._connection_cls(self, close_with_result=close_with_result)
           ^^^^^^^^^^^^^^^^^^^^^^^^^^^^^^^^^^^^^^^^^^^^^^^^^^^^^^^^^^^^^^^
  File "E:\woltrio\DejiEMRAPI\.venv\Lib\site-packages\sqlalchemy\engine\base.py", line 96, in __init__
    else engine.raw_connection()
         ^^^^^^^^^^^^^^^^^^^^^^^
  File "E:\woltrio\DejiEMRAPI\.venv\Lib\site-packages\sqlalchemy\engine\base.py", line 3404, in raw_connection
    return self._wrap_pool_connect(self.pool.connect, _connection)
           ^^^^^^^^^^^^^^^^^^^^^^^^^^^^^^^^^^^^^^^^^^^^^^^^^^^^^^^
  File "E:\woltrio\DejiEMRAPI\.venv\Lib\site-packages\sqlalchemy\engine\base.py", line 3374, in _wrap_pool_connect
    Connection._handle_dbapi_exception_noconnection(
  File "E:\woltrio\DejiEMRAPI\.venv\Lib\site-packages\sqlalchemy\engine\base.py", line 2208, in _handle_dbapi_exception_noconnection
    util.raise_(
  File "E:\woltrio\DejiEMRAPI\.venv\Lib\site-packages\sqlalchemy\util\compat.py", line 211, in raise_
    raise exception
  File "E:\woltrio\DejiEMRAPI\.venv\Lib\site-packages\sqlalchemy\engine\base.py", line 3371, in _wrap_pool_connect
    return fn()
           ^^^^
  File "E:\woltrio\DejiEMRAPI\.venv\Lib\site-packages\sqlalchemy\pool\base.py", line 327, in connect
    return _ConnectionFairy._checkout(self)
           ^^^^^^^^^^^^^^^^^^^^^^^^^^^^^^^^
  File "E:\woltrio\DejiEMRAPI\.venv\Lib\site-packages\sqlalchemy\pool\base.py", line 894, in _checkout
    fairy = _ConnectionRecord.checkout(pool)
            ^^^^^^^^^^^^^^^^^^^^^^^^^^^^^^^^
  File "E:\woltrio\DejiEMRAPI\.venv\Lib\site-packages\sqlalchemy\pool\base.py", line 493, in checkout
    rec = pool._do_get()
          ^^^^^^^^^^^^^^
  File "E:\woltrio\DejiEMRAPI\.venv\Lib\site-packages\sqlalchemy\pool\impl.py", line 145, in _do_get
    with util.safe_reraise():
  File "E:\woltrio\DejiEMRAPI\.venv\Lib\site-packages\sqlalchemy\util\langhelpers.py", line 70, in __exit__
    compat.raise_(
  File "E:\woltrio\DejiEMRAPI\.venv\Lib\site-packages\sqlalchemy\util\compat.py", line 211, in raise_
    raise exception
  File "E:\woltrio\DejiEMRAPI\.venv\Lib\site-packages\sqlalchemy\pool\impl.py", line 143, in _do_get
    return self._create_connection()
           ^^^^^^^^^^^^^^^^^^^^^^^^^
  File "E:\woltrio\DejiEMRAPI\.venv\Lib\site-packages\sqlalchemy\pool\base.py", line 273, in _create_connection
    return _ConnectionRecord(self)
           ^^^^^^^^^^^^^^^^^^^^^^^
  File "E:\woltrio\DejiEMRAPI\.venv\Lib\site-packages\sqlalchemy\pool\base.py", line 388, in __init__
    self.__connect()
  File "E:\woltrio\DejiEMRAPI\.venv\Lib\site-packages\sqlalchemy\pool\base.py", line 690, in __connect
    with util.safe_reraise():
  File "E:\woltrio\DejiEMRAPI\.venv\Lib\site-packages\sqlalchemy\util\langhelpers.py", line 70, in __exit__
    compat.raise_(
  File "E:\woltrio\DejiEMRAPI\.venv\Lib\site-packages\sqlalchemy\util\compat.py", line 211, in raise_
    raise exception
  File "E:\woltrio\DejiEMRAPI\.venv\Lib\site-packages\sqlalchemy\pool\base.py", line 686, in __connect
    self.dbapi_connection = connection = pool._invoke_creator(self)
                                         ^^^^^^^^^^^^^^^^^^^^^^^^^^
  File "E:\woltrio\DejiEMRAPI\.venv\Lib\site-packages\sqlalchemy\engine\create.py", line 574, in connect
    return dialect.connect(*cargs, **cparams)
           ^^^^^^^^^^^^^^^^^^^^^^^^^^^^^^^^^^
  File "E:\woltrio\DejiEMRAPI\.venv\Lib\site-packages\sqlalchemy\engine\default.py", line 598, in connect
    return self.dbapi.connect(*cargs, **cparams)
           ^^^^^^^^^^^^^^^^^^^^^^^^^^^^^^^^^^^^^
  File "E:\woltrio\DejiEMRAPI\.venv\Lib\site-packages\psycopg2\__init__.py", line 122, in connect
    conn = _connect(dsn, connection_factory=connection_factory, **kwasync)
           ^^^^^^^^^^^^^^^^^^^^^^^^^^^^^^^^^^^^^^^^^^^^^^^^^^^^^^^^^^^^^^^
sqlalchemy.exc.OperationalError: (psycopg2.OperationalError) connection to server at "localhost" (::1), port 5432 failed: FATAL:  password authentication failed for user "user"

(Background on this error at: https://sqlalche.me/e/14/e3q8)

During handling of the above exception, another exception occurred:

Traceback (most recent call last):
  File "E:\woltrio\DejiEMRAPI\.venv\Lib\site-packages\sqlalchemy\engine\base.py", line 3371, in _wrap_pool_connect
    return fn()
           ^^^^
  File "E:\woltrio\DejiEMRAPI\.venv\Lib\site-packages\sqlalchemy\pool\base.py", line 327, in connect
    return _ConnectionFairy._checkout(self)
           ^^^^^^^^^^^^^^^^^^^^^^^^^^^^^^^^
  File "E:\woltrio\DejiEMRAPI\.venv\Lib\site-packages\sqlalchemy\pool\base.py", line 894, in _checkout
    fairy = _ConnectionRecord.checkout(pool)
            ^^^^^^^^^^^^^^^^^^^^^^^^^^^^^^^^
  File "E:\woltrio\DejiEMRAPI\.venv\Lib\site-packages\sqlalchemy\pool\base.py", line 493, in checkout
    rec = pool._do_get()
          ^^^^^^^^^^^^^^
  File "E:\woltrio\DejiEMRAPI\.venv\Lib\site-packages\sqlalchemy\pool\impl.py", line 145, in _do_get
    with util.safe_reraise():
  File "E:\woltrio\DejiEMRAPI\.venv\Lib\site-packages\sqlalchemy\util\langhelpers.py", line 70, in __exit__
    compat.raise_(
  File "E:\woltrio\DejiEMRAPI\.venv\Lib\site-packages\sqlalchemy\util\compat.py", line 211, in raise_
    raise exception
  File "E:\woltrio\DejiEMRAPI\.venv\Lib\site-packages\sqlalchemy\pool\impl.py", line 143, in _do_get
    return self._create_connection()
           ^^^^^^^^^^^^^^^^^^^^^^^^^
  File "E:\woltrio\DejiEMRAPI\.venv\Lib\site-packages\sqlalchemy\pool\base.py", line 273, in _create_connection
    return _ConnectionRecord(self)
           ^^^^^^^^^^^^^^^^^^^^^^^
  File "E:\woltrio\DejiEMRAPI\.venv\Lib\site-packages\sqlalchemy\pool\base.py", line 388, in __init__
    self.__connect()
  File "E:\woltrio\DejiEMRAPI\.venv\Lib\site-packages\sqlalchemy\pool\base.py", line 690, in __connect
    with util.safe_reraise():
  File "E:\woltrio\DejiEMRAPI\.venv\Lib\site-packages\sqlalchemy\util\langhelpers.py", line 70, in __exit__
    compat.raise_(
  File "E:\woltrio\DejiEMRAPI\.venv\Lib\site-packages\sqlalchemy\util\compat.py", line 211, in raise_
    raise exception
  File "E:\woltrio\DejiEMRAPI\.venv\Lib\site-packages\sqlalchemy\pool\base.py", line 686, in __connect
    self.dbapi_connection = connection = pool._invoke_creator(self)
                                         ^^^^^^^^^^^^^^^^^^^^^^^^^^
  File "E:\woltrio\DejiEMRAPI\.venv\Lib\site-packages\sqlalchemy\engine\create.py", line 574, in connect
    return dialect.connect(*cargs, **cparams)
           ^^^^^^^^^^^^^^^^^^^^^^^^^^^^^^^^^^
  File "E:\woltrio\DejiEMRAPI\.venv\Lib\site-packages\sqlalchemy\engine\default.py", line 598, in connect
    return self.dbapi.connect(*cargs, **cparams)
           ^^^^^^^^^^^^^^^^^^^^^^^^^^^^^^^^^^^^^
  File "E:\woltrio\DejiEMRAPI\.venv\Lib\site-packages\psycopg2\__init__.py", line 122, in connect
    conn = _connect(dsn, connection_factory=connection_factory, **kwasync)
           ^^^^^^^^^^^^^^^^^^^^^^^^^^^^^^^^^^^^^^^^^^^^^^^^^^^^^^^^^^^^^^^
psycopg2.OperationalError: connection to server at "localhost" (::1), port 5432 failed: FATAL:  password authentication failed for user "user"


The above exception was the direct cause of the following exception:

Traceback (most recent call last):
  File "E:\woltrio\DejiEMRAPI\.venv\Lib\site-packages\flask\app.py", line 2190, in wsgi_app
    response = self.full_dispatch_request()
               ^^^^^^^^^^^^^^^^^^^^^^^^^^^^
  File "E:\woltrio\DejiEMRAPI\.venv\Lib\site-packages\flask\app.py", line 1486, in full_dispatch_request
    rv = self.handle_user_exception(e)
         ^^^^^^^^^^^^^^^^^^^^^^^^^^^^^
  File "E:\woltrio\DejiEMRAPI\.venv\Lib\site-packages\flask_cors\extension.py", line 176, in wrapped_function
    return cors_after_request(app.make_response(f(*args, **kwargs)))
                                                ^^^^^^^^^^^^^^^^^^
  File "E:\woltrio\DejiEMRAPI\.venv\Lib\site-packages\flask\app.py", line 1484, in full_dispatch_request
    rv = self.dispatch_request()
         ^^^^^^^^^^^^^^^^^^^^^^^
  File "E:\woltrio\DejiEMRAPI\.venv\Lib\site-packages\flask\app.py", line 1469, in dispatch_request
    return self.ensure_sync(self.view_functions[rule.endpoint])(**view_args)
           ^^^^^^^^^^^^^^^^^^^^^^^^^^^^^^^^^^^^^^^^^^^^^^^^^^^^^^^^^^^^^^^^^
  File "E:\woltrio\DejiEMRAPI\.venv\Lib\site-packages\flask_limiter\extension.py", line 1145, in __inner
    R, flask.current_app.ensure_sync(cast(Callable[P, R], obj))(*a, **k)
       ^^^^^^^^^^^^^^^^^^^^^^^^^^^^^^^^^^^^^^^^^^^^^^^^^^^^^^^^^^^^^^^^^
  File "E:\woltrio\DejiEMRAPI\app\utils\decorators.py", line 40, in decorated_function
    db.session.commit()
  File "<string>", line 2, in commit
  File "E:\woltrio\DejiEMRAPI\.venv\Lib\site-packages\sqlalchemy\orm\session.py", line 1454, in commit
    self._transaction.commit(_to_root=self.future)
  File "E:\woltrio\DejiEMRAPI\.venv\Lib\site-packages\sqlalchemy\orm\session.py", line 832, in commit
    self._prepare_impl()
  File "E:\woltrio\DejiEMRAPI\.venv\Lib\site-packages\sqlalchemy\orm\session.py", line 811, in _prepare_impl
    self.session.flush()
  File "E:\woltrio\DejiEMRAPI\.venv\Lib\site-packages\sqlalchemy\orm\session.py", line 3449, in flush
    self._flush(objects)
  File "E:\woltrio\DejiEMRAPI\.venv\Lib\site-packages\sqlalchemy\orm\session.py", line 3588, in _flush
    with util.safe_reraise():
  File "E:\woltrio\DejiEMRAPI\.venv\Lib\site-packages\sqlalchemy\util\langhelpers.py", line 70, in __exit__
    compat.raise_(
  File "E:\woltrio\DejiEMRAPI\.venv\Lib\site-packages\sqlalchemy\util\compat.py", line 211, in raise_
    raise exception
  File "E:\woltrio\DejiEMRAPI\.venv\Lib\site-packages\sqlalchemy\orm\session.py", line 3549, in _flush
    flush_context.execute()
  File "E:\woltrio\DejiEMRAPI\.venv\Lib\site-packages\sqlalchemy\orm\unitofwork.py", line 456, in execute
    rec.execute(self)
  File "E:\woltrio\DejiEMRAPI\.venv\Lib\site-packages\sqlalchemy\orm\unitofwork.py", line 630, in execute
    util.preloaded.orm_persistence.save_obj(
  File "E:\woltrio\DejiEMRAPI\.venv\Lib\site-packages\sqlalchemy\orm\persistence.py", line 212, in save_obj
    for (
  File "E:\woltrio\DejiEMRAPI\.venv\Lib\site-packages\sqlalchemy\orm\persistence.py", line 373, in _organize_states_for_save
    for state, dict_, mapper, connection in _connections_for_states(
  File "E:\woltrio\DejiEMRAPI\.venv\Lib\site-packages\sqlalchemy\orm\persistence.py", line 1737, in _connections_for_states
    connection = uowtransaction.transaction.connection(base_mapper)
                 ^^^^^^^^^^^^^^^^^^^^^^^^^^^^^^^^^^^^^^^^^^^^^^^^^^
  File "E:\woltrio\DejiEMRAPI\.venv\Lib\site-packages\sqlalchemy\orm\session.py", line 629, in connection
    return self._connection_for_bind(bind, execution_options)
           ^^^^^^^^^^^^^^^^^^^^^^^^^^^^^^^^^^^^^^^^^^^^^^^^^^
  File "E:\woltrio\DejiEMRAPI\.venv\Lib\site-packages\sqlalchemy\orm\session.py", line 738, in _connection_for_bind
    conn = self._parent._connection_for_bind(bind, execution_options)
           ^^^^^^^^^^^^^^^^^^^^^^^^^^^^^^^^^^^^^^^^^^^^^^^^^^^^^^^^^^
  File "E:\woltrio\DejiEMRAPI\.venv\Lib\site-packages\sqlalchemy\orm\session.py", line 750, in _connection_for_bind
    conn = bind.connect()
           ^^^^^^^^^^^^^^
  File "E:\woltrio\DejiEMRAPI\.venv\Lib\site-packages\sqlalchemy\engine\base.py", line 3325, in connect
    return self._connection_cls(self, close_with_result=close_with_result)
           ^^^^^^^^^^^^^^^^^^^^^^^^^^^^^^^^^^^^^^^^^^^^^^^^^^^^^^^^^^^^^^^
  File "E:\woltrio\DejiEMRAPI\.venv\Lib\site-packages\sqlalchemy\engine\base.py", line 96, in __init__
    else engine.raw_connection()
         ^^^^^^^^^^^^^^^^^^^^^^^
  File "E:\woltrio\DejiEMRAPI\.venv\Lib\site-packages\sqlalchemy\engine\base.py", line 3404, in raw_connection
    return self._wrap_pool_connect(self.pool.connect, _connection)
           ^^^^^^^^^^^^^^^^^^^^^^^^^^^^^^^^^^^^^^^^^^^^^^^^^^^^^^^
  File "E:\woltrio\DejiEMRAPI\.venv\Lib\site-packages\sqlalchemy\engine\base.py", line 3374, in _wrap_pool_connect
    Connection._handle_dbapi_exception_noconnection(
  File "E:\woltrio\DejiEMRAPI\.venv\Lib\site-packages\sqlalchemy\engine\base.py", line 2208, in _handle_dbapi_exception_noconnection
    util.raise_(
  File "E:\woltrio\DejiEMRAPI\.venv\Lib\site-packages\sqlalchemy\util\compat.py", line 211, in raise_
    raise exception
  File "E:\woltrio\DejiEMRAPI\.venv\Lib\site-packages\sqlalchemy\engine\base.py", line 3371, in _wrap_pool_connect
    return fn()
           ^^^^
  File "E:\woltrio\DejiEMRAPI\.venv\Lib\site-packages\sqlalchemy\pool\base.py", line 327, in connect
    return _ConnectionFairy._checkout(self)
           ^^^^^^^^^^^^^^^^^^^^^^^^^^^^^^^^
  File "E:\woltrio\DejiEMRAPI\.venv\Lib\site-packages\sqlalchemy\pool\base.py", line 894, in _checkout
    fairy = _ConnectionRecord.checkout(pool)
            ^^^^^^^^^^^^^^^^^^^^^^^^^^^^^^^^
  File "E:\woltrio\DejiEMRAPI\.venv\Lib\site-packages\sqlalchemy\pool\base.py", line 493, in checkout
    rec = pool._do_get()
          ^^^^^^^^^^^^^^
  File "E:\woltrio\DejiEMRAPI\.venv\Lib\site-packages\sqlalchemy\pool\impl.py", line 145, in _do_get
    with util.safe_reraise():
  File "E:\woltrio\DejiEMRAPI\.venv\Lib\site-packages\sqlalchemy\util\langhelpers.py", line 70, in __exit__
    compat.raise_(
  File "E:\woltrio\DejiEMRAPI\.venv\Lib\site-packages\sqlalchemy\util\compat.py", line 211, in raise_
    raise exception
  File "E:\woltrio\DejiEMRAPI\.venv\Lib\site-packages\sqlalchemy\pool\impl.py", line 143, in _do_get
    return self._create_connection()
           ^^^^^^^^^^^^^^^^^^^^^^^^^
  File "E:\woltrio\DejiEMRAPI\.venv\Lib\site-packages\sqlalchemy\pool\base.py", line 273, in _create_connection
    return _ConnectionRecord(self)
           ^^^^^^^^^^^^^^^^^^^^^^^
  File "E:\woltrio\DejiEMRAPI\.venv\Lib\site-packages\sqlalchemy\pool\base.py", line 388, in __init__
    self.__connect()
  File "E:\woltrio\DejiEMRAPI\.venv\Lib\site-packages\sqlalchemy\pool\base.py", line 690, in __connect
    with util.safe_reraise():
  File "E:\woltrio\DejiEMRAPI\.venv\Lib\site-packages\sqlalchemy\util\langhelpers.py", line 70, in __exit__
    compat.raise_(
  File "E:\woltrio\DejiEMRAPI\.venv\Lib\site-packages\sqlalchemy\util\compat.py", line 211, in raise_
    raise exception
  File "E:\woltrio\DejiEMRAPI\.venv\Lib\site-packages\sqlalchemy\pool\base.py", line 686, in __connect
    self.dbapi_connection = connection = pool._invoke_creator(self)
                                         ^^^^^^^^^^^^^^^^^^^^^^^^^^
  File "E:\woltrio\DejiEMRAPI\.venv\Lib\site-packages\sqlalchemy\engine\create.py", line 574, in connect
    return dialect.connect(*cargs, **cparams)
           ^^^^^^^^^^^^^^^^^^^^^^^^^^^^^^^^^^
  File "E:\woltrio\DejiEMRAPI\.venv\Lib\site-packages\sqlalchemy\engine\default.py", line 598, in connect
    return self.dbapi.connect(*cargs, **cparams)
           ^^^^^^^^^^^^^^^^^^^^^^^^^^^^^^^^^^^^^
  File "E:\woltrio\DejiEMRAPI\.venv\Lib\site-packages\psycopg2\__init__.py", line 122, in connect
    conn = _connect(dsn, connection_factory=connection_factory, **kwasync)
           ^^^^^^^^^^^^^^^^^^^^^^^^^^^^^^^^^^^^^^^^^^^^^^^^^^^^^^^^^^^^^^^
sqlalchemy.exc.OperationalError: (psycopg2.OperationalError) connection to server at "localhost" (::1), port 5432 failed: FATAL:  password authentication failed for user "user"

(Background on this error at: https://sqlalche.me/e/14/e3q8)
2025-08-19 13:01:11,882 - HIPAA_AUDIT - ERROR - Internal server error: 500 Internal Server Error: The server encountered an internal error and was unable to complete your request. Either the server is overloaded or there is an error in the application.
2025-08-19 13:01:11,883 - werkzeug - INFO - 127.0.0.1 - - [19/Aug/2025 13:01:11] "[35m[1mPOST /api/auth/register HTTP/1.1[0m" 500 -
2025-08-19 13:08:04,519 - werkzeug - INFO - [31m[1mWARNING: This is a development server. Do not use it in a production deployment. Use a production WSGI server instead.[0m
 * Running on https://127.0.0.1:5000
2025-08-19 13:08:04,519 - werkzeug - INFO - [33mPress CTRL+C to quit[0m
2025-08-19 13:08:04,520 - werkzeug - INFO -  * Restarting with stat
2025-08-19 13:08:05,490 - werkzeug - WARNING -  * Debugger is active!
2025-08-19 13:08:05,494 - werkzeug - INFO -  * Debugger PIN: 137-844-133
2025-08-19 13:08:10,644 - HIPAA_AUDIT - ERROR - Failed to log audit entry due to DB error: (psycopg2.errors.InFailedSqlTransaction) current transaction is aborted, commands ignored until end of transaction block

[SQL: INSERT INTO audit_logs (user_id, timestamp, action, resource, resource_id, ip_address, user_agent, success, details) VALUES (%(user_id)s, %(timestamp)s, %(action)s, %(resource)s, %(resource_id)s, %(ip_address)s, %(user_agent)s, %(success)s, %(details)s) RETURNING audit_logs.id]
[parameters: {'user_id': 'rootadmin', 'timestamp': datetime.datetime(2025, 8, 19, 8, 8, 10, 643882), 'action': 'USER_REGISTRATION', 'resource': 'users', 'resource_id': 'root@example.com', 'ip_address': '127.0.0.1', 'user_agent': 'PostmanRuntime/7.43.4', 'success': False, 'details': 'An error occurred: (psycopg2.errors.UndefinedTable) relation "users" does not exist\nLINE 2: FROM users \n             ^\n\n[SQL: SELECT users.id AS  ... (689 characters truncated) ... rs: {\'username_1\': \'rootadmin\', \'email_1\': \'root@example.com\', \'param_1\': 1}]\n(Background on this error at: https://sqlalche.me/e/14/f405)'}]
(Background on this error at: https://sqlalche.me/e/14/2j85)
2025-08-19 13:08:10,644 - HIPAA_AUDIT - ERROR - Action='USER_REGISTRATION', Resource='users', UserID='rootadmin', Success='False', Details='An error occurred: (psycopg2.errors.UndefinedTable) relation "users" does not exist
LINE 2: FROM users 
             ^

[SQL: SELECT users.id AS users_id, users.username AS users_username, users.email AS users_email, users.password_hash AS users_password_hash, users.role_id AS users_role_id, users.created_at AS users_created_at, users.updated_at AS users_updated_at, users.last_login AS users_last_login, users.failed_login_attempts AS users_failed_login_attempts, users.account_locked AS users_account_locked, users.account_locked_until AS users_account_locked_until, users.password_changed_at AS users_password_changed_at, users.must_change_password AS users_must_change_password, users.is_active AS users_is_active 
FROM users 
WHERE users.username = %(username_1)s OR users.email = %(email_1)s 
 LIMIT %(param_1)s]
[parameters: {'username_1': 'rootadmin', 'email_1': 'root@example.com', 'param_1': 1}]
(Background on this error at: https://sqlalche.me/e/14/f405)'
2025-08-19 13:08:10,671 - werkzeug - INFO - 127.0.0.1 - - [19/Aug/2025 13:08:10] "[35m[1mPOST /api/auth/register HTTP/1.1[0m" 500 -
2025-08-19 13:09:01,849 - HIPAA_AUDIT - ERROR - Failed to log audit entry due to DB error: (psycopg2.errors.InFailedSqlTransaction) current transaction is aborted, commands ignored until end of transaction block

[SQL: INSERT INTO audit_logs (user_id, timestamp, action, resource, resource_id, ip_address, user_agent, success, details) VALUES (%(user_id)s, %(timestamp)s, %(action)s, %(resource)s, %(resource_id)s, %(ip_address)s, %(user_agent)s, %(success)s, %(details)s) RETURNING audit_logs.id]
[parameters: {'user_id': 'rootadmin', 'timestamp': datetime.datetime(2025, 8, 19, 8, 9, 1, 849234), 'action': 'USER_REGISTRATION', 'resource': 'users', 'resource_id': 'root@example.com', 'ip_address': '127.0.0.1', 'user_agent': 'PostmanRuntime/7.43.4', 'success': False, 'details': 'An error occurred: (psycopg2.errors.UndefinedTable) relation "users" does not exist\nLINE 2: FROM users \n             ^\n\n[SQL: SELECT users.id AS  ... (689 characters truncated) ... rs: {\'username_1\': \'rootadmin\', \'email_1\': \'root@example.com\', \'param_1\': 1}]\n(Background on this error at: https://sqlalche.me/e/14/f405)'}]
(Background on this error at: https://sqlalche.me/e/14/2j85)
2025-08-19 13:09:01,857 - HIPAA_AUDIT - ERROR - Action='USER_REGISTRATION', Resource='users', UserID='rootadmin', Success='False', Details='An error occurred: (psycopg2.errors.UndefinedTable) relation "users" does not exist
LINE 2: FROM users 
             ^

[SQL: SELECT users.id AS users_id, users.username AS users_username, users.email AS users_email, users.password_hash AS users_password_hash, users.role_id AS users_role_id, users.created_at AS users_created_at, users.updated_at AS users_updated_at, users.last_login AS users_last_login, users.failed_login_attempts AS users_failed_login_attempts, users.account_locked AS users_account_locked, users.account_locked_until AS users_account_locked_until, users.password_changed_at AS users_password_changed_at, users.must_change_password AS users_must_change_password, users.is_active AS users_is_active 
FROM users 
WHERE users.username = %(username_1)s OR users.email = %(email_1)s 
 LIMIT %(param_1)s]
[parameters: {'username_1': 'rootadmin', 'email_1': 'root@example.com', 'param_1': 1}]
(Background on this error at: https://sqlalche.me/e/14/f405)'
2025-08-19 13:09:01,865 - werkzeug - INFO - 127.0.0.1 - - [19/Aug/2025 13:09:01] "[35m[1mPOST /api/auth/register HTTP/1.1[0m" 500 -
2025-08-19 13:09:24,022 - werkzeug - INFO - [31m[1mWARNING: This is a development server. Do not use it in a production deployment. Use a production WSGI server instead.[0m
 * Running on https://127.0.0.1:5000
2025-08-19 13:09:24,022 - werkzeug - INFO - [33mPress CTRL+C to quit[0m
2025-08-19 13:09:24,022 - werkzeug - INFO -  * Restarting with stat
2025-08-19 13:09:24,866 - werkzeug - WARNING -  * Debugger is active!
2025-08-19 13:09:24,876 - werkzeug - INFO -  * Debugger PIN: 137-844-133
2025-08-19 13:09:31,844 - HIPAA_AUDIT - ERROR - Failed to log audit entry due to DB error: (psycopg2.errors.InFailedSqlTransaction) current transaction is aborted, commands ignored until end of transaction block

[SQL: INSERT INTO audit_logs (user_id, timestamp, action, resource, resource_id, ip_address, user_agent, success, details) VALUES (%(user_id)s, %(timestamp)s, %(action)s, %(resource)s, %(resource_id)s, %(ip_address)s, %(user_agent)s, %(success)s, %(details)s) RETURNING audit_logs.id]
[parameters: {'user_id': 'rootadmin', 'timestamp': datetime.datetime(2025, 8, 19, 8, 9, 31, 844371), 'action': 'USER_REGISTRATION', 'resource': 'users', 'resource_id': 'root@example.com', 'ip_address': '127.0.0.1', 'user_agent': 'PostmanRuntime/7.43.4', 'success': False, 'details': 'An error occurred: (psycopg2.errors.UndefinedTable) relation "users" does not exist\nLINE 2: FROM users \n             ^\n\n[SQL: SELECT users.id AS  ... (689 characters truncated) ... rs: {\'username_1\': \'rootadmin\', \'email_1\': \'root@example.com\', \'param_1\': 1}]\n(Background on this error at: https://sqlalche.me/e/14/f405)'}]
(Background on this error at: https://sqlalche.me/e/14/2j85)
2025-08-19 13:09:31,844 - HIPAA_AUDIT - ERROR - Action='USER_REGISTRATION', Resource='users', UserID='rootadmin', Success='False', Details='An error occurred: (psycopg2.errors.UndefinedTable) relation "users" does not exist
LINE 2: FROM users 
             ^

[SQL: SELECT users.id AS users_id, users.username AS users_username, users.email AS users_email, users.password_hash AS users_password_hash, users.role_id AS users_role_id, users.created_at AS users_created_at, users.updated_at AS users_updated_at, users.last_login AS users_last_login, users.failed_login_attempts AS users_failed_login_attempts, users.account_locked AS users_account_locked, users.account_locked_until AS users_account_locked_until, users.password_changed_at AS users_password_changed_at, users.must_change_password AS users_must_change_password, users.is_active AS users_is_active 
FROM users 
WHERE users.username = %(username_1)s OR users.email = %(email_1)s 
 LIMIT %(param_1)s]
[parameters: {'username_1': 'rootadmin', 'email_1': 'root@example.com', 'param_1': 1}]
(Background on this error at: https://sqlalche.me/e/14/f405)'
2025-08-19 13:09:31,864 - werkzeug - INFO - 127.0.0.1 - - [19/Aug/2025 13:09:31] "[35m[1mPOST /api/auth/register HTTP/1.1[0m" 500 -
2025-08-19 13:16:22,821 - werkzeug - INFO - [31m[1mWARNING: This is a development server. Do not use it in a production deployment. Use a production WSGI server instead.[0m
 * Running on https://127.0.0.1:5000
2025-08-19 13:16:22,821 - werkzeug - INFO - [33mPress CTRL+C to quit[0m
2025-08-19 13:16:22,823 - werkzeug - INFO -  * Restarting with stat
2025-08-19 13:16:23,756 - werkzeug - WARNING -  * Debugger is active!
2025-08-19 13:16:23,761 - werkzeug - INFO -  * Debugger PIN: 137-844-133
2025-08-19 13:16:27,881 - HIPAA_AUDIT - ERROR - Failed to log audit entry due to DB error: (psycopg2.errors.InvalidTextRepresentation) invalid input syntax for type integer: "rootadmin"
LINE 1: ...ip_address, user_agent, success, details) VALUES ('rootadmin...
                                                             ^

[SQL: INSERT INTO audit_logs (user_id, timestamp, action, resource, resource_id, ip_address, user_agent, success, details) VALUES (%(user_id)s, %(timestamp)s, %(action)s, %(resource)s, %(resource_id)s, %(ip_address)s, %(user_agent)s, %(success)s, %(details)s) RETURNING audit_logs.id]
[parameters: {'user_id': 'rootadmin', 'timestamp': datetime.datetime(2025, 8, 19, 8, 16, 27, 879414), 'action': 'USER_REGISTRATION', 'resource': 'users', 'resource_id': 'root@example.com', 'ip_address': '127.0.0.1', 'user_agent': 'PostmanRuntime/7.43.4', 'success': False, 'details': "An error occurred: 'tuple' object has no attribute 'status_code'"}]
(Background on this error at: https://sqlalche.me/e/14/9h9h)
2025-08-19 13:16:27,881 - HIPAA_AUDIT - ERROR - Action='USER_REGISTRATION', Resource='users', UserID='rootadmin', Success='False', Details='An error occurred: 'tuple' object has no attribute 'status_code''
2025-08-19 13:16:27,889 - werkzeug - INFO - 127.0.0.1 - - [19/Aug/2025 13:16:27] "[35m[1mPOST /api/auth/register HTTP/1.1[0m" 500 -
2025-08-19 13:17:50,213 - werkzeug - INFO -  * Detected change in 'E:\\woltrio\\DejiEMRAPI\\app\\utils\\decorators.py', reloading
2025-08-19 13:17:50,341 - werkzeug - INFO -  * Restarting with stat
2025-08-19 13:17:51,408 - werkzeug - WARNING -  * Debugger is active!
2025-08-19 13:17:51,408 - werkzeug - INFO -  * Debugger PIN: 137-844-133
2025-08-19 13:17:59,145 - werkzeug - INFO - [31m[1mWARNING: This is a development server. Do not use it in a production deployment. Use a production WSGI server instead.[0m
 * Running on https://127.0.0.1:5000
2025-08-19 13:17:59,145 - werkzeug - INFO - [33mPress CTRL+C to quit[0m
2025-08-19 13:17:59,147 - werkzeug - INFO -  * Restarting with stat
2025-08-19 13:18:00,099 - werkzeug - WARNING -  * Debugger is active!
2025-08-19 13:18:00,109 - werkzeug - INFO -  * Debugger PIN: 137-844-133
2025-08-19 13:18:04,262 - HIPAA_AUDIT - ERROR - Failed to log audit entry due to DB error: This Session's transaction has been rolled back due to a previous exception during flush. To begin a new transaction with this Session, first issue Session.rollback(). Original exception was: (psycopg2.errors.InvalidTextRepresentation) invalid input syntax for type integer: "rootadmin"
LINE 1: ...ip_address, user_agent, success, details) VALUES ('rootadmin...
                                                             ^

[SQL: INSERT INTO audit_logs (user_id, timestamp, action, resource, resource_id, ip_address, user_agent, success, details) VALUES (%(user_id)s, %(timestamp)s, %(action)s, %(resource)s, %(resource_id)s, %(ip_address)s, %(user_agent)s, %(success)s, %(details)s) RETURNING audit_logs.id]
[parameters: {'user_id': 'rootadmin', 'timestamp': datetime.datetime(2025, 8, 19, 8, 18, 4, 262843), 'action': 'USER_REGISTRATION', 'resource': 'users', 'resource_id': 'root@example.com', 'ip_address': '127.0.0.1', 'user_agent': 'PostmanRuntime/7.43.4', 'success': False, 'details': 'Request successful. Status: 400'}]
(Background on this error at: https://sqlalche.me/e/14/9h9h) (Background on this error at: https://sqlalche.me/e/14/7s2a)
2025-08-19 13:18:04,262 - HIPAA_AUDIT - ERROR - Action='USER_REGISTRATION', Resource='users', UserID='rootadmin', Success='False', Details='An error occurred: (psycopg2.errors.InvalidTextRepresentation) invalid input syntax for type integer: "rootadmin"
LINE 1: ...ip_address, user_agent, success, details) VALUES ('rootadmin...
                                                             ^

[SQL: INSERT INTO audit_logs (user_id, timestamp, action, resource, resource_id, ip_address, user_agent, success, details) VALUES (%(user_id)s, %(timestamp)s, %(action)s, %(resource)s, %(resource_id)s, %(ip_address)s, %(user_agent)s, %(success)s, %(details)s) RETURNING audit_logs.id]
[parameters: {'user_id': 'rootadmin', 'timestamp': datetime.datetime(2025, 8, 19, 8, 18, 4, 262843), 'action': 'USER_REGISTRATION', 'resource': 'users', 'resource_id': 'root@example.com', 'ip_address': '127.0.0.1', 'user_agent': 'PostmanRuntime/7.43.4', 'success': False, 'details': 'Request successful. Status: 400'}]
(Background on this error at: https://sqlalche.me/e/14/9h9h)'
2025-08-19 13:18:04,307 - werkzeug - INFO - 127.0.0.1 - - [19/Aug/2025 13:18:04] "[35m[1mPOST /api/auth/register HTTP/1.1[0m" 500 -
2025-08-19 13:19:13,865 - werkzeug - INFO -  * Detected change in 'E:\\woltrio\\DejiEMRAPI\\app\\utils\\decorators.py', reloading
2025-08-19 13:19:14,052 - werkzeug - INFO -  * Restarting with stat
2025-08-19 13:19:15,090 - werkzeug - WARNING -  * Debugger is active!
2025-08-19 13:19:15,099 - werkzeug - INFO -  * Debugger PIN: 137-844-133
2025-08-19 13:19:24,992 - werkzeug - INFO - [31m[1mWARNING: This is a development server. Do not use it in a production deployment. Use a production WSGI server instead.[0m
 * Running on https://127.0.0.1:5000
2025-08-19 13:19:24,992 - werkzeug - INFO - [33mPress CTRL+C to quit[0m
2025-08-19 13:19:24,994 - werkzeug - INFO -  * Restarting with stat
2025-08-19 13:19:25,855 - werkzeug - WARNING -  * Debugger is active!
2025-08-19 13:19:25,859 - werkzeug - INFO -  * Debugger PIN: 137-844-133
2025-08-19 13:19:28,482 - HIPAA_AUDIT - INFO - Action='USER_REGISTRATION', Resource='users', UserID='None', Success='False', Details='Request successful. Status: 400'
2025-08-19 13:19:28,482 - werkzeug - INFO - 127.0.0.1 - - [19/Aug/2025 13:19:28] "[31m[1mPOST /api/auth/register HTTP/1.1[0m" 400 -
2025-08-19 13:25:48,838 - werkzeug - INFO - [31m[1mWARNING: This is a development server. Do not use it in a production deployment. Use a production WSGI server instead.[0m
 * Running on https://127.0.0.1:5000
2025-08-19 13:25:48,839 - werkzeug - INFO - [33mPress CTRL+C to quit[0m
2025-08-19 13:25:48,840 - werkzeug - INFO -  * Restarting with stat
2025-08-19 13:25:49,677 - werkzeug - WARNING -  * Debugger is active!
2025-08-19 13:25:49,682 - werkzeug - INFO -  * Debugger PIN: 137-844-133
2025-08-19 13:25:53,113 - HIPAA_AUDIT - INFO - Action='USER_REGISTRATION', Resource='users', UserID='1', Success='True', Details='Request successful. Status: 201'
2025-08-19 13:25:53,115 - werkzeug - INFO - 127.0.0.1 - - [19/Aug/2025 13:25:53] "[35m[1mPOST /api/auth/register HTTP/1.1[0m" 201 -
2025-08-19 13:26:07,749 - HIPAA_AUDIT - INFO - Action='USER_LOGIN', Resource='authentication', UserID='None', Success='True', Details='Request successful. Status: 200'
2025-08-19 13:26:07,749 - werkzeug - INFO - 127.0.0.1 - - [19/Aug/2025 13:26:07] "POST /api/auth/login HTTP/1.1" 200 -
2025-08-19 13:30:32,271 - werkzeug - INFO - 127.0.0.1 - - [19/Aug/2025 13:30:32] "[31m[1mGET /api/patients HTTP/1.1[0m" 401 -
2025-08-19 13:30:57,588 - HIPAA_AUDIT - INFO - Action='USER_LOGIN', Resource='authentication', UserID='None', Success='True', Details='Request successful. Status: 200'
2025-08-19 13:30:57,588 - werkzeug - INFO - 127.0.0.1 - - [19/Aug/2025 13:30:57] "POST /api/auth/login HTTP/1.1" 200 -
2025-08-19 13:31:04,139 - HIPAA_AUDIT - INFO - Action='USER_LOGIN', Resource='authentication', UserID='None', Success='True', Details='Request successful. Status: 200'
2025-08-19 13:31:04,140 - werkzeug - INFO - 127.0.0.1 - - [19/Aug/2025 13:31:04] "POST /api/auth/login HTTP/1.1" 200 -
2025-08-19 13:31:16,348 - werkzeug - INFO - 127.0.0.1 - - [19/Aug/2025 13:31:16] "[31m[1mGET /api/patients HTTP/1.1[0m" 401 -
2025-08-19 13:31:32,329 - werkzeug - INFO - 127.0.0.1 - - [19/Aug/2025 13:31:32] "[31m[1mGET /api/patients HTTP/1.1[0m" 401 -
2025-08-19 13:31:42,173 - werkzeug - INFO - 127.0.0.1 - - [19/Aug/2025 13:31:42] "[31m[1mGET /api/patients HTTP/1.1[0m" 401 -
2025-08-19 13:35:04,151 - HIPAA_AUDIT - INFO - Action='USER_LOGIN', Resource='authentication', UserID='None', Success='True', Details='Request successful. Status: 200'
2025-08-19 13:35:04,151 - werkzeug - INFO - 127.0.0.1 - - [19/Aug/2025 13:35:04] "POST /api/auth/login HTTP/1.1" 200 -
2025-08-19 13:35:40,469 - werkzeug - INFO - 127.0.0.1 - - [19/Aug/2025 13:35:40] "[31m[1mGET /api/patients HTTP/1.1[0m" 401 -
2025-08-19 13:37:24,552 - werkzeug - INFO -  * Detected change in 'E:\\woltrio\\DejiEMRAPI\\app\\__init__.py', reloading
2025-08-19 13:37:24,715 - werkzeug - INFO -  * Restarting with stat
2025-08-19 13:37:25,894 - werkzeug - WARNING -  * Debugger is active!
2025-08-19 13:37:25,894 - werkzeug - INFO -  * Debugger PIN: 137-844-133
2025-08-19 13:37:30,375 - werkzeug - INFO - [31m[1mWARNING: This is a development server. Do not use it in a production deployment. Use a production WSGI server instead.[0m
 * Running on https://127.0.0.1:5000
2025-08-19 13:37:30,375 - werkzeug - INFO - [33mPress CTRL+C to quit[0m
2025-08-19 13:37:30,375 - werkzeug - INFO -  * Restarting with stat
2025-08-19 13:37:31,237 - werkzeug - WARNING -  * Debugger is active!
2025-08-19 13:37:31,242 - werkzeug - INFO -  * Debugger PIN: 137-844-133
2025-08-19 13:37:38,374 - HIPAA_AUDIT - INFO - Action='USER_LOGIN', Resource='authentication', UserID='None', Success='True', Details='Request successful. Status: 200'
2025-08-19 13:37:38,381 - werkzeug - INFO - 127.0.0.1 - - [19/Aug/2025 13:37:38] "POST /api/auth/login HTTP/1.1" 200 -
2025-08-19 13:37:51,918 - werkzeug - INFO - 127.0.0.1 - - [19/Aug/2025 13:37:51] "[31m[1mGET /api/patients HTTP/1.1[0m" 401 -
2025-08-19 13:37:53,947 - werkzeug - INFO - 127.0.0.1 - - [19/Aug/2025 13:37:53] "[31m[1mGET /api/patients HTTP/1.1[0m" 401 -
2025-08-19 13:38:39,689 - werkzeug - INFO -  * Detected change in 'E:\\woltrio\\DejiEMRAPI\\app\\__init__.py', reloading
2025-08-19 13:38:39,816 - werkzeug - INFO -  * Restarting with stat
2025-08-19 13:38:40,713 - werkzeug - WARNING -  * Debugger is active!
2025-08-19 13:38:40,723 - werkzeug - INFO -  * Debugger PIN: 137-844-133
2025-08-19 13:38:52,888 - werkzeug - INFO -  * Detected change in 'E:\\woltrio\\DejiEMRAPI\\app\\__init__.py', reloading
2025-08-19 13:38:53,079 - werkzeug - INFO -  * Restarting with stat
2025-08-19 13:38:54,240 - werkzeug - WARNING -  * Debugger is active!
2025-08-19 13:38:54,240 - werkzeug - INFO -  * Debugger PIN: 137-844-133
2025-08-19 13:38:58,579 - werkzeug - INFO - [31m[1mWARNING: This is a development server. Do not use it in a production deployment. Use a production WSGI server instead.[0m
 * Running on https://127.0.0.1:5000
2025-08-19 13:38:58,579 - werkzeug - INFO - [33mPress CTRL+C to quit[0m
2025-08-19 13:38:58,581 - werkzeug - INFO -  * Restarting with stat
2025-08-19 13:38:59,489 - werkzeug - WARNING -  * Debugger is active!
2025-08-19 13:38:59,496 - werkzeug - INFO -  * Debugger PIN: 137-844-133
2025-08-19 13:39:03,494 - HIPAA_AUDIT - INFO - Action='USER_LOGIN', Resource='authentication', UserID='None', Success='True', Details='Request successful. Status: 200'
2025-08-19 13:39:03,495 - werkzeug - INFO - 127.0.0.1 - - [19/Aug/2025 13:39:03] "POST /api/auth/login HTTP/1.1" 200 -
2025-08-19 13:39:12,144 - werkzeug - INFO - 127.0.0.1 - - [19/Aug/2025 13:39:12] "[31m[1mGET /api/patients HTTP/1.1[0m" 401 -
2025-08-19 13:41:36,982 - werkzeug - INFO -  * Detected change in 'E:\\woltrio\\DejiEMRAPI\\app\\__init__.py', reloading
2025-08-19 13:41:37,194 - werkzeug - INFO -  * Restarting with stat
2025-08-19 13:41:38,541 - werkzeug - WARNING -  * Debugger is active!
2025-08-19 13:41:38,545 - werkzeug - INFO -  * Debugger PIN: 137-844-133
2025-08-19 13:41:43,582 - werkzeug - INFO - [31m[1mWARNING: This is a development server. Do not use it in a production deployment. Use a production WSGI server instead.[0m
 * Running on https://127.0.0.1:5000
2025-08-19 13:41:43,582 - werkzeug - INFO - [33mPress CTRL+C to quit[0m
2025-08-19 13:41:43,584 - werkzeug - INFO -  * Restarting with stat
2025-08-19 13:41:44,684 - werkzeug - WARNING -  * Debugger is active!
2025-08-19 13:41:44,688 - werkzeug - INFO -  * Debugger PIN: 137-844-133
2025-08-19 13:41:48,237 - HIPAA_AUDIT - INFO - Action='USER_LOGIN', Resource='authentication', UserID='None', Success='True', Details='Request successful. Status: 200'
2025-08-19 13:41:48,238 - werkzeug - INFO - 127.0.0.1 - - [19/Aug/2025 13:41:48] "POST /api/auth/login HTTP/1.1" 200 -
2025-08-19 13:42:02,847 - werkzeug - INFO - 127.0.0.1 - - [19/Aug/2025 13:42:02] "[31m[1mGET /api/patients HTTP/1.1[0m" 401 -
2025-08-19 13:42:43,489 - werkzeug - INFO -  * Detected change in 'E:\\woltrio\\DejiEMRAPI\\app\\api\\routes.py', reloading
2025-08-19 13:42:43,740 - werkzeug - INFO -  * Restarting with stat
2025-08-19 13:42:48,760 - werkzeug - INFO - [31m[1mWARNING: This is a development server. Do not use it in a production deployment. Use a production WSGI server instead.[0m
 * Running on https://127.0.0.1:5000
2025-08-19 13:42:48,760 - werkzeug - INFO - [33mPress CTRL+C to quit[0m
2025-08-19 13:42:48,760 - werkzeug - INFO -  * Restarting with stat
2025-08-19 13:42:49,822 - werkzeug - WARNING -  * Debugger is active!
2025-08-19 13:42:49,832 - werkzeug - INFO -  * Debugger PIN: 137-844-133
2025-08-19 13:42:54,124 - HIPAA_AUDIT - INFO - Action='USER_LOGIN', Resource='authentication', UserID='None', Success='True', Details='Request successful. Status: 200'
2025-08-19 13:42:54,124 - werkzeug - INFO - 127.0.0.1 - - [19/Aug/2025 13:42:54] "POST /api/auth/login HTTP/1.1" 200 -
2025-08-19 13:43:12,420 - werkzeug - INFO - 127.0.0.1 - - [19/Aug/2025 13:43:12] "[31m[1mGET /api/patients HTTP/1.1[0m" 403 -
2025-08-19 13:43:15,432 - werkzeug - INFO - 127.0.0.1 - - [19/Aug/2025 13:43:15] "[31m[1mGET /api/patients HTTP/1.1[0m" 403 -
2025-08-19 13:45:03,530 - werkzeug - INFO -  * Detected change in 'E:\\woltrio\\DejiEMRAPI\\create_db.py', reloading
2025-08-19 13:45:03,710 - werkzeug - INFO -  * Restarting with stat
2025-08-19 13:45:16,411 - werkzeug - INFO - [31m[1mWARNING: This is a development server. Do not use it in a production deployment. Use a production WSGI server instead.[0m
 * Running on https://127.0.0.1:5000
2025-08-19 13:45:16,411 - werkzeug - INFO - [33mPress CTRL+C to quit[0m
2025-08-19 13:45:16,412 - werkzeug - INFO -  * Restarting with stat
2025-08-19 13:45:17,416 - werkzeug - WARNING -  * Debugger is active!
2025-08-19 13:45:17,421 - werkzeug - INFO -  * Debugger PIN: 137-844-133
2025-08-19 13:45:21,565 - HIPAA_AUDIT - INFO - Action='USER_LOGIN', Resource='authentication', UserID='None', Success='True', Details='Request successful. Status: 200'
2025-08-19 13:45:21,566 - werkzeug - INFO - 127.0.0.1 - - [19/Aug/2025 13:45:21] "POST /api/auth/login HTTP/1.1" 200 -
2025-08-19 13:45:43,423 - werkzeug - INFO - 127.0.0.1 - - [19/Aug/2025 13:45:43] "[31m[1mGET /api/patients HTTP/1.1[0m" 403 -
2025-08-19 13:45:44,915 - werkzeug - INFO - 127.0.0.1 - - [19/Aug/2025 13:45:44] "[31m[1mGET /api/patients HTTP/1.1[0m" 403 -
2025-08-19 13:45:45,831 - werkzeug - INFO - 127.0.0.1 - - [19/Aug/2025 13:45:45] "[31m[1mGET /api/patients HTTP/1.1[0m" 403 -
2025-08-19 13:45:46,621 - werkzeug - INFO - 127.0.0.1 - - [19/Aug/2025 13:45:46] "[31m[1mGET /api/patients HTTP/1.1[0m" 403 -
2025-08-19 13:53:35,548 - werkzeug - INFO -  * Detected change in 'E:\\woltrio\\DejiEMRAPI\\app\\utils\\decorators.py', reloading
2025-08-19 13:53:35,684 - werkzeug - INFO -  * Restarting with stat
2025-08-19 13:53:36,771 - werkzeug - WARNING -  * Debugger is active!
2025-08-19 13:53:36,775 - werkzeug - INFO -  * Debugger PIN: 137-844-133
2025-08-19 13:53:42,974 - werkzeug - INFO - [31m[1mWARNING: This is a development server. Do not use it in a production deployment. Use a production WSGI server instead.[0m
 * Running on https://127.0.0.1:5000
2025-08-19 13:53:42,974 - werkzeug - INFO - [33mPress CTRL+C to quit[0m
2025-08-19 13:53:42,976 - werkzeug - INFO -  * Restarting with stat
2025-08-19 13:53:43,897 - werkzeug - WARNING -  * Debugger is active!
2025-08-19 13:53:43,905 - werkzeug - INFO -  * Debugger PIN: 137-844-133
2025-08-19 13:53:48,634 - HIPAA_AUDIT - INFO - Action='USER_LOGIN', Resource='authentication', UserID='None', Success='True', Details='Request successful. Status: 200'
2025-08-19 13:53:48,635 - werkzeug - INFO - 127.0.0.1 - - [19/Aug/2025 13:53:48] "POST /api/auth/login HTTP/1.1" 200 -
2025-08-19 13:54:01,361 - HIPAA_AUDIT - INFO - Action='VIEW_PATIENTS', Resource='patients', UserID='1', Success='True', Details='Request successful. Status: 200'
2025-08-19 13:54:01,362 - werkzeug - INFO - 127.0.0.1 - - [19/Aug/2025 13:54:01] "GET /api/patients HTTP/1.1" 200 -
2025-08-19 14:20:13,840 - werkzeug - INFO - [31m[1mWARNING: This is a development server. Do not use it in a production deployment. Use a production WSGI server instead.[0m
 * Running on https://127.0.0.1:5000
2025-08-19 14:20:13,840 - werkzeug - INFO - [33mPress CTRL+C to quit[0m
2025-08-19 14:20:13,841 - werkzeug - INFO -  * Restarting with stat
2025-08-19 14:20:14,698 - werkzeug - WARNING -  * Debugger is active!
2025-08-19 14:20:14,703 - werkzeug - INFO -  * Debugger PIN: 137-844-133
2025-08-19 14:25:51,554 - werkzeug - INFO -  * Detected change in 'E:\\woltrio\\DejiEMRAPI\\app\\api\\controllers\\auth_controller.py', reloading
2025-08-19 14:25:51,816 - werkzeug - INFO -  * Restarting with stat
2025-08-19 14:25:52,921 - werkzeug - WARNING -  * Debugger is active!
2025-08-19 14:25:52,925 - werkzeug - INFO -  * Debugger PIN: 137-844-133
2025-08-19 14:26:04,254 - werkzeug - INFO -  * Detected change in 'E:\\woltrio\\DejiEMRAPI\\app\\api\\controllers\\user_controller.py', reloading
2025-08-19 14:26:04,390 - werkzeug - INFO -  * Restarting with stat
2025-08-19 14:26:05,360 - werkzeug - WARNING -  * Debugger is active!
2025-08-19 14:26:05,366 - werkzeug - INFO -  * Debugger PIN: 137-844-133
2025-08-19 14:26:12,176 - werkzeug - INFO -  * Detected change in 'E:\\woltrio\\DejiEMRAPI\\app\\api\\controllers\\patient_controller.py', reloading
2025-08-19 14:26:12,320 - werkzeug - INFO -  * Restarting with stat
2025-08-19 14:26:13,360 - werkzeug - WARNING -  * Debugger is active!
2025-08-19 14:26:13,366 - werkzeug - INFO -  * Debugger PIN: 137-844-133
2025-08-19 14:26:27,948 - werkzeug - INFO -  * Detected change in 'E:\\woltrio\\DejiEMRAPI\\app\\api\\routes.py', reloading
2025-08-19 14:26:28,168 - werkzeug - INFO -  * Restarting with stat
2025-08-19 14:26:29,208 - werkzeug - WARNING -  * Debugger is active!
2025-08-19 14:26:29,213 - werkzeug - INFO -  * Debugger PIN: 137-844-133
2025-08-19 14:26:32,752 - werkzeug - INFO -  * Detected change in 'E:\\woltrio\\DejiEMRAPI\\app\\api\\routes.py', reloading
2025-08-19 14:26:32,875 - werkzeug - INFO -  * Restarting with stat
2025-08-19 14:26:37,223 - werkzeug - INFO - [31m[1mWARNING: This is a development server. Do not use it in a production deployment. Use a production WSGI server instead.[0m
 * Running on https://127.0.0.1:5000
2025-08-19 14:26:37,224 - werkzeug - INFO - [33mPress CTRL+C to quit[0m
2025-08-19 14:26:37,225 - werkzeug - INFO -  * Restarting with stat
2025-08-19 14:26:38,083 - werkzeug - WARNING -  * Debugger is active!
2025-08-19 14:26:38,087 - werkzeug - INFO -  * Debugger PIN: 137-844-133
2025-08-19 14:26:42,647 - HIPAA_AUDIT - INFO - Action='USER_LOGIN', Resource='authentication', UserID='None', Success='True', Details='Request successful. Status: 200'
2025-08-19 14:26:42,648 - werkzeug - INFO - 127.0.0.1 - - [19/Aug/2025 14:26:42] "POST /api/auth/login HTTP/1.1" 200 -
2025-08-19 14:27:24,857 - HIPAA_AUDIT - INFO - Action='VIEW_PATIENTS', Resource='patients', UserID='1', Success='True', Details='Request successful. Status: 200'
2025-08-19 14:27:24,858 - werkzeug - INFO - 127.0.0.1 - - [19/Aug/2025 14:27:24] "GET /api/patients HTTP/1.1" 200 -
2025-08-19 14:33:50,056 - werkzeug - INFO -  * Detected change in 'E:\\woltrio\\DejiEMRAPI\\app\\utils\\encryption_util.py', reloading
2025-08-19 14:33:50,209 - werkzeug - INFO -  * Restarting with stat
2025-08-19 14:33:51,328 - werkzeug - WARNING -  * Debugger is active!
2025-08-19 14:33:51,333 - werkzeug - INFO -  * Debugger PIN: 137-844-133
2025-08-19 14:34:27,215 - werkzeug - INFO -  * Detected change in 'E:\\woltrio\\DejiEMRAPI\\app\\api\\controllers\\auth_controller.py', reloading
2025-08-19 14:34:27,397 - werkzeug - INFO -  * Restarting with stat
2025-08-19 14:43:23,885 - werkzeug - INFO - [31m[1mWARNING: This is a development server. Do not use it in a production deployment. Use a production WSGI server instead.[0m
 * Running on http://127.0.0.1:5000
2025-08-19 14:43:23,885 - werkzeug - INFO - [33mPress CTRL+C to quit[0m
2025-08-19 14:43:23,887 - werkzeug - INFO -  * Restarting with stat
2025-08-19 14:43:24,755 - werkzeug - WARNING -  * Debugger is active!
2025-08-19 14:43:24,759 - werkzeug - INFO -  * Debugger PIN: 137-844-133
2025-08-19 14:44:02,197 - werkzeug - ERROR - 127.0.0.1 - - [19/Aug/2025 14:44:02] code 400, message Bad request version ('\x13')
2025-08-19 14:44:02,198 - werkzeug - INFO - 127.0.0.1 - - [19/Aug/2025 14:44:02] "[31m[1m\x16\x03\x01\x00\x01\x00\x00\x03\x03\x9eM9\\\x9e(Z\x93Klu\x98@\x07NG\x05\x01c &9P\x01cnKL \x80\x02\x98\x9d\x17>\x19oe\x00$\x13\x01\x13\x02\x13\x03/+0,'̨̩\x09\x13[0m" 400 -
2025-08-19 14:44:19,662 - werkzeug - ERROR - 127.0.0.1 - - [19/Aug/2025 14:44:19] code 400, message Bad request version ('\x13')
2025-08-19 14:44:19,662 - werkzeug - INFO - 127.0.0.1 - - [19/Aug/2025 14:44:19] "[31m[1m\x16\x03\x01\x00\x01\x00\x00\x03\x03([N\x0f\x0cJ SmL,\x1e\x8a2\x9d٨Iģ\x82\x95\x07' \x1dHu=J}ͳ!\x1fLbqw\x95Tz3\x8f#\x13\x00$\x13\x01\x13\x02\x13\x03/+0,'̨̩\x09\x13[0m" 400 -
2025-08-19 14:46:11,451 - app - ERROR - Decryption failed: Invalid token provided.
2025-08-19 14:46:11,451 - app - ERROR - Decryption failed: Invalid token provided.
2025-08-19 14:46:11,726 - HIPAA_AUDIT - ERROR - Failed to log audit entry due to DB error: This Session's transaction has been rolled back due to a previous exception during flush. To begin a new transaction with this Session, first issue Session.rollback(). Original exception was: (psycopg2.errors.StringDataRightTruncation) value too long for type character varying(80)

[SQL: INSERT INTO users (username, email, password_hash, role_id, created_at, updated_at, last_login, failed_login_attempts, account_locked, account_locked_until, password_changed_at, must_change_password, is_active) VALUES (%(username)s, %(email)s, %(password_hash)s, %(role_id)s, %(created_at)s, %(updated_at)s, %(last_login)s, %(failed_login_attempts)s, %(account_locked)s, %(account_locked_until)s, %(password_changed_at)s, %(must_change_password)s, %(is_active)s) RETURNING users.id]
[parameters: {'username': 'gAAAAABopEfjgOFNnoPurVheZucMgOMf_Ex1IFj7lY3hy-i8z9SYbg7fDiWEZRLrS2rReqOQC-JukIx1TzsC2GTUjV8OEhcY_Q==', 'email': 'gAAAAABopEfjJTpSX3YZM-Z_YbJ2BMWxpJokZt9C53helrlMzT2hy9zwbSHufTXG2K01kAAjumRpcUXmP88DuF8Cp3Fx4ktEr25p-98lUXwgPM0vWMDDuSU=', 'password_hash': '$2b$12$Uq0HC188H14k3Nop1jl7zuNPYR3.qHrEU7ekml8amZUzo.1Qretzi', 'role_id': 1, 'created_at': datetime.datetime(2025, 8, 19, 9, 46, 11, 724370), 'updated_at': datetime.datetime(2025, 8, 19, 9, 46, 11, 724370), 'last_login': None, 'failed_login_attempts': 0, 'account_locked': False, 'account_locked_until': None, 'password_changed_at': datetime.datetime(2025, 8, 19, 9, 46, 11, 721908), 'must_change_password': False, 'is_active': True}]
(Background on this error at: https://sqlalche.me/e/14/9h9h) (Background on this error at: https://sqlalche.me/e/14/7s2a)
2025-08-19 14:46:11,727 - HIPAA_AUDIT - ERROR - Action='USER_REGISTRATION', Resource='users', UserID='None', Success='False', Details='An error occurred: (psycopg2.errors.StringDataRightTruncation) value too long for type character varying(80)

[SQL: INSERT INTO users (username, email, password_hash, role_id, created_at, updated_at, last_login, failed_login_attempts, account_locked, account_locked_until, password_changed_at, must_change_password, is_active) VALUES (%(username)s, %(email)s, %(password_hash)s, %(role_id)s, %(created_at)s, %(updated_at)s, %(last_login)s, %(failed_login_attempts)s, %(account_locked)s, %(account_locked_until)s, %(password_changed_at)s, %(must_change_password)s, %(is_active)s) RETURNING users.id]
[parameters: {'username': 'gAAAAABopEfjgOFNnoPurVheZucMgOMf_Ex1IFj7lY3hy-i8z9SYbg7fDiWEZRLrS2rReqOQC-JukIx1TzsC2GTUjV8OEhcY_Q==', 'email': 'gAAAAABopEfjJTpSX3YZM-Z_YbJ2BMWxpJokZt9C53helrlMzT2hy9zwbSHufTXG2K01kAAjumRpcUXmP88DuF8Cp3Fx4ktEr25p-98lUXwgPM0vWMDDuSU=', 'password_hash': '$2b$12$Uq0HC188H14k3Nop1jl7zuNPYR3.qHrEU7ekml8amZUzo.1Qretzi', 'role_id': 1, 'created_at': datetime.datetime(2025, 8, 19, 9, 46, 11, 724370), 'updated_at': datetime.datetime(2025, 8, 19, 9, 46, 11, 724370), 'last_login': None, 'failed_login_attempts': 0, 'account_locked': False, 'account_locked_until': None, 'password_changed_at': datetime.datetime(2025, 8, 19, 9, 46, 11, 721908), 'must_change_password': False, 'is_active': True}]
(Background on this error at: https://sqlalche.me/e/14/9h9h)'
2025-08-19 14:46:11,766 - werkzeug - INFO - 127.0.0.1 - - [19/Aug/2025 14:46:11] "[35m[1mPOST /api/auth/register HTTP/1.1[0m" 500 -
2025-08-19 14:46:32,853 - werkzeug - ERROR - 127.0.0.1 - - [19/Aug/2025 14:46:32] code 400, message Bad request version ('\x13')
2025-08-19 14:46:32,853 - werkzeug - INFO - 127.0.0.1 - - [19/Aug/2025 14:46:32] "[31m[1m\x16\x03\x01\x00\x01\x00\x00\x03\x03\x05\x03?"eF\x84rZ'\x86\x01\x19aI\x88\x06\x1bb\x0f\x15 \x8bhn\x8a\x97@g\x99\x05Ĺ\x9d*\x87>\x05iT\x83~A=\x00$\x13\x01\x13\x02\x13\x03/+0,'̨̩\x09\x13[0m" 400 -
2025-08-19 14:46:38,947 - app - ERROR - Decryption failed: Invalid token provided.
2025-08-19 14:46:38,954 - HIPAA_AUDIT - INFO - Action='USER_LOGIN', Resource='authentication', UserID='None', Success='False', Details='Request successful. Status: 401'
2025-08-19 14:46:38,955 - werkzeug - INFO - 127.0.0.1 - - [19/Aug/2025 14:46:38] "[31m[1mPOST /api/auth/login HTTP/1.1[0m" 401 -
2025-08-19 14:46:40,663 - app - ERROR - Decryption failed: Invalid token provided.
2025-08-19 14:46:40,670 - HIPAA_AUDIT - INFO - Action='USER_LOGIN', Resource='authentication', UserID='None', Success='False', Details='Request successful. Status: 401'
2025-08-19 14:46:40,670 - werkzeug - INFO - 127.0.0.1 - - [19/Aug/2025 14:46:40] "[31m[1mPOST /api/auth/login HTTP/1.1[0m" 401 -
2025-08-19 14:46:42,130 - app - ERROR - Decryption failed: Invalid token provided.
2025-08-19 14:46:42,137 - HIPAA_AUDIT - INFO - Action='USER_LOGIN', Resource='authentication', UserID='None', Success='False', Details='Request successful. Status: 401'
2025-08-19 14:46:42,137 - werkzeug - INFO - 127.0.0.1 - - [19/Aug/2025 14:46:42] "[31m[1mPOST /api/auth/login HTTP/1.1[0m" 401 -
2025-08-19 14:47:10,639 - app - ERROR - Decryption failed: Invalid token provided.
2025-08-19 14:47:10,647 - HIPAA_AUDIT - INFO - Action='USER_LOGIN', Resource='authentication', UserID='None', Success='False', Details='Request successful. Status: 401'
2025-08-19 14:47:10,647 - werkzeug - INFO - 127.0.0.1 - - [19/Aug/2025 14:47:10] "[31m[1mPOST /api/auth/login HTTP/1.1[0m" 401 -
2025-08-19 14:52:14,383 - app - ERROR - Decryption failed: Invalid token provided.
2025-08-19 14:52:14,383 - app - ERROR - Decryption failed: Invalid token provided.
2025-08-19 14:52:14,721 - HIPAA_AUDIT - ERROR - Failed to log audit entry due to DB error: This Session's transaction has been rolled back due to a previous exception during flush. To begin a new transaction with this Session, first issue Session.rollback(). Original exception was: (psycopg2.errors.StringDataRightTruncation) value too long for type character varying(80)

[SQL: INSERT INTO users (username, email, password_hash, role_id, created_at, updated_at, last_login, failed_login_attempts, account_locked, account_locked_until, password_changed_at, must_change_password, is_active) VALUES (%(username)s, %(email)s, %(password_hash)s, %(role_id)s, %(created_at)s, %(updated_at)s, %(last_login)s, %(failed_login_attempts)s, %(account_locked)s, %(account_locked_until)s, %(password_changed_at)s, %(must_change_password)s, %(is_active)s) RETURNING users.id]
[parameters: {'username': 'gAAAAABopElOblkY5uGsE9rZbGuPI0j4D8Qqc89ONpVjtkWLMgNll1qVDbDDX2FOoGeyinZxX-T2raUgQ4hQ_o8fwUK2n1zQ-Q==', 'email': 'gAAAAABopElOGStRddfa_ibyVA-g_3ju0-k12KzSt1vJScTX_Vqogf_JfRQglS5-30Nsg_iys8asi5WouvtFmRTY7oJgA3Eqz_8EbvhpC6edlFsDdEsKLOU=', 'password_hash': '$2b$12$1kXh0JRYE/72J4KcAoE.9O1ArCF3A4bg.oosIyXf07PEG6u9.P5ji', 'role_id': 1, 'created_at': datetime.datetime(2025, 8, 19, 9, 52, 14, 719192), 'updated_at': datetime.datetime(2025, 8, 19, 9, 52, 14, 719192), 'last_login': None, 'failed_login_attempts': 0, 'account_locked': False, 'account_locked_until': None, 'password_changed_at': datetime.datetime(2025, 8, 19, 9, 52, 14, 719192), 'must_change_password': False, 'is_active': True}]
(Background on this error at: https://sqlalche.me/e/14/9h9h) (Background on this error at: https://sqlalche.me/e/14/7s2a)
2025-08-19 14:52:14,721 - HIPAA_AUDIT - ERROR - Action='USER_REGISTRATION', Resource='users', UserID='None', Success='False', Details='An error occurred: (psycopg2.errors.StringDataRightTruncation) value too long for type character varying(80)

[SQL: INSERT INTO users (username, email, password_hash, role_id, created_at, updated_at, last_login, failed_login_attempts, account_locked, account_locked_until, password_changed_at, must_change_password, is_active) VALUES (%(username)s, %(email)s, %(password_hash)s, %(role_id)s, %(created_at)s, %(updated_at)s, %(last_login)s, %(failed_login_attempts)s, %(account_locked)s, %(account_locked_until)s, %(password_changed_at)s, %(must_change_password)s, %(is_active)s) RETURNING users.id]
[parameters: {'username': 'gAAAAABopElOblkY5uGsE9rZbGuPI0j4D8Qqc89ONpVjtkWLMgNll1qVDbDDX2FOoGeyinZxX-T2raUgQ4hQ_o8fwUK2n1zQ-Q==', 'email': 'gAAAAABopElOGStRddfa_ibyVA-g_3ju0-k12KzSt1vJScTX_Vqogf_JfRQglS5-30Nsg_iys8asi5WouvtFmRTY7oJgA3Eqz_8EbvhpC6edlFsDdEsKLOU=', 'password_hash': '$2b$12$1kXh0JRYE/72J4KcAoE.9O1ArCF3A4bg.oosIyXf07PEG6u9.P5ji', 'role_id': 1, 'created_at': datetime.datetime(2025, 8, 19, 9, 52, 14, 719192), 'updated_at': datetime.datetime(2025, 8, 19, 9, 52, 14, 719192), 'last_login': None, 'failed_login_attempts': 0, 'account_locked': False, 'account_locked_until': None, 'password_changed_at': datetime.datetime(2025, 8, 19, 9, 52, 14, 719192), 'must_change_password': False, 'is_active': True}]
(Background on this error at: https://sqlalche.me/e/14/9h9h)'
2025-08-19 14:52:14,752 - werkzeug - INFO - 127.0.0.1 - - [19/Aug/2025 14:52:14] "[35m[1mPOST /api/auth/register HTTP/1.1[0m" 500 -
2025-08-19 14:52:41,415 - werkzeug - INFO - [31m[1mWARNING: This is a development server. Do not use it in a production deployment. Use a production WSGI server instead.[0m
 * Running on http://127.0.0.1:5000
2025-08-19 14:52:41,415 - werkzeug - INFO - [33mPress CTRL+C to quit[0m
2025-08-19 14:52:41,420 - werkzeug - INFO -  * Restarting with stat
2025-08-19 14:52:42,515 - werkzeug - WARNING -  * Debugger is active!
2025-08-19 14:52:42,520 - werkzeug - INFO -  * Debugger PIN: 137-844-133
2025-08-19 14:53:03,051 - app - ERROR - Decryption failed: Invalid token provided.
2025-08-19 14:53:03,051 - app - ERROR - Decryption failed: Invalid token provided.
2025-08-19 14:53:03,406 - HIPAA_AUDIT - ERROR - Failed to log audit entry due to DB error: This Session's transaction has been rolled back due to a previous exception during flush. To begin a new transaction with this Session, first issue Session.rollback(). Original exception was: (psycopg2.errors.StringDataRightTruncation) value too long for type character varying(80)

[SQL: INSERT INTO users (username, email, password_hash, role_id, created_at, updated_at, last_login, failed_login_attempts, account_locked, account_locked_until, password_changed_at, must_change_password, is_active) VALUES (%(username)s, %(email)s, %(password_hash)s, %(role_id)s, %(created_at)s, %(updated_at)s, %(last_login)s, %(failed_login_attempts)s, %(account_locked)s, %(account_locked_until)s, %(password_changed_at)s, %(must_change_password)s, %(is_active)s) RETURNING users.id]
[parameters: {'username': 'gAAAAABopEl-dQzJWx-qQXhxyufZPr_1x9vTy5pKtmak25fL6UX_2xSHZdVkUYOXjWejZp0_47HheYXZKnifOfezV7Ll1_rBVw==', 'email': 'gAAAAABopEl-YdA_HP73KdnSESRj9Td9rVOle2CUsolwkICXk6oVWkbK33reHhrpvRRz24wucaSjf6ydq5FgMKbISSjapDFPqjCC1ZTWR4MY4FUqPi3OuV8=', 'password_hash': '$2b$12$MLe1C2nt4mqL0hxghLcOa.VhPFGTHpx7NbpMW.AZ1w6Ctmg9ypNIa', 'role_id': 1, 'created_at': datetime.datetime(2025, 8, 19, 9, 53, 3, 401033), 'updated_at': datetime.datetime(2025, 8, 19, 9, 53, 3, 401033), 'last_login': None, 'failed_login_attempts': 0, 'account_locked': False, 'account_locked_until': None, 'password_changed_at': datetime.datetime(2025, 8, 19, 9, 53, 3, 401033), 'must_change_password': False, 'is_active': True}]
(Background on this error at: https://sqlalche.me/e/14/9h9h) (Background on this error at: https://sqlalche.me/e/14/7s2a)
2025-08-19 14:53:03,406 - HIPAA_AUDIT - ERROR - Action='USER_REGISTRATION', Resource='users', UserID='None', Success='False', Details='An error occurred: (psycopg2.errors.StringDataRightTruncation) value too long for type character varying(80)

[SQL: INSERT INTO users (username, email, password_hash, role_id, created_at, updated_at, last_login, failed_login_attempts, account_locked, account_locked_until, password_changed_at, must_change_password, is_active) VALUES (%(username)s, %(email)s, %(password_hash)s, %(role_id)s, %(created_at)s, %(updated_at)s, %(last_login)s, %(failed_login_attempts)s, %(account_locked)s, %(account_locked_until)s, %(password_changed_at)s, %(must_change_password)s, %(is_active)s) RETURNING users.id]
[parameters: {'username': 'gAAAAABopEl-dQzJWx-qQXhxyufZPr_1x9vTy5pKtmak25fL6UX_2xSHZdVkUYOXjWejZp0_47HheYXZKnifOfezV7Ll1_rBVw==', 'email': 'gAAAAABopEl-YdA_HP73KdnSESRj9Td9rVOle2CUsolwkICXk6oVWkbK33reHhrpvRRz24wucaSjf6ydq5FgMKbISSjapDFPqjCC1ZTWR4MY4FUqPi3OuV8=', 'password_hash': '$2b$12$MLe1C2nt4mqL0hxghLcOa.VhPFGTHpx7NbpMW.AZ1w6Ctmg9ypNIa', 'role_id': 1, 'created_at': datetime.datetime(2025, 8, 19, 9, 53, 3, 401033), 'updated_at': datetime.datetime(2025, 8, 19, 9, 53, 3, 401033), 'last_login': None, 'failed_login_attempts': 0, 'account_locked': False, 'account_locked_until': None, 'password_changed_at': datetime.datetime(2025, 8, 19, 9, 53, 3, 401033), 'must_change_password': False, 'is_active': True}]
(Background on this error at: https://sqlalche.me/e/14/9h9h)'
2025-08-19 14:53:03,455 - werkzeug - INFO - 127.0.0.1 - - [19/Aug/2025 14:53:03] "[35m[1mPOST /api/auth/register HTTP/1.1[0m" 500 -
2025-08-19 14:55:07,673 - werkzeug - INFO -  * Detected change in 'E:\\woltrio\\DejiEMRAPI\\app\\models\\user_models.py', reloading
2025-08-19 14:55:07,821 - werkzeug - INFO -  * Restarting with stat
2025-08-19 14:56:02,725 - werkzeug - INFO - [31m[1mWARNING: This is a development server. Do not use it in a production deployment. Use a production WSGI server instead.[0m
 * Running on http://127.0.0.1:5000
2025-08-19 14:56:02,725 - werkzeug - INFO - [33mPress CTRL+C to quit[0m
2025-08-19 14:56:02,731 - werkzeug - INFO -  * Restarting with stat
2025-08-19 14:56:03,950 - werkzeug - WARNING -  * Debugger is active!
2025-08-19 14:56:03,955 - werkzeug - INFO -  * Debugger PIN: 137-844-133
2025-08-19 14:56:08,901 - app - ERROR - Decryption failed: Invalid token provided.
2025-08-19 14:56:08,901 - app - ERROR - Decryption failed: Invalid token provided.
2025-08-19 14:56:09,251 - HIPAA_AUDIT - INFO - Action='USER_REGISTRATION', Resource='users', UserID='2', Success='True', Details='Request successful. Status: 201'
2025-08-19 14:56:09,251 - werkzeug - INFO - 127.0.0.1 - - [19/Aug/2025 14:56:09] "[35m[1mPOST /api/auth/register HTTP/1.1[0m" 201 -
2025-08-19 14:56:14,739 - app - ERROR - Decryption failed: Invalid token provided.
2025-08-19 14:56:15,076 - HIPAA_AUDIT - INFO - Action='USER_LOGIN', Resource='authentication', UserID='None', Success='True', Details='Request successful. Status: 200'
2025-08-19 14:56:15,076 - werkzeug - INFO - 127.0.0.1 - - [19/Aug/2025 14:56:15] "POST /api/auth/login HTTP/1.1" 200 -
2025-08-19 14:57:02,205 - werkzeug - ERROR - 127.0.0.1 - - [19/Aug/2025 14:57:02] code 400, message Bad request version ('\x13')
2025-08-19 14:57:02,205 - werkzeug - INFO - 127.0.0.1 - - [19/Aug/2025 14:57:02] "[31m[1m\x16\x03\x01\x00\x01\x00\x00\x03\x03\x9f3*> 1\x92\x1b\\|\x96\x00\x94\x15% \x88[\x09 \x98\x91\x04\x04\x87\x0f"F\x8b\x0b\x97:3\x9e\x93\x02\x9c\x13\\\x0e\x00$\x13\x01\x13\x02\x13\x03/+0,'̨̩\x09\x13[0m" 400 -
2025-08-19 14:57:10,762 - HIPAA_AUDIT - INFO - Action='VIEW_PATIENTS', Resource='patients', UserID='2', Success='True', Details='Request successful. Status: 200'
2025-08-19 14:57:10,763 - werkzeug - INFO - 127.0.0.1 - - [19/Aug/2025 14:57:10] "GET /api/patients HTTP/1.1" 200 -
2025-08-19 15:18:41,956 - app - ERROR - Decryption failed: Invalid token provided.
2025-08-19 15:18:42,302 - HIPAA_AUDIT - INFO - Action='USER_LOGIN', Resource='authentication', UserID='None', Success='True', Details='Request successful. Status: 200'
2025-08-19 15:18:42,302 - werkzeug - INFO - 127.0.0.1 - - [19/Aug/2025 15:18:42] "POST /api/auth/login HTTP/1.1" 200 -
2025-08-19 15:21:48,331 - HIPAA_AUDIT - INFO - Action='USER_REGISTRATION', Resource='users', UserID='3', Success='True', Details='Request successful. Status: 201'
2025-08-19 15:21:48,331 - werkzeug - INFO - 127.0.0.1 - - [19/Aug/2025 15:21:48] "[35m[1mPOST /api/auth/register HTTP/1.1[0m" 201 -
2025-08-19 15:22:15,381 - HIPAA_AUDIT - INFO - Action='USER_LOGIN', Resource='authentication', UserID='None', Success='True', Details='Request successful. Status: 200'
2025-08-19 15:22:15,381 - werkzeug - INFO - 127.0.0.1 - - [19/Aug/2025 15:22:15] "POST /api/auth/login HTTP/1.1" 200 -
2025-08-19 16:42:01,252 - werkzeug - INFO - [31m[1mWARNING: This is a development server. Do not use it in a production deployment. Use a production WSGI server instead.[0m
 * Running on http://127.0.0.1:5000
2025-08-19 16:42:01,252 - werkzeug - INFO - [33mPress CTRL+C to quit[0m
2025-08-19 16:42:01,254 - werkzeug - INFO -  * Restarting with stat
2025-08-19 16:42:02,666 - werkzeug - WARNING -  * Debugger is active!
2025-08-19 16:42:02,674 - werkzeug - INFO -  * Debugger PIN: 137-844-133
2025-08-19 16:42:19,369 - HIPAA_AUDIT - INFO - Action='DOCTOR_REGISTRATION', Resource='doctors', UserID='6', Success='True', Details='Request successful. Status: 201'
2025-08-19 16:42:19,370 - werkzeug - INFO - 127.0.0.1 - - [19/Aug/2025 16:42:19] "[35m[1mPOST /api/doctors/register HTTP/1.1[0m" 201 -
2025-08-19 16:42:30,085 - HIPAA_AUDIT - INFO - Action='USER_LOGIN', Resource='authentication', UserID='None', Success='False', Details='Request successful. Status: 401'
2025-08-19 16:42:30,085 - werkzeug - INFO - 127.0.0.1 - - [19/Aug/2025 16:42:30] "[31m[1mPOST /api/auth/login HTTP/1.1[0m" 401 -
2025-08-19 16:43:44,747 - werkzeug - INFO -  * Detected change in 'E:\\woltrio\\DejiEMRAPI\\app\\api\\controllers\\auth_controller.py', reloading
2025-08-19 16:43:45,013 - werkzeug - INFO -  * Restarting with stat
2025-08-19 16:43:46,517 - werkzeug - WARNING -  * Debugger is active!
2025-08-19 16:43:46,529 - werkzeug - INFO -  * Debugger PIN: 137-844-133
2025-08-19 16:43:50,202 - werkzeug - INFO -  * Detected change in 'E:\\woltrio\\DejiEMRAPI\\app\\api\\controllers\\auth_controller.py', reloading
2025-08-19 16:43:50,323 - werkzeug - INFO -  * Restarting with stat
2025-08-19 16:43:52,786 - werkzeug - WARNING -  * Debugger is active!
2025-08-19 16:43:52,795 - werkzeug - INFO -  * Debugger PIN: 137-844-133
2025-08-19 16:43:55,137 - HIPAA_AUDIT - INFO - Action='USER_LOGIN', Resource='authentication', UserID='None', Success='False', Details='Request successful. Status: 401'
2025-08-19 16:43:55,138 - werkzeug - INFO - 127.0.0.1 - - [19/Aug/2025 16:43:55] "[31m[1mPOST /api/auth/login HTTP/1.1[0m" 401 -
2025-08-19 16:44:05,458 - HIPAA_AUDIT - INFO - Action='DOCTOR_REGISTRATION', Resource='doctors', UserID='None', Success='False', Details='Request successful. Status: 409'
2025-08-19 16:44:05,459 - werkzeug - INFO - 127.0.0.1 - - [19/Aug/2025 16:44:05] "[31m[1mPOST /api/doctors/register HTTP/1.1[0m" 409 -
2025-08-19 16:47:39,914 - werkzeug - INFO -  * Detected change in 'E:\\woltrio\\DejiEMRAPI\\app\\api\\controllers\\doctor_controller.py', reloading
2025-08-19 16:47:40,184 - werkzeug - INFO -  * Restarting with stat
2025-08-19 16:47:41,751 - werkzeug - WARNING -  * Debugger is active!
2025-08-19 16:47:41,761 - werkzeug - INFO -  * Debugger PIN: 137-844-133
2025-08-19 16:48:10,123 - HIPAA_AUDIT - INFO - Action='DOCTOR_REGISTRATION', Resource='doctors', UserID='None', Success='False', Details='Request successful. Status: 409'
2025-08-19 16:48:10,124 - werkzeug - INFO - 127.0.0.1 - - [19/Aug/2025 16:48:10] "[31m[1mPOST /api/doctors/register HTTP/1.1[0m" 409 -
2025-08-19 16:48:16,235 - HIPAA_AUDIT - INFO - Action='DOCTOR_REGISTRATION', Resource='doctors', UserID='7', Success='True', Details='Request successful. Status: 201'
2025-08-19 16:48:16,236 - werkzeug - INFO - 127.0.0.1 - - [19/Aug/2025 16:48:16] "[35m[1mPOST /api/doctors/register HTTP/1.1[0m" 201 -
2025-08-19 16:48:20,617 - HIPAA_AUDIT - INFO - Action='USER_LOGIN', Resource='authentication', UserID='None', Success='True', Details='Request successful. Status: 200'
2025-08-19 16:48:20,617 - werkzeug - INFO - 127.0.0.1 - - [19/Aug/2025 16:48:20] "POST /api/auth/login HTTP/1.1" 200 -
2025-08-19 17:25:05,671 - werkzeug - INFO -  * Detected change in 'E:\\woltrio\\DejiEMRAPI\\app\\utils\\email_util.py', reloading
2025-08-19 17:25:05,892 - werkzeug - INFO -  * Restarting with stat
2025-08-19 17:25:08,564 - werkzeug - WARNING -  * Debugger is active!
2025-08-19 17:25:08,570 - werkzeug - INFO -  * Debugger PIN: 137-844-133
2025-08-19 17:25:32,297 - werkzeug - INFO -  * Detected change in 'E:\\woltrio\\DejiEMRAPI\\app\\utils\\email_util.py', reloading
2025-08-19 17:25:32,480 - werkzeug - INFO -  * Restarting with stat
2025-08-19 17:25:34,852 - werkzeug - WARNING -  * Debugger is active!
2025-08-19 17:25:34,858 - werkzeug - INFO -  * Debugger PIN: 137-844-133
2025-08-19 17:26:25,321 - werkzeug - INFO -  * Detected change in 'E:\\woltrio\\DejiEMRAPI\\app\\api\\controllers\\doctor_controller.py', reloading
2025-08-19 17:26:25,481 - werkzeug - INFO -  * Restarting with stat
2025-08-19 17:26:27,100 - werkzeug - WARNING -  * Debugger is active!
2025-08-19 17:26:27,107 - werkzeug - INFO -  * Debugger PIN: 137-844-133
2025-08-19 17:27:22,915 - app - ERROR - Failed to send email to huzaifaalix@gmail.com: (535, b'5.7.8 Username and Password not accepted. For more information, go to\n5.7.8  https://support.google.com/mail/?p=BadCredentials ffacd0b85a97d-3c0771c166bsm3538087f8f.33 - gsmtp')
2025-08-19 17:27:22,925 - HIPAA_AUDIT - INFO - Action='DOCTOR_REGISTRATION', Resource='doctors', UserID='None', Success='True', Details='Request successful. Status: 201'
2025-08-19 17:27:22,926 - werkzeug - INFO - 127.0.0.1 - - [19/Aug/2025 17:27:22] "[35m[1mPOST /api/doctors/register HTTP/1.1[0m" 201 -
2025-08-19 17:30:38,773 - app - ERROR - Failed to send email to huzaifaali2002@gmail.com: (535, b'5.7.8 Username and Password not accepted. For more information, go to\n5.7.8  https://support.google.com/mail/?p=BadCredentials 5b1f17b1804b1-45b42a84417sm38532385e9.13 - gsmtp')
2025-08-19 17:30:38,780 - HIPAA_AUDIT - INFO - Action='DOCTOR_REGISTRATION', Resource='doctors', UserID='None', Success='True', Details='Request successful. Status: 201'
2025-08-19 17:30:38,780 - werkzeug - INFO - 127.0.0.1 - - [19/Aug/2025 17:30:38] "[35m[1mPOST /api/doctors/register HTTP/1.1[0m" 201 -
2025-08-19 17:31:23,607 - werkzeug - INFO - [31m[1mWARNING: This is a development server. Do not use it in a production deployment. Use a production WSGI server instead.[0m
 * Running on http://127.0.0.1:5000
2025-08-19 17:31:23,607 - werkzeug - INFO - [33mPress CTRL+C to quit[0m
2025-08-19 17:31:23,607 - werkzeug - INFO -  * Restarting with stat
2025-08-19 17:31:24,960 - werkzeug - WARNING -  * Debugger is active!
2025-08-19 17:31:24,963 - werkzeug - INFO -  * Debugger PIN: 137-844-133
2025-08-19 17:31:57,742 - app - ERROR - Failed to send email to zayfadeveloper@gmail.com: (535, b'5.7.8 Username and Password not accepted. For more information, go to\n5.7.8  https://support.google.com/mail/?p=BadCredentials 5b1f17b1804b1-45b42a77547sm38821475e9.10 - gsmtp')
2025-08-19 17:31:57,749 - HIPAA_AUDIT - INFO - Action='DOCTOR_REGISTRATION', Resource='doctors', UserID='None', Success='True', Details='Request successful. Status: 201'
2025-08-19 17:31:57,750 - werkzeug - INFO - 127.0.0.1 - - [19/Aug/2025 17:31:57] "[35m[1mPOST /api/doctors/register HTTP/1.1[0m" 201 -
2025-08-19 17:37:53,000 - werkzeug - INFO - [31m[1mWARNING: This is a development server. Do not use it in a production deployment. Use a production WSGI server instead.[0m
 * Running on http://127.0.0.1:5000
2025-08-19 17:37:53,000 - werkzeug - INFO - [33mPress CTRL+C to quit[0m
2025-08-19 17:37:53,002 - werkzeug - INFO -  * Restarting with stat
2025-08-19 17:37:54,939 - werkzeug - WARNING -  * Debugger is active!
2025-08-19 17:37:54,950 - werkzeug - INFO -  * Debugger PIN: 137-844-133
2025-08-19 17:43:23,968 - werkzeug - INFO - [31m[1mWARNING: This is a development server. Do not use it in a production deployment. Use a production WSGI server instead.[0m
 * Running on http://127.0.0.1:5000
2025-08-19 17:43:23,968 - werkzeug - INFO - [33mPress CTRL+C to quit[0m
2025-08-19 17:43:23,968 - werkzeug - INFO -  * Restarting with stat
2025-08-19 17:43:25,404 - werkzeug - WARNING -  * Debugger is active!
2025-08-19 17:43:25,414 - werkzeug - INFO -  * Debugger PIN: 137-844-133
2025-08-19 17:46:21,122 - HIPAA_AUDIT - INFO - Action='USER_REGISTRATION', Resource='users', UserID='1', Success='True', Details='Request successful. Status: 201'
2025-08-19 17:46:21,124 - werkzeug - INFO - 127.0.0.1 - - [19/Aug/2025 17:46:21] "[35m[1mPOST /api/auth/register HTTP/1.1[0m" 201 -
2025-08-19 17:46:25,143 - HIPAA_AUDIT - INFO - Action='USER_LOGIN', Resource='authentication', UserID='None', Success='True', Details='Request successful. Status: 200'
2025-08-19 17:46:25,144 - werkzeug - INFO - 127.0.0.1 - - [19/Aug/2025 17:46:25] "POST /api/auth/login HTTP/1.1" 200 -
2025-08-19 17:46:34,470 - app - INFO - Successfully sent password email to zayfadeveloper@gmail.com
2025-08-19 17:46:34,478 - HIPAA_AUDIT - INFO - Action='DOCTOR_REGISTRATION', Resource='doctors', UserID='None', Success='True', Details='Request successful. Status: 201'
2025-08-19 17:46:34,479 - werkzeug - INFO - 127.0.0.1 - - [19/Aug/2025 17:46:34] "[35m[1mPOST /api/doctors/register HTTP/1.1[0m" 201 -
2025-08-20 10:34:13,301 - werkzeug - INFO - [31m[1mWARNING: This is a development server. Do not use it in a production deployment. Use a production WSGI server instead.[0m
 * Running on http://127.0.0.1:5000
2025-08-20 10:34:13,302 - werkzeug - INFO - [33mPress CTRL+C to quit[0m
2025-08-20 10:34:13,304 - werkzeug - INFO -  * Restarting with stat
2025-08-20 10:34:15,050 - werkzeug - WARNING -  * Debugger is active!
2025-08-20 10:34:15,070 - werkzeug - INFO -  * Debugger PIN: 137-844-133
2025-08-20 10:35:06,493 - werkzeug - INFO -  * Detected change in 'E:\\woltrio\\DejiEMRAPI\\app\\commands.py', reloading
2025-08-20 10:35:06,643 - werkzeug - INFO -  * Restarting with stat
2025-08-20 10:35:08,373 - werkzeug - WARNING -  * Debugger is active!
2025-08-20 10:35:08,383 - werkzeug - INFO -  * Debugger PIN: 137-844-133
2025-08-20 10:35:19,229 - werkzeug - INFO -  * Detected change in 'E:\\woltrio\\DejiEMRAPI\\app\\api\\routes.py', reloading
2025-08-20 10:35:19,413 - werkzeug - INFO -  * Restarting with stat
2025-08-20 10:35:21,023 - werkzeug - WARNING -  * Debugger is active!
2025-08-20 10:35:21,033 - werkzeug - INFO -  * Debugger PIN: 137-844-133
2025-08-20 10:35:34,069 - werkzeug - INFO -  * Detected change in 'E:\\woltrio\\DejiEMRAPI\\app\\api\\controllers\\auth_controller.py', reloading
2025-08-20 10:35:34,260 - werkzeug - INFO -  * Restarting with stat
2025-08-20 10:35:35,853 - werkzeug - WARNING -  * Debugger is active!
2025-08-20 10:35:35,863 - werkzeug - INFO -  * Debugger PIN: 137-844-133
2025-08-20 10:36:08,463 - werkzeug - INFO -  * Detected change in 'E:\\woltrio\\DejiEMRAPI\\app\\api\\controllers\\doctor_controller.py', reloading
2025-08-20 10:36:08,693 - werkzeug - INFO -  * Restarting with stat
2025-08-20 10:36:10,583 - werkzeug - WARNING -  * Debugger is active!
2025-08-20 10:36:10,593 - werkzeug - INFO -  * Debugger PIN: 137-844-133
2025-08-20 10:36:59,232 - HIPAA_AUDIT - ERROR - Action='USER_LOGIN', Resource='authentication', UserID='None', Success='False', Details='An error occurred: (psycopg2.errors.UndefinedColumn) column users.username_hash does not exist
LINE 1: ...me AS users_username, users.email AS users_email, users.user...
                                                             ^

[SQL: SELECT users.id AS users_id, users.username AS users_username, users.email AS users_email, users.username_hash AS users_username_hash, users.email_hash AS users_email_hash, users.password_hash AS users_password_hash, users.role_id AS users_role_id, users.created_at AS users_created_at, users.updated_at AS users_updated_at, users.last_login AS users_last_login, users.failed_login_attempts AS users_failed_login_attempts, users.account_locked AS users_account_locked, users.account_locked_until AS users_account_locked_until, users.password_changed_at AS users_password_changed_at, users.must_change_password AS users_must_change_password, users.is_active AS users_is_active 
FROM users 
WHERE users.username_hash = %(username_hash_1)s 
 LIMIT %(param_1)s]
[parameters: {'username_hash_1': '799824ba3560d3955f302c392de50e2232991ffaeca6f24200cf46571b523489', 'param_1': 1}]
(Background on this error at: https://sqlalche.me/e/14/f405)'
2025-08-20 10:36:59,278 - werkzeug - INFO - 127.0.0.1 - - [20/Aug/2025 10:36:59] "[35m[1mPOST /api/auth/login HTTP/1.1[0m" 500 -
2025-08-20 10:37:07,586 - HIPAA_AUDIT - ERROR - Action='USER_LOGIN', Resource='authentication', UserID='None', Success='False', Details='An error occurred: (psycopg2.errors.UndefinedColumn) column users.username_hash does not exist
LINE 1: ...me AS users_username, users.email AS users_email, users.user...
                                                             ^

[SQL: SELECT users.id AS users_id, users.username AS users_username, users.email AS users_email, users.username_hash AS users_username_hash, users.email_hash AS users_email_hash, users.password_hash AS users_password_hash, users.role_id AS users_role_id, users.created_at AS users_created_at, users.updated_at AS users_updated_at, users.last_login AS users_last_login, users.failed_login_attempts AS users_failed_login_attempts, users.account_locked AS users_account_locked, users.account_locked_until AS users_account_locked_until, users.password_changed_at AS users_password_changed_at, users.must_change_password AS users_must_change_password, users.is_active AS users_is_active 
FROM users 
WHERE users.username_hash = %(username_hash_1)s 
 LIMIT %(param_1)s]
[parameters: {'username_hash_1': '799824ba3560d3955f302c392de50e2232991ffaeca6f24200cf46571b523489', 'param_1': 1}]
(Background on this error at: https://sqlalche.me/e/14/f405)'
2025-08-20 10:37:07,623 - werkzeug - INFO - 127.0.0.1 - - [20/Aug/2025 10:37:07] "[35m[1mPOST /api/auth/login HTTP/1.1[0m" 500 -
2025-08-20 10:37:31,351 - werkzeug - INFO - [31m[1mWARNING: This is a development server. Do not use it in a production deployment. Use a production WSGI server instead.[0m
 * Running on http://127.0.0.1:5000
2025-08-20 10:37:31,351 - werkzeug - INFO - [33mPress CTRL+C to quit[0m
2025-08-20 10:37:31,355 - werkzeug - INFO -  * Restarting with stat
2025-08-20 10:37:33,004 - werkzeug - WARNING -  * Debugger is active!
2025-08-20 10:37:33,013 - werkzeug - INFO -  * Debugger PIN: 137-844-133
2025-08-20 10:37:34,869 - HIPAA_AUDIT - ERROR - Action='USER_LOGIN', Resource='authentication', UserID='None', Success='False', Details='An error occurred: (psycopg2.errors.UndefinedColumn) column users.username_hash does not exist
LINE 1: ...me AS users_username, users.email AS users_email, users.user...
                                                             ^

[SQL: SELECT users.id AS users_id, users.username AS users_username, users.email AS users_email, users.username_hash AS users_username_hash, users.email_hash AS users_email_hash, users.password_hash AS users_password_hash, users.role_id AS users_role_id, users.created_at AS users_created_at, users.updated_at AS users_updated_at, users.last_login AS users_last_login, users.failed_login_attempts AS users_failed_login_attempts, users.account_locked AS users_account_locked, users.account_locked_until AS users_account_locked_until, users.password_changed_at AS users_password_changed_at, users.must_change_password AS users_must_change_password, users.is_active AS users_is_active 
FROM users 
WHERE users.username_hash = %(username_hash_1)s 
 LIMIT %(param_1)s]
[parameters: {'username_hash_1': '799824ba3560d3955f302c392de50e2232991ffaeca6f24200cf46571b523489', 'param_1': 1}]
(Background on this error at: https://sqlalche.me/e/14/f405)'
2025-08-20 10:37:34,911 - werkzeug - INFO - 127.0.0.1 - - [20/Aug/2025 10:37:34] "[35m[1mPOST /api/auth/login HTTP/1.1[0m" 500 -
2025-08-20 10:44:16,704 - werkzeug - INFO - [31m[1mWARNING: This is a development server. Do not use it in a production deployment. Use a production WSGI server instead.[0m
 * Running on http://127.0.0.1:5000
2025-08-20 10:44:16,705 - werkzeug - INFO - [33mPress CTRL+C to quit[0m
2025-08-20 10:44:16,709 - werkzeug - INFO -  * Restarting with stat
2025-08-20 10:44:18,222 - werkzeug - WARNING -  * Debugger is active!
2025-08-20 10:44:18,230 - werkzeug - INFO -  * Debugger PIN: 137-844-133
2025-08-20 10:44:26,324 - HIPAA_AUDIT - INFO - Action='USER_REGISTRATION', Resource='users', UserID='1', Success='True', Details='Request successful. Status: 201'
2025-08-20 10:44:26,325 - werkzeug - INFO - 127.0.0.1 - - [20/Aug/2025 10:44:26] "[35m[1mPOST /api/auth/register HTTP/1.1[0m" 201 -
2025-08-20 10:44:31,496 - HIPAA_AUDIT - INFO - Action='USER_LOGIN', Resource='authentication', UserID='None', Success='True', Details='Request successful. Status: 200'
2025-08-20 10:44:31,497 - werkzeug - INFO - 127.0.0.1 - - [20/Aug/2025 10:44:31] "POST /api/auth/login HTTP/1.1" 200 -
2025-08-20 10:44:49,836 - HIPAA_AUDIT - INFO - Action='VIEW_PATIENTS', Resource='patients', UserID='1', Success='True', Details='Request successful. Status: 200'
2025-08-20 10:44:49,837 - werkzeug - INFO - 127.0.0.1 - - [20/Aug/2025 10:44:49] "GET /api/patients HTTP/1.1" 200 -
2025-08-20 10:44:57,554 - werkzeug - INFO - 127.0.0.1 - - [20/Aug/2025 10:44:57] "[31m[1mPOST /api/doctors/register HTTP/1.1[0m" 401 -
2025-08-20 10:45:21,200 - app - INFO - Successfully sent password email to zayfadeveloper@gmail.com
2025-08-20 10:45:21,206 - HIPAA_AUDIT - INFO - Action='DOCTOR_REGISTRATION', Resource='doctors', UserID='2', Success='True', Details='Request successful. Status: 201'
2025-08-20 10:45:21,207 - werkzeug - INFO - 127.0.0.1 - - [20/Aug/2025 10:45:21] "[35m[1mPOST /api/doctors/register HTTP/1.1[0m" 201 -
2025-08-20 10:46:11,427 - HIPAA_AUDIT - INFO - Action='USER_LOGIN', Resource='authentication', UserID='None', Success='True', Details='Request successful. Status: 200'
2025-08-20 10:46:11,428 - werkzeug - INFO - 127.0.0.1 - - [20/Aug/2025 10:46:11] "POST /api/auth/login HTTP/1.1" 200 -
2025-08-20 11:04:09,453 - werkzeug - INFO - [31m[1mWARNING: This is a development server. Do not use it in a production deployment. Use a production WSGI server instead.[0m
 * Running on http://127.0.0.1:5000
2025-08-20 11:04:09,453 - werkzeug - INFO - [33mPress CTRL+C to quit[0m
2025-08-20 11:04:09,456 - werkzeug - INFO -  * Restarting with stat
2025-08-20 11:04:11,094 - werkzeug - WARNING -  * Debugger is active!
2025-08-20 11:04:11,102 - werkzeug - INFO -  * Debugger PIN: 137-844-133
2025-08-20 11:07:22,813 - HIPAA_AUDIT - INFO - Action='USER_LOGIN', Resource='authentication', UserID='None', Success='True', Details='Request successful. Status: 200'
2025-08-20 11:07:22,815 - werkzeug - INFO - 127.0.0.1 - - [20/Aug/2025 11:07:22] "POST /api/auth/login HTTP/1.1" 200 -
2025-08-20 11:09:06,810 - HIPAA_AUDIT - INFO - Action='CREATE_PATIENT', Resource='patients', UserID='2', Success='True', Details='Request successful. Status: 201'
2025-08-20 11:09:06,811 - werkzeug - INFO - 127.0.0.1 - - [20/Aug/2025 11:09:06] "[35m[1mPOST /api/patients HTTP/1.1[0m" 201 -
2025-08-20 11:10:16,989 - HIPAA_AUDIT - INFO - Action='VIEW_ALL_PATIENTS', Resource='patients', UserID='2', Success='True', Details='Request successful. Status: 200'
2025-08-20 11:10:16,989 - werkzeug - INFO - 127.0.0.1 - - [20/Aug/2025 11:10:16] "GET /api/patients HTTP/1.1" 200 -
2025-08-20 11:14:12,825 - HIPAA_AUDIT - INFO - Action='UPDATE_PATIENT', Resource='patients', UserID='2', Success='True', Details='Request successful. Status: 200'
2025-08-20 11:14:12,825 - werkzeug - INFO - 127.0.0.1 - - [20/Aug/2025 11:14:12] "PUT /api/patients/1 HTTP/1.1" 200 -
2025-08-20 11:15:35,778 - HIPAA_AUDIT - INFO - Action='DELETE_PATIENT', Resource='patients', UserID='2', Success='True', Details='Request successful. Status: 200'
2025-08-20 11:15:35,779 - werkzeug - INFO - 127.0.0.1 - - [20/Aug/2025 11:15:35] "DELETE /api/patients/1 HTTP/1.1" 200 -
2025-08-20 11:15:40,801 - HIPAA_AUDIT - INFO - Action='VIEW_ALL_PATIENTS', Resource='patients', UserID='2', Success='True', Details='Request successful. Status: 200'
2025-08-20 11:15:40,801 - werkzeug - INFO - 127.0.0.1 - - [20/Aug/2025 11:15:40] "GET /api/patients HTTP/1.1" 200 -
2025-08-20 11:15:46,930 - HIPAA_AUDIT - INFO - Action='CREATE_PATIENT', Resource='patients', UserID='2', Success='True', Details='Request successful. Status: 201'
2025-08-20 11:15:46,931 - werkzeug - INFO - 127.0.0.1 - - [20/Aug/2025 11:15:46] "[35m[1mPOST /api/patients HTTP/1.1[0m" 201 -
2025-08-20 11:16:07,818 - HIPAA_AUDIT - INFO - Action='CREATE_PATIENT', Resource='patients', UserID='2', Success='True', Details='Request successful. Status: 201'
2025-08-20 11:16:07,819 - werkzeug - INFO - 127.0.0.1 - - [20/Aug/2025 11:16:07] "[35m[1mPOST /api/patients HTTP/1.1[0m" 201 -
2025-08-20 11:16:30,215 - HIPAA_AUDIT - INFO - Action='VIEW_ALL_PATIENTS', Resource='patients', UserID='2', Success='True', Details='Request successful. Status: 200'
2025-08-20 11:16:30,216 - werkzeug - INFO - 127.0.0.1 - - [20/Aug/2025 11:16:30] "GET /api/patients HTTP/1.1" 200 -
2025-08-20 11:17:40,224 - HIPAA_AUDIT - INFO - Action='VIEW_ALL_PATIENTS', Resource='patients', UserID='2', Success='True', Details='Request successful. Status: 200'
2025-08-20 11:17:40,225 - werkzeug - INFO - 127.0.0.1 - - [20/Aug/2025 11:17:40] "GET /api/patients HTTP/1.1" 200 -
2025-08-20 11:20:12,148 - werkzeug - INFO - 127.0.0.1 - - [20/Aug/2025 11:20:12] "[31m[1mGET /api/patients/1 HTTP/1.1[0m" 401 -
2025-08-20 11:20:19,466 - HIPAA_AUDIT - INFO - Action='VIEW_PATIENT_DETAIL', Resource='patients', UserID='2', Success='False', Details='Request successful. Status: 404'
2025-08-20 11:20:19,467 - werkzeug - INFO - 127.0.0.1 - - [20/Aug/2025 11:20:19] "[33mGET /api/patients/1 HTTP/1.1[0m" 404 -
2025-08-20 11:20:25,190 - HIPAA_AUDIT - INFO - Action='VIEW_PATIENT_DETAIL', Resource='patients', UserID='2', Success='True', Details='Request successful. Status: 200'
2025-08-20 11:20:25,191 - werkzeug - INFO - 127.0.0.1 - - [20/Aug/2025 11:20:25] "GET /api/patients/2 HTTP/1.1" 200 -
2025-08-20 11:21:26,623 - HIPAA_AUDIT - INFO - Action='USER_LOGIN', Resource='authentication', UserID='None', Success='True', Details='Request successful. Status: 200'
2025-08-20 11:21:26,623 - werkzeug - INFO - 127.0.0.1 - - [20/Aug/2025 11:21:26] "POST /api/auth/login HTTP/1.1" 200 -
2025-08-20 11:22:38,343 - HIPAA_AUDIT - INFO - Action='CREATE_PATIENT', Resource='patients', UserID='2', Success='True', Details='Request successful. Status: 201'
2025-08-20 11:22:38,351 - werkzeug - INFO - 127.0.0.1 - - [20/Aug/2025 11:22:38] "[35m[1mPOST /api/patients HTTP/1.1[0m" 201 -
2025-08-20 11:49:02,029 - werkzeug - INFO - [31m[1mWARNING: This is a development server. Do not use it in a production deployment. Use a production WSGI server instead.[0m
 * Running on http://127.0.0.1:5000
2025-08-20 11:49:02,030 - werkzeug - INFO - [33mPress CTRL+C to quit[0m
2025-08-20 11:49:02,034 - werkzeug - INFO -  * Restarting with stat
2025-08-20 11:49:04,041 - werkzeug - WARNING -  * Debugger is active!
2025-08-20 11:49:04,051 - werkzeug - INFO -  * Debugger PIN: 137-844-133
2025-08-20 11:49:14,220 - werkzeug - INFO - 127.0.0.1 - - [20/Aug/2025 11:49:14] "[35m[1mPOST /api/auth/login HTTP/1.1[0m" 500 -
2025-08-20 11:49:37,366 - werkzeug - INFO - 127.0.0.1 - - [20/Aug/2025 11:49:37] "[35m[1mPOST /api/auth/login HTTP/1.1[0m" 500 -
2025-08-20 11:49:46,986 - werkzeug - INFO - 127.0.0.1 - - [20/Aug/2025 11:49:46] "[31m[1mPOST /api/doctors/register HTTP/1.1[0m" 401 -
2025-08-20 11:49:54,190 - werkzeug - INFO - 127.0.0.1 - - [20/Aug/2025 11:49:54] "[35m[1mPOST /api/auth/login HTTP/1.1[0m" 500 -
2025-08-20 11:50:16,832 - werkzeug - INFO - [31m[1mWARNING: This is a development server. Do not use it in a production deployment. Use a production WSGI server instead.[0m
 * Running on http://127.0.0.1:5000
2025-08-20 11:50:16,832 - werkzeug - INFO - [33mPress CTRL+C to quit[0m
2025-08-20 11:50:16,837 - werkzeug - INFO -  * Restarting with stat
2025-08-20 11:50:18,449 - werkzeug - WARNING -  * Debugger is active!
2025-08-20 11:50:18,458 - werkzeug - INFO -  * Debugger PIN: 137-844-133
2025-08-20 11:50:22,448 - werkzeug - INFO - 127.0.0.1 - - [20/Aug/2025 11:50:22] "[35m[1mPOST /api/auth/login HTTP/1.1[0m" 500 -
2025-08-20 11:51:41,066 - werkzeug - INFO -  * Detected change in 'E:\\woltrio\\DejiEMRAPI\\app\\models\\user_models.py', reloading
2025-08-20 11:51:41,238 - werkzeug - INFO -  * Restarting with stat
2025-08-20 11:51:43,672 - werkzeug - WARNING -  * Debugger is active!
2025-08-20 11:51:43,685 - werkzeug - INFO -  * Debugger PIN: 137-844-133
2025-08-20 11:51:57,041 - werkzeug - INFO -  * Detected change in 'E:\\woltrio\\DejiEMRAPI\\app\\models\\patient_profile_models.py', reloading
2025-08-20 11:51:57,316 - werkzeug - INFO -  * Restarting with stat
2025-08-20 11:51:59,428 - werkzeug - WARNING -  * Debugger is active!
2025-08-20 11:51:59,437 - werkzeug - INFO -  * Debugger PIN: 137-844-133
2025-08-20 11:52:23,069 - werkzeug - INFO - [31m[1mWARNING: This is a development server. Do not use it in a production deployment. Use a production WSGI server instead.[0m
 * Running on http://127.0.0.1:5000
2025-08-20 11:52:23,070 - werkzeug - INFO - [33mPress CTRL+C to quit[0m
2025-08-20 11:52:23,074 - werkzeug - INFO -  * Restarting with stat
2025-08-20 11:52:25,382 - werkzeug - WARNING -  * Debugger is active!
2025-08-20 11:52:25,398 - werkzeug - INFO -  * Debugger PIN: 137-844-133
2025-08-20 11:52:29,115 - HIPAA_AUDIT - INFO - Action='USER_LOGIN', Resource='authentication', UserID='None', Success='True', Details='Request successful. Status: 200'
2025-08-20 11:52:29,117 - werkzeug - INFO - 127.0.0.1 - - [20/Aug/2025 11:52:29] "POST /api/auth/login HTTP/1.1" 200 -
2025-08-20 11:52:47,402 - HIPAA_AUDIT - INFO - Action='USER_LOGIN', Resource='authentication', UserID='None', Success='True', Details='Request successful. Status: 200'
2025-08-20 11:52:47,403 - werkzeug - INFO - 127.0.0.1 - - [20/Aug/2025 11:52:47] "POST /api/auth/login HTTP/1.1" 200 -
2025-08-20 11:53:11,698 - HIPAA_AUDIT - INFO - Action='VIEW_ALL_PATIENTS', Resource='patients', UserID='2', Success='True', Details='Request successful. Status: 200'
2025-08-20 11:53:11,699 - werkzeug - INFO - 127.0.0.1 - - [20/Aug/2025 11:53:11] "GET /api/patients HTTP/1.1" 200 -
2025-08-20 11:54:03,950 - werkzeug - INFO - 127.0.0.1 - - [20/Aug/2025 11:54:03] "[31m[1mPOST /api/patients HTTP/1.1[0m" 405 -
2025-08-20 11:54:55,139 - werkzeug - INFO - 127.0.0.1 - - [20/Aug/2025 11:54:55] "[31m[1mPOST /api/patients/register HTTP/1.1[0m" 401 -
2025-08-20 11:55:02,812 - HIPAA_AUDIT - INFO - Action='USER_LOGIN', Resource='authentication', UserID='None', Success='True', Details='Request successful. Status: 200'
2025-08-20 11:55:02,813 - werkzeug - INFO - 127.0.0.1 - - [20/Aug/2025 11:55:02] "POST /api/auth/login HTTP/1.1" 200 -
2025-08-20 11:55:19,447 - app - INFO - Successfully sent password email to huzaifaali2002@gmail.com
2025-08-20 11:55:19,463 - HIPAA_AUDIT - INFO - Action='PATIENT_REGISTRATION', Resource='patients', UserID='2', Success='True', Details='Request successful. Status: 201'
2025-08-20 11:55:19,464 - werkzeug - INFO - 127.0.0.1 - - [20/Aug/2025 11:55:19] "[35m[1mPOST /api/patients/register HTTP/1.1[0m" 201 -
2025-08-20 11:57:20,188 - HIPAA_AUDIT - INFO - Action='USER_LOGIN', Resource='authentication', UserID='None', Success='True', Details='Request successful. Status: 200'
2025-08-20 11:57:20,189 - werkzeug - INFO - 127.0.0.1 - - [20/Aug/2025 11:57:20] "POST /api/auth/login HTTP/1.1" 200 -
2025-08-20 12:16:17,379 - werkzeug - INFO - [31m[1mWARNING: This is a development server. Do not use it in a production deployment. Use a production WSGI server instead.[0m
 * Running on http://127.0.0.1:5000
2025-08-20 12:16:17,379 - werkzeug - INFO - [33mPress CTRL+C to quit[0m
2025-08-20 12:16:17,382 - werkzeug - INFO -  * Restarting with stat
2025-08-20 12:16:19,075 - werkzeug - WARNING -  * Debugger is active!
2025-08-20 12:16:19,085 - werkzeug - INFO -  * Debugger PIN: 137-844-133
2025-08-20 12:16:28,670 - HIPAA_AUDIT - INFO - Action='USER_LOGIN', Resource='authentication', UserID='None', Success='True', Details='Request successful. Status: 200'
2025-08-20 12:16:28,671 - werkzeug - INFO - 127.0.0.1 - - [20/Aug/2025 12:16:28] "POST /api/auth/login HTTP/1.1" 200 -
2025-08-20 12:19:49,755 - HIPAA_AUDIT - INFO - Action='PATIENT_REGISTRATION', Resource='patients', UserID='2', Success='False', Details='Request successful. Status: 409'
2025-08-20 12:19:49,756 - werkzeug - INFO - 127.0.0.1 - - [20/Aug/2025 12:19:49] "[31m[1mPOST /api/patients/register HTTP/1.1[0m" 409 -
2025-08-20 12:20:32,380 - app - INFO - Successfully sent password email to huzaifaalix@gmail.com
2025-08-20 12:20:32,394 - HIPAA_AUDIT - INFO - Action='PATIENT_REGISTRATION', Resource='patients', UserID='2', Success='True', Details='Request successful. Status: 201'
2025-08-20 12:20:32,395 - werkzeug - INFO - 127.0.0.1 - - [20/Aug/2025 12:20:32] "[35m[1mPOST /api/patients/register HTTP/1.1[0m" 201 -
2025-08-20 12:23:31,723 - HIPAA_AUDIT - INFO - Action='USER_LOGIN', Resource='authentication', UserID='None', Success='True', Details='Request successful. Status: 200'
2025-08-20 12:23:31,723 - werkzeug - INFO - 127.0.0.1 - - [20/Aug/2025 12:23:31] "POST /api/auth/login HTTP/1.1" 200 -
2025-08-20 12:23:39,326 - HIPAA_AUDIT - INFO - Action='USER_LOGIN', Resource='authentication', UserID='None', Success='True', Details='Request successful. Status: 200'
2025-08-20 12:23:39,327 - werkzeug - INFO - 127.0.0.1 - - [20/Aug/2025 12:23:39] "POST /api/auth/login HTTP/1.1" 200 -
2025-08-20 12:25:46,305 - werkzeug - INFO - 127.0.0.1 - - [20/Aug/2025 12:25:46] "[31m[1mPOST /api/appointments HTTP/1.1[0m" 403 -
2025-08-20 12:27:46,387 - werkzeug - INFO - 127.0.0.1 - - [20/Aug/2025 12:27:46] "[31m[1mPOST /api/appointments HTTP/1.1[0m" 403 -
2025-08-20 12:27:56,213 - HIPAA_AUDIT - INFO - Action='USER_LOGIN', Resource='authentication', UserID='None', Success='True', Details='Request successful. Status: 200'
2025-08-20 12:27:56,214 - werkzeug - INFO - 127.0.0.1 - - [20/Aug/2025 12:27:56] "POST /api/auth/login HTTP/1.1" 200 -
2025-08-20 12:28:08,642 - werkzeug - INFO - 127.0.0.1 - - [20/Aug/2025 12:28:08] "[31m[1mPOST /api/appointments HTTP/1.1[0m" 403 -
2025-08-20 12:31:32,060 - werkzeug - INFO -  * Detected change in 'E:\\woltrio\\DejiEMRAPI\\app\\api\\controllers\\appointment_controller.py', reloading
2025-08-20 12:31:32,246 - werkzeug - INFO -  * Restarting with stat
2025-08-20 12:31:34,590 - werkzeug - WARNING -  * Debugger is active!
2025-08-20 12:31:34,600 - werkzeug - INFO -  * Debugger PIN: 137-844-133
2025-08-20 12:31:36,626 - werkzeug - INFO - 127.0.0.1 - - [20/Aug/2025 12:31:36] "[31m[1mPOST /api/appointments HTTP/1.1[0m" 403 -
2025-08-20 12:31:48,548 - HIPAA_AUDIT - INFO - Action='USER_LOGIN', Resource='authentication', UserID='None', Success='True', Details='Request successful. Status: 200'
2025-08-20 12:31:48,548 - werkzeug - INFO - 127.0.0.1 - - [20/Aug/2025 12:31:48] "POST /api/auth/login HTTP/1.1" 200 -
2025-08-20 12:32:19,893 - HIPAA_AUDIT - INFO - Action='VIEW_ALL_PATIENTS', Resource='patients', UserID='2', Success='True', Details='Request successful. Status: 200'
2025-08-20 12:32:19,894 - werkzeug - INFO - 127.0.0.1 - - [20/Aug/2025 12:32:19] "GET /api/patients HTTP/1.1" 200 -
2025-08-20 12:39:45,136 - werkzeug - INFO - [31m[1mWARNING: This is a development server. Do not use it in a production deployment. Use a production WSGI server instead.[0m
 * Running on http://127.0.0.1:5000
2025-08-20 12:39:45,136 - werkzeug - INFO - [33mPress CTRL+C to quit[0m
2025-08-20 12:39:45,139 - werkzeug - INFO -  * Restarting with stat
2025-08-20 12:39:47,201 - werkzeug - WARNING -  * Debugger is active!
2025-08-20 12:39:47,212 - werkzeug - INFO -  * Debugger PIN: 137-844-133
2025-08-20 12:40:10,911 - HIPAA_AUDIT - INFO - Action='USER_REGISTRATION', Resource='users', UserID='1', Success='True', Details='Request successful. Status: 201'
2025-08-20 12:40:10,911 - werkzeug - INFO - 127.0.0.1 - - [20/Aug/2025 12:40:10] "[35m[1mPOST /api/auth/register HTTP/1.1[0m" 201 -
2025-08-20 12:40:16,825 - HIPAA_AUDIT - INFO - Action='USER_LOGIN', Resource='authentication', UserID='None', Success='True', Details='Request successful. Status: 200'
2025-08-20 12:40:16,826 - werkzeug - INFO - 127.0.0.1 - - [20/Aug/2025 12:40:16] "POST /api/auth/login HTTP/1.1" 200 -
2025-08-20 12:40:37,119 - app - INFO - Successfully sent password email to zayfadeveloper@gmail.com
2025-08-20 12:40:37,129 - HIPAA_AUDIT - INFO - Action='DOCTOR_REGISTRATION', Resource='doctors', UserID='2', Success='True', Details='Request successful. Status: 201'
2025-08-20 12:40:37,130 - werkzeug - INFO - 127.0.0.1 - - [20/Aug/2025 12:40:37] "[35m[1mPOST /api/doctors/register HTTP/1.1[0m" 201 -
2025-08-20 12:41:33,245 - HIPAA_AUDIT - INFO - Action='USER_LOGIN', Resource='authentication', UserID='None', Success='True', Details='Request successful. Status: 200'
2025-08-20 12:41:33,246 - werkzeug - INFO - 127.0.0.1 - - [20/Aug/2025 12:41:33] "POST /api/auth/login HTTP/1.1" 200 -
2025-08-20 12:41:55,083 - app - INFO - Successfully sent password email to huzaifaalix@gmail.com
2025-08-20 12:41:55,099 - HIPAA_AUDIT - INFO - Action='PATIENT_REGISTRATION', Resource='patients', UserID='2', Success='True', Details='Request successful. Status: 201'
2025-08-20 12:41:55,099 - werkzeug - INFO - 127.0.0.1 - - [20/Aug/2025 12:41:55] "[35m[1mPOST /api/patients/register HTTP/1.1[0m" 201 -
2025-08-20 12:42:27,226 - HIPAA_AUDIT - INFO - Action='CREATE_APPOINTMENT', Resource='appointments', UserID='2', Success='True', Details='Request successful. Status: 201'
2025-08-20 12:42:27,227 - werkzeug - INFO - 127.0.0.1 - - [20/Aug/2025 12:42:27] "[35m[1mPOST /api/appointments HTTP/1.1[0m" 201 -
2025-08-20 12:52:36,428 - HIPAA_AUDIT - INFO - Action='USER_LOGIN', Resource='authentication', UserID='None', Success='False', Details='Request successful. Status: 401'
2025-08-20 12:52:36,429 - werkzeug - INFO - 127.0.0.1 - - [20/Aug/2025 12:52:36] "[31m[1mPOST /api/auth/login HTTP/1.1[0m" 401 -
2025-08-20 12:58:51,792 - werkzeug - INFO -  * Detected change in 'E:\\woltrio\\DejiEMRAPI\\app\\api\\controllers\\doctor_controller.py', reloading
2025-08-20 12:58:51,991 - werkzeug - INFO -  * Restarting with stat
2025-08-20 12:58:53,979 - werkzeug - WARNING -  * Debugger is active!
2025-08-20 12:58:53,988 - werkzeug - INFO -  * Debugger PIN: 137-844-133
2025-08-20 12:59:10,687 - werkzeug - INFO -  * Detected change in 'E:\\woltrio\\DejiEMRAPI\\app\\api\\controllers\\patient_controller.py', reloading
2025-08-20 12:59:10,849 - werkzeug - INFO -  * Restarting with stat
2025-08-20 12:59:12,845 - werkzeug - WARNING -  * Debugger is active!
2025-08-20 12:59:12,855 - werkzeug - INFO -  * Debugger PIN: 137-844-133
2025-08-20 12:59:46,121 - werkzeug - INFO - 127.0.0.1 - - [20/Aug/2025 12:59:46] "[31m[1mPOST /api/patients/register HTTP/1.1[0m" 401 -
2025-08-20 12:59:56,118 - HIPAA_AUDIT - INFO - Action='USER_LOGIN', Resource='authentication', UserID='None', Success='True', Details='Request successful. Status: 200'
2025-08-20 12:59:56,119 - werkzeug - INFO - 127.0.0.1 - - [20/Aug/2025 12:59:56] "POST /api/auth/login HTTP/1.1" 200 -
2025-08-20 13:00:22,305 - app - INFO - Successfully sent password email to huzaifaali2002@gmail.com
2025-08-20 13:00:22,318 - HIPAA_AUDIT - INFO - Action='PATIENT_REGISTRATION', Resource='patients', UserID='2', Success='True', Details='Request successful. Status: 201'
2025-08-20 13:00:22,319 - werkzeug - INFO - 127.0.0.1 - - [20/Aug/2025 13:00:22] "[35m[1mPOST /api/patients/register HTTP/1.1[0m" 201 -
2025-08-20 13:01:46,774 - HIPAA_AUDIT - INFO - Action='USER_LOGIN', Resource='authentication', UserID='None', Success='True', Details='Request successful. Status: 200'
2025-08-20 13:01:46,775 - werkzeug - INFO - 127.0.0.1 - - [20/Aug/2025 13:01:46] "POST /api/auth/login HTTP/1.1" 200 -
2025-08-20 13:02:20,655 - HIPAA_AUDIT - INFO - Action='CREATE_APPOINTMENT', Resource='appointments', UserID='4', Success='True', Details='Request successful. Status: 201'
2025-08-20 13:02:20,655 - werkzeug - INFO - 127.0.0.1 - - [20/Aug/2025 13:02:20] "[35m[1mPOST /api/appointments HTTP/1.1[0m" 201 -
2025-08-21 15:51:45,521 - flask_migrate - ERROR - Error: Directory migrations already exists and is not empty
2025-08-21 15:54:46,978 - werkzeug - INFO - [31m[1mWARNING: This is a development server. Do not use it in a production deployment. Use a production WSGI server instead.[0m
 * Running on http://127.0.0.1:5000
2025-08-21 15:54:46,978 - werkzeug - INFO - [33mPress CTRL+C to quit[0m
2025-08-21 15:54:46,981 - werkzeug - INFO -  * Restarting with stat
2025-08-21 15:54:48,689 - werkzeug - WARNING -  * Debugger is active!
2025-08-21 15:54:48,696 - werkzeug - INFO -  * Debugger PIN: 137-844-133
2025-08-21 15:55:19,926 - HIPAA_AUDIT - INFO - Action='USER_REGISTRATION', Resource='users', UserID='1', Success='True', Details='Request successful. Status: 201'
2025-08-21 15:55:19,927 - werkzeug - INFO - 127.0.0.1 - - [21/Aug/2025 15:55:19] "[35m[1mPOST /api/auth/register HTTP/1.1[0m" 201 -
2025-08-21 15:55:25,720 - HIPAA_AUDIT - INFO - Action='USER_LOGIN', Resource='authentication', UserID='None', Success='True', Details='Request successful. Status: 200'
2025-08-21 15:55:25,721 - werkzeug - INFO - 127.0.0.1 - - [21/Aug/2025 15:55:25] "POST /api/auth/login HTTP/1.1" 200 -
2025-08-21 15:55:48,717 - HIPAA_AUDIT - INFO - Action='VIEW_ALL_PATIENTS', Resource='patients', UserID='1', Success='True', Details='Request successful. Status: 200'
2025-08-21 15:55:48,718 - werkzeug - INFO - 127.0.0.1 - - [21/Aug/2025 15:55:48] "GET /api/patients HTTP/1.1" 200 -
2025-08-21 15:56:21,796 - app - INFO - Successfully sent password email to zayfadeveloper@gmail.com
2025-08-21 15:56:21,800 - HIPAA_AUDIT - INFO - Action='DOCTOR_REGISTRATION', Resource='doctors', UserID='2', Success='True', Details='Request successful. Status: 201'
2025-08-21 15:56:21,801 - werkzeug - INFO - 127.0.0.1 - - [21/Aug/2025 15:56:21] "[35m[1mPOST /api/doctors/register HTTP/1.1[0m" 201 -
2025-08-21 15:57:00,699 - HIPAA_AUDIT - INFO - Action='USER_LOGIN', Resource='authentication', UserID='None', Success='True', Details='Request successful. Status: 200'
2025-08-21 15:57:00,699 - werkzeug - INFO - 127.0.0.1 - - [21/Aug/2025 15:57:00] "POST /api/auth/login HTTP/1.1" 200 -
2025-08-21 15:58:36,810 - werkzeug - INFO -  * Detected change in 'E:\\woltrio\\DejiEMRAPI\\config.py', reloading
2025-08-21 15:58:36,990 - werkzeug - INFO -  * Restarting with stat
2025-08-21 15:58:39,348 - werkzeug - WARNING -  * Debugger is active!
2025-08-21 15:58:39,357 - werkzeug - INFO -  * Debugger PIN: 137-844-133
2025-08-21 15:58:55,888 - werkzeug - INFO -  * Detected change in 'E:\\woltrio\\DejiEMRAPI\\app\\__init__.py', reloading
2025-08-21 15:58:56,043 - werkzeug - INFO -  * Restarting with stat
2025-08-21 15:58:58,216 - werkzeug - WARNING -  * Debugger is active!
2025-08-21 15:58:58,229 - werkzeug - INFO -  * Debugger PIN: 137-844-133
2025-08-21 16:02:49,413 - HIPAA_AUDIT - INFO - Action='USER_LOGIN', Resource='authentication', UserID='None', Success='True', Details='Request successful. Status: 200'
2025-08-21 16:02:49,414 - werkzeug - INFO - 127.0.0.1 - - [21/Aug/2025 16:02:49] "POST /api/auth/login HTTP/1.1" 200 -
2025-08-21 16:03:28,435 - HIPAA_AUDIT - ERROR - Action='UPLOAD_PROFILE_PICTURE', Resource='profile', UserID='2', Success='False', Details='An error occurred: cannot import name 'profile_controller' from 'app.api.controllers' (E:\woltrio\DejiEMRAPI\app\api\controllers\__init__.py)'
2025-08-21 16:03:28,456 - werkzeug - INFO - 127.0.0.1 - - [21/Aug/2025 16:03:28] "[35m[1mPOST /api/profile/picture HTTP/1.1[0m" 500 -
2025-08-21 16:11:51,832 - werkzeug - INFO -  * Detected change in 'E:\\woltrio\\DejiEMRAPI\\app\\utils\\cloudinary_util.py', reloading
2025-08-21 16:11:52,029 - werkzeug - INFO -  * Restarting with stat
2025-08-21 16:11:54,016 - werkzeug - WARNING -  * Debugger is active!
2025-08-21 16:11:54,023 - werkzeug - INFO -  * Debugger PIN: 137-844-133
2025-08-21 16:12:21,950 - werkzeug - INFO -  * Detected change in 'E:\\woltrio\\DejiEMRAPI\\app\\api\\controllers\\profile_controller.py', reloading
2025-08-21 16:12:22,192 - werkzeug - INFO -  * Restarting with stat
2025-08-21 16:12:24,238 - werkzeug - WARNING -  * Debugger is active!
2025-08-21 16:12:24,246 - werkzeug - INFO -  * Debugger PIN: 137-844-133
2025-08-21 16:12:31,002 - HIPAA_AUDIT - INFO - Action='UPLOAD_PROFILE_PICTURE', Resource='profile', UserID='2', Success='False', Details='Request successful. Status: 400'
2025-08-21 16:12:31,003 - werkzeug - INFO - 127.0.0.1 - - [21/Aug/2025 16:12:31] "[31m[1mPOST /api/profile/picture HTTP/1.1[0m" 400 -
2025-08-21 16:12:40,509 - HIPAA_AUDIT - INFO - Action='USER_LOGIN', Resource='authentication', UserID='None', Success='True', Details='Request successful. Status: 200'
2025-08-21 16:12:40,510 - werkzeug - INFO - 127.0.0.1 - - [21/Aug/2025 16:12:40] "POST /api/auth/login HTTP/1.1" 200 -
2025-08-21 16:13:00,115 - HIPAA_AUDIT - INFO - Action='UPLOAD_PROFILE_PICTURE', Resource='profile', UserID='2', Success='False', Details='Request successful. Status: 400'
2025-08-21 16:13:00,116 - werkzeug - INFO - 127.0.0.1 - - [21/Aug/2025 16:13:00] "[31m[1mPOST /api/profile/picture HTTP/1.1[0m" 400 -
2025-08-21 16:14:14,423 - werkzeug - INFO -  * Detected change in 'E:\\woltrio\\DejiEMRAPI\\app\\api\\controllers\\profile_controller.py', reloading
2025-08-21 16:14:14,823 - werkzeug - INFO -  * Restarting with stat
2025-08-21 16:14:18,965 - werkzeug - WARNING -  * Debugger is active!
2025-08-21 16:14:18,978 - werkzeug - INFO -  * Debugger PIN: 137-844-133
2025-08-21 16:14:21,171 - app - INFO - Request files keys: []
2025-08-21 16:14:21,171 - app - INFO - Request form keys: [None]
2025-08-21 16:14:21,172 - app - INFO - Content type: multipart/form-data; boundary=--------------------------106156632209375113833652
2025-08-21 16:14:21,181 - HIPAA_AUDIT - INFO - Action='UPLOAD_PROFILE_PICTURE', Resource='profile', UserID='2', Success='False', Details='Request successful. Status: 400'
2025-08-21 16:14:21,183 - werkzeug - INFO - 127.0.0.1 - - [21/Aug/2025 16:14:21] "[31m[1mPOST /api/profile/picture HTTP/1.1[0m" 400 -
2025-08-21 16:19:34,043 - werkzeug - INFO - [31m[1mWARNING: This is a development server. Do not use it in a production deployment. Use a production WSGI server instead.[0m
 * Running on http://127.0.0.1:5000
2025-08-21 16:19:34,043 - werkzeug - INFO - [33mPress CTRL+C to quit[0m
2025-08-21 16:19:34,046 - werkzeug - INFO -  * Restarting with stat
2025-08-21 16:19:35,716 - werkzeug - WARNING -  * Debugger is active!
2025-08-21 16:19:35,723 - werkzeug - INFO -  * Debugger PIN: 137-844-133
2025-08-21 16:21:42,273 - app - INFO - Request files keys: []
2025-08-21 16:21:42,273 - app - INFO - Request form keys: [None]
2025-08-21 16:21:42,273 - app - INFO - Content type: multipart/form-data; boundary=--------------------------460136290697675240952791
2025-08-21 16:21:42,284 - HIPAA_AUDIT - INFO - Action='UPLOAD_PROFILE_PICTURE', Resource='profile', UserID='2', Success='False', Details='Request successful. Status: 400'
2025-08-21 16:21:42,285 - werkzeug - INFO - 127.0.0.1 - - [21/Aug/2025 16:21:42] "[31m[1mPOST /api/profile/picture HTTP/1.1[0m" 400 -
2025-08-21 16:22:26,850 - app - INFO - Request files keys: ['file']
2025-08-21 16:22:26,850 - app - INFO - Request form keys: []
2025-08-21 16:22:26,850 - app - INFO - Content type: multipart/form-data; boundary=--------------------------163539854582769308911583
2025-08-21 16:22:26,850 - app - INFO - Found file with key: file
2025-08-21 16:22:29,635 - HIPAA_AUDIT - INFO - Action='UPLOAD_PROFILE_PICTURE', Resource='profile', UserID='2', Success='True', Details='Request successful. Status: 200'
2025-08-21 16:22:29,636 - werkzeug - INFO - 127.0.0.1 - - [21/Aug/2025 16:22:29] "POST /api/profile/picture HTTP/1.1" 200 -
2025-08-21 16:23:08,442 - HIPAA_AUDIT - INFO - Action='USER_LOGIN', Resource='authentication', UserID='None', Success='True', Details='Request successful. Status: 200'
2025-08-21 16:23:08,443 - werkzeug - INFO - 127.0.0.1 - - [21/Aug/2025 16:23:08] "POST /api/auth/login HTTP/1.1" 200 -
2025-08-21 16:27:01,689 - werkzeug - INFO -  * Detected change in 'E:\\woltrio\\DejiEMRAPI\\app\\api\\controllers\\profile_controller.py', reloading
2025-08-21 16:27:01,899 - werkzeug - INFO -  * Restarting with stat
2025-08-21 16:27:04,111 - werkzeug - WARNING -  * Debugger is active!
2025-08-21 16:27:04,120 - werkzeug - INFO -  * Debugger PIN: 137-844-133
2025-08-21 16:27:10,765 - HIPAA_AUDIT - INFO - Action='USER_LOGIN', Resource='authentication', UserID='None', Success='True', Details='Request successful. Status: 200'
2025-08-21 16:27:10,766 - werkzeug - INFO - 127.0.0.1 - - [21/Aug/2025 16:27:10] "POST /api/auth/login HTTP/1.1" 200 -
2025-08-21 16:28:18,860 - werkzeug - INFO - 127.0.0.1 - - [21/Aug/2025 16:28:18] "[31m[1mPOST /api/profile/picture HTTP/1.1[0m" 401 -
2025-08-21 16:28:25,300 - HIPAA_AUDIT - INFO - Action='USER_LOGIN', Resource='authentication', UserID='None', Success='True', Details='Request successful. Status: 200'
2025-08-21 16:28:25,301 - werkzeug - INFO - 127.0.0.1 - - [21/Aug/2025 16:28:25] "POST /api/auth/login HTTP/1.1" 200 -
2025-08-21 16:28:36,979 - app - INFO - Request files keys: ['file']
2025-08-21 16:28:36,979 - app - INFO - Request form keys: []
2025-08-21 16:28:36,979 - app - INFO - Content type: multipart/form-data; boundary=--------------------------434905605310562261485175
2025-08-21 16:28:36,979 - app - INFO - Found file with key: file
2025-08-21 16:28:42,544 - app - INFO - Original URL length: 136
2025-08-21 16:28:42,544 - app - INFO - Encrypted URL length: 268
2025-08-21 16:28:42,544 - app - INFO - Database column limit is 1024 characters.
2025-08-21 16:28:42,555 - HIPAA_AUDIT - INFO - Action='UPLOAD_PROFILE_PICTURE', Resource='profile', UserID='2', Success='True', Details='Request successful. Status: 200'
2025-08-21 16:28:42,555 - werkzeug - INFO - 127.0.0.1 - - [21/Aug/2025 16:28:42] "POST /api/profile/picture HTTP/1.1" 200 -
2025-08-21 16:33:17,296 - werkzeug - INFO -  * Detected change in 'E:\\woltrio\\DejiEMRAPI\\app\\utils\\cloudinary_util.py', reloading
2025-08-21 16:33:17,529 - werkzeug - INFO -  * Restarting with stat
2025-08-21 16:33:20,252 - werkzeug - WARNING -  * Debugger is active!
2025-08-21 16:33:20,262 - werkzeug - INFO -  * Debugger PIN: 137-844-133
2025-08-21 16:35:14,437 - werkzeug - INFO -  * Detected change in 'E:\\woltrio\\DejiEMRAPI\\app\\utils\\cloudinary_util.py', reloading
2025-08-21 16:35:14,631 - werkzeug - INFO -  * Restarting with stat
2025-08-21 16:35:17,239 - werkzeug - WARNING -  * Debugger is active!
2025-08-21 16:35:17,248 - werkzeug - INFO -  * Debugger PIN: 137-844-133
2025-08-21 16:35:21,740 - HIPAA_AUDIT - INFO - Action='USER_LOGIN', Resource='authentication', UserID='None', Success='True', Details='Request successful. Status: 200'
2025-08-21 16:35:21,741 - werkzeug - INFO - 127.0.0.1 - - [21/Aug/2025 16:35:21] "POST /api/auth/login HTTP/1.1" 200 -
2025-08-21 16:35:30,503 - app - INFO - Request files keys: ['file']
2025-08-21 16:35:30,504 - app - INFO - Request form keys: []
2025-08-21 16:35:30,504 - app - INFO - Content type: multipart/form-data; boundary=--------------------------968761264603051949284390
2025-08-21 16:35:30,504 - app - INFO - Found file with key: file
2025-08-21 16:35:33,305 - app - INFO - Original URL length: 141
2025-08-21 16:35:33,305 - app - INFO - Encrypted URL length: 268
2025-08-21 16:35:33,305 - app - INFO - Database column limit is 1024 characters.
2025-08-21 16:35:33,316 - HIPAA_AUDIT - INFO - Action='UPLOAD_PROFILE_PICTURE', Resource='profile', UserID='2', Success='True', Details='Request successful. Status: 200'
2025-08-21 16:35:33,316 - werkzeug - INFO - 127.0.0.1 - - [21/Aug/2025 16:35:33] "POST /api/profile/picture HTTP/1.1" 200 -
2025-08-21 16:41:54,369 - werkzeug - INFO -  * Detected change in 'E:\\woltrio\\DejiEMRAPI\\app\\api\\controllers\\profile_controller.py', reloading
2025-08-21 16:41:54,609 - werkzeug - INFO -  * Restarting with stat
2025-08-21 16:41:56,559 - werkzeug - WARNING -  * Debugger is active!
2025-08-21 16:41:56,566 - werkzeug - INFO -  * Debugger PIN: 137-844-133
2025-08-21 16:42:02,855 - app - INFO - Request files keys: ['file']
2025-08-21 16:42:02,855 - app - INFO - Found file with key: file
2025-08-21 16:42:07,615 - app - INFO - Original URL length: 141
2025-08-21 16:42:07,616 - app - INFO - Encrypted URL length: 268
2025-08-21 16:42:07,616 - app - INFO - Database column limit is 1024 characters.
2025-08-21 16:42:07,632 - HIPAA_AUDIT - INFO - Action='UPLOAD_PROFILE_PICTURE', Resource='profile', UserID='2', Success='True', Details='Request successful. Status: 200'
2025-08-21 16:42:07,633 - werkzeug - INFO - 127.0.0.1 - - [21/Aug/2025 16:42:07] "POST /api/profile/picture HTTP/1.1" 200 -
2025-08-21 16:47:58,389 - werkzeug - INFO -  * Detected change in 'E:\\woltrio\\DejiEMRAPI\\app\\models\\user_models.py', reloading
2025-08-21 16:47:58,752 - werkzeug - INFO -  * Restarting with stat
2025-08-21 16:48:01,150 - werkzeug - WARNING -  * Debugger is active!
2025-08-21 16:48:01,162 - werkzeug - INFO -  * Debugger PIN: 137-844-133
2025-08-21 16:55:57,727 - werkzeug - INFO - [31m[1mWARNING: This is a development server. Do not use it in a production deployment. Use a production WSGI server instead.[0m
 * Running on http://127.0.0.1:5000
2025-08-21 16:55:57,727 - werkzeug - INFO - [33mPress CTRL+C to quit[0m
2025-08-21 16:55:57,730 - werkzeug - INFO -  * Restarting with stat
2025-08-21 16:55:59,611 - werkzeug - WARNING -  * Debugger is active!
2025-08-21 16:55:59,619 - werkzeug - INFO -  * Debugger PIN: 137-844-133
2025-08-21 16:56:11,016 - HIPAA_AUDIT - INFO - Action='USER_REGISTRATION', Resource='users', UserID='1', Success='True', Details='Request successful. Status: 201'
2025-08-21 16:56:11,017 - werkzeug - INFO - 127.0.0.1 - - [21/Aug/2025 16:56:11] "[35m[1mPOST /api/auth/register HTTP/1.1[0m" 201 -
2025-08-21 16:56:14,931 - HIPAA_AUDIT - INFO - Action='USER_LOGIN', Resource='authentication', UserID='None', Success='True', Details='Request successful. Status: 200'
2025-08-21 16:56:14,931 - werkzeug - INFO - 127.0.0.1 - - [21/Aug/2025 16:56:14] "POST /api/auth/login HTTP/1.1" 200 -
2025-08-21 16:56:34,609 - HIPAA_AUDIT - ERROR - Action='DOCTOR_REGISTRATION', Resource='doctors', UserID='1', Success='False', Details='An error occurred: 'profile_picture_url' is an invalid keyword argument for DoctorProfile'
2025-08-21 16:56:34,650 - werkzeug - INFO - 127.0.0.1 - - [21/Aug/2025 16:56:34] "[35m[1mPOST /api/doctors/register HTTP/1.1[0m" 500 -
2025-08-21 16:56:52,619 - HIPAA_AUDIT - ERROR - Action='DOCTOR_REGISTRATION', Resource='doctors', UserID='1', Success='False', Details='An error occurred: 'profile_picture_url' is an invalid keyword argument for DoctorProfile'
2025-08-21 16:56:52,650 - werkzeug - INFO - 127.0.0.1 - - [21/Aug/2025 16:56:52] "[35m[1mPOST /api/doctors/register HTTP/1.1[0m" 500 -
2025-08-21 17:00:15,405 - werkzeug - INFO -  * Detected change in 'E:\\woltrio\\DejiEMRAPI\\app\\api\\controllers\\doctor_controller.py', reloading
2025-08-21 17:00:15,591 - werkzeug - INFO -  * Restarting with stat
2025-08-21 17:00:17,697 - werkzeug - WARNING -  * Debugger is active!
2025-08-21 17:00:17,713 - werkzeug - INFO -  * Debugger PIN: 137-844-133
2025-08-21 17:00:29,529 - HIPAA_AUDIT - ERROR - Action='DOCTOR_REGISTRATION', Resource='doctors', UserID='1', Success='False', Details='An error occurred: Password does not meet complexity requirements'
2025-08-21 17:00:29,561 - werkzeug - INFO - 127.0.0.1 - - [21/Aug/2025 17:00:29] "[35m[1mPOST /api/doctors/register HTTP/1.1[0m" 500 -
2025-08-21 17:00:47,344 - werkzeug - INFO -  * Detected change in 'E:\\woltrio\\DejiEMRAPI\\app\\api\\controllers\\doctor_controller.py', reloading
2025-08-21 17:00:47,584 - werkzeug - INFO -  * Restarting with stat
2025-08-21 17:00:49,685 - werkzeug - WARNING -  * Debugger is active!
2025-08-21 17:00:49,695 - werkzeug - INFO -  * Debugger PIN: 137-844-133
2025-08-21 17:45:07,881 - werkzeug - INFO - [31m[1mWARNING: This is a development server. Do not use it in a production deployment. Use a production WSGI server instead.[0m
 * Running on http://127.0.0.1:5000
2025-08-21 17:45:07,882 - werkzeug - INFO - [33mPress CTRL+C to quit[0m
2025-08-21 17:45:07,885 - werkzeug - INFO -  * Restarting with stat
2025-08-21 17:45:09,376 - werkzeug - WARNING -  * Debugger is active!
2025-08-21 17:45:09,384 - werkzeug - INFO -  * Debugger PIN: 137-844-133
2025-08-21 17:45:49,255 - HIPAA_AUDIT - INFO - Action='USER_LOGIN', Resource='authentication', UserID='None', Success='True', Details='Request successful. Status: 200'
2025-08-21 17:45:49,256 - werkzeug - INFO - 127.0.0.1 - - [21/Aug/2025 17:45:49] "POST /api/auth/login HTTP/1.1" 200 -
2025-08-21 17:46:06,448 - HIPAA_AUDIT - ERROR - Action='DOCTOR_REGISTRATION', Resource='doctors', UserID='1', Success='False', Details='An error occurred: 'profile_picture_url' is an invalid keyword argument for DoctorProfile'
2025-08-21 17:46:06,484 - werkzeug - INFO - 127.0.0.1 - - [21/Aug/2025 17:46:06] "[35m[1mPOST /api/doctors/register HTTP/1.1[0m" 500 -
2025-08-21 17:47:43,308 - werkzeug - INFO -  * Detected change in 'E:\\woltrio\\DejiEMRAPI\\app\\api\\controllers\\doctor_controller.py', reloading
2025-08-21 17:47:43,619 - werkzeug - INFO -  * Restarting with stat
2025-08-21 17:47:45,769 - werkzeug - WARNING -  * Debugger is active!
2025-08-21 17:47:45,782 - werkzeug - INFO -  * Debugger PIN: 137-844-133
2025-08-21 17:47:50,742 - app - INFO - Successfully sent password email to zayfadeveloper@gmail.com
2025-08-21 17:47:50,756 - HIPAA_AUDIT - INFO - Action='DOCTOR_REGISTRATION', Resource='doctors', UserID='2', Success='True', Details='Request successful. Status: 201'
2025-08-21 17:47:50,757 - werkzeug - INFO - 127.0.0.1 - - [21/Aug/2025 17:47:50] "[35m[1mPOST /api/doctors/register HTTP/1.1[0m" 201 -
2025-08-21 17:48:28,708 - HIPAA_AUDIT - INFO - Action='USER_LOGIN', Resource='authentication', UserID='None', Success='True', Details='Request successful. Status: 200'
2025-08-21 17:48:28,709 - werkzeug - INFO - 127.0.0.1 - - [21/Aug/2025 17:48:28] "POST /api/auth/login HTTP/1.1" 200 -
2025-08-21 17:49:10,336 - HIPAA_AUDIT - INFO - Action='USER_LOGIN', Resource='authentication', UserID='None', Success='True', Details='Request successful. Status: 200'
2025-08-21 17:49:10,337 - werkzeug - INFO - 127.0.0.1 - - [21/Aug/2025 17:49:10] "POST /api/auth/login HTTP/1.1" 200 -
2025-08-21 17:50:07,248 - HIPAA_AUDIT - INFO - Action='USER_LOGIN', Resource='authentication', UserID='None', Success='True', Details='Request successful. Status: 200'
2025-08-21 17:50:07,249 - werkzeug - INFO - 127.0.0.1 - - [21/Aug/2025 17:50:07] "POST /api/auth/login HTTP/1.1" 200 -
2025-08-21 17:52:27,085 - HIPAA_AUDIT - INFO - Action='USER_LOGIN', Resource='authentication', UserID='None', Success='True', Details='Request successful. Status: 200'
2025-08-21 17:52:27,085 - werkzeug - INFO - 127.0.0.1 - - [21/Aug/2025 17:52:27] "POST /api/auth/login HTTP/1.1" 200 -
2025-08-21 17:58:29,309 - werkzeug - INFO - [31m[1mWARNING: This is a development server. Do not use it in a production deployment. Use a production WSGI server instead.[0m
 * Running on http://127.0.0.1:5000
2025-08-21 17:58:29,310 - werkzeug - INFO - [33mPress CTRL+C to quit[0m
2025-08-21 17:58:29,313 - werkzeug - INFO -  * Restarting with stat
2025-08-21 17:58:31,121 - werkzeug - WARNING -  * Debugger is active!
2025-08-21 17:58:31,133 - werkzeug - INFO -  * Debugger PIN: 137-844-133
2025-08-21 17:58:37,874 - HIPAA_AUDIT - INFO - Action='USER_LOGIN', Resource='authentication', UserID='None', Success='True', Details='Request successful. Status: 200'
2025-08-21 17:58:37,875 - werkzeug - INFO - 127.0.0.1 - - [21/Aug/2025 17:58:37] "POST /api/auth/login HTTP/1.1" 200 -
2025-08-21 18:02:08,599 - HIPAA_AUDIT - INFO - Action='USER_LOGIN', Resource='authentication', UserID='None', Success='True', Details='Request successful. Status: 200'
2025-08-21 18:02:08,600 - werkzeug - INFO - 127.0.0.1 - - [21/Aug/2025 18:02:08] "POST /api/auth/login HTTP/1.1" 200 -
2025-08-21 18:06:13,932 - HIPAA_AUDIT - INFO - Action='USER_LOGIN', Resource='authentication', UserID='None', Success='True', Details='Request successful. Status: 200'
2025-08-21 18:06:13,932 - werkzeug - INFO - 127.0.0.1 - - [21/Aug/2025 18:06:13] "POST /api/auth/login HTTP/1.1" 200 -
2025-08-21 18:12:08,932 - HIPAA_AUDIT - INFO - Action='USER_LOGIN', Resource='authentication', UserID='None', Success='True', Details='Request successful. Status: 200'
2025-08-21 18:12:08,933 - werkzeug - INFO - 127.0.0.1 - - [21/Aug/2025 18:12:08] "POST /api/auth/login HTTP/1.1" 200 -
2025-08-21 18:17:07,675 - HIPAA_AUDIT - INFO - Action='USER_LOGIN', Resource='authentication', UserID='None', Success='True', Details='Request successful. Status: 200'
2025-08-21 18:17:07,675 - werkzeug - INFO - 127.0.0.1 - - [21/Aug/2025 18:17:07] "POST /api/auth/login HTTP/1.1" 200 -
2025-08-22 10:31:53,867 - werkzeug - INFO - [31m[1mWARNING: This is a development server. Do not use it in a production deployment. Use a production WSGI server instead.[0m
 * Running on http://127.0.0.1:5000
2025-08-22 10:31:53,867 - werkzeug - INFO - [33mPress CTRL+C to quit[0m
2025-08-22 10:31:53,870 - werkzeug - INFO -  * Restarting with stat
2025-08-22 10:31:55,629 - werkzeug - WARNING -  * Debugger is active!
2025-08-22 10:31:55,642 - werkzeug - INFO -  * Debugger PIN: 137-844-133
2025-08-22 10:31:59,835 - HIPAA_AUDIT - INFO - Action='USER_LOGIN', Resource='authentication', UserID='None', Success='True', Details='Request successful. Status: 200'
2025-08-22 10:31:59,837 - werkzeug - INFO - 127.0.0.1 - - [22/Aug/2025 10:31:59] "POST /api/auth/login HTTP/1.1" 200 -
2025-08-22 10:35:28,857 - HIPAA_AUDIT - INFO - Action='USER_LOGIN', Resource='authentication', UserID='None', Success='True', Details='Request successful. Status: 200'
2025-08-22 10:35:28,858 - werkzeug - INFO - 127.0.0.1 - - [22/Aug/2025 10:35:28] "POST /api/auth/login HTTP/1.1" 200 -
2025-08-22 10:35:43,256 - werkzeug - INFO - 127.0.0.1 - - [22/Aug/2025 10:35:43] "[31m[1mPOST /api/profile/picture HTTP/1.1[0m" 401 -
2025-08-22 10:37:36,840 - HIPAA_AUDIT - INFO - Action='USER_LOGIN', Resource='authentication', UserID='None', Success='True', Details='Request successful. Status: 200'
2025-08-22 10:37:36,840 - werkzeug - INFO - 127.0.0.1 - - [22/Aug/2025 10:37:36] "POST /api/auth/login HTTP/1.1" 200 -
2025-08-22 10:41:17,343 - HIPAA_AUDIT - ERROR - Action='USER_LOGIN', Resource='authentication', UserID='None', Success='False', Details='An error occurred: 415 Unsupported Media Type: Did not attempt to load JSON data because the request Content-Type was not 'application/json'.'
2025-08-22 10:41:17,345 - werkzeug - INFO - 127.0.0.1 - - [22/Aug/2025 10:41:17] "[31m[1mPOST /api/auth/login HTTP/1.1[0m" 415 -
2025-08-22 10:41:43,039 - HIPAA_AUDIT - INFO - Action='USER_LOGIN', Resource='authentication', UserID='None', Success='True', Details='Request successful. Status: 200'
2025-08-22 10:41:43,039 - werkzeug - INFO - 127.0.0.1 - - [22/Aug/2025 10:41:43] "POST /api/auth/login HTTP/1.1" 200 -
2025-08-22 10:50:47,507 - HIPAA_AUDIT - ERROR - Action='USER_LOGIN', Resource='authentication', UserID='None', Success='False', Details='An error occurred: 415 Unsupported Media Type: Did not attempt to load JSON data because the request Content-Type was not 'application/json'.'
2025-08-22 10:50:47,508 - werkzeug - INFO - 127.0.0.1 - - [22/Aug/2025 10:50:47] "[31m[1mPOST /api/auth/login HTTP/1.1[0m" 415 -
2025-08-22 10:50:57,844 - HIPAA_AUDIT - INFO - Action='USER_LOGIN', Resource='authentication', UserID='None', Success='True', Details='Request successful. Status: 200'
2025-08-22 10:50:57,844 - werkzeug - INFO - 127.0.0.1 - - [22/Aug/2025 10:50:57] "POST /api/auth/login HTTP/1.1" 200 -
2025-08-22 10:58:02,295 - HIPAA_AUDIT - ERROR - Action='USER_LOGIN', Resource='authentication', UserID='None', Success='False', Details='An error occurred: 415 Unsupported Media Type: Did not attempt to load JSON data because the request Content-Type was not 'application/json'.'
2025-08-22 10:58:02,296 - werkzeug - INFO - 127.0.0.1 - - [22/Aug/2025 10:58:02] "[31m[1mPOST /api/auth/login HTTP/1.1[0m" 415 -
2025-08-22 10:58:10,470 - HIPAA_AUDIT - INFO - Action='USER_LOGIN', Resource='authentication', UserID='None', Success='True', Details='Request successful. Status: 200'
2025-08-22 10:58:10,471 - werkzeug - INFO - 127.0.0.1 - - [22/Aug/2025 10:58:10] "POST /api/auth/login HTTP/1.1" 200 -
2025-08-22 10:59:56,721 - HIPAA_AUDIT - INFO - Action='USER_LOGIN', Resource='authentication', UserID='None', Success='True', Details='Request successful. Status: 200'
2025-08-22 10:59:56,721 - werkzeug - INFO - 127.0.0.1 - - [22/Aug/2025 10:59:56] "POST /api/auth/login HTTP/1.1" 200 -
2025-08-22 11:00:39,279 - app - INFO - Request files keys: ['file']
2025-08-22 11:00:39,279 - app - INFO - Found file with key: file
2025-08-22 11:00:42,381 - app - INFO - Original URL length: 141
2025-08-22 11:00:42,381 - app - INFO - Encrypted URL length: 268
2025-08-22 11:00:42,381 - app - INFO - Database column limit is 1024 characters.
2025-08-22 11:00:42,398 - HIPAA_AUDIT - INFO - Action='UPLOAD_PROFILE_PICTURE', Resource='profile', UserID='2', Success='True', Details='Request successful. Status: 200'
2025-08-22 11:00:42,398 - werkzeug - INFO - 127.0.0.1 - - [22/Aug/2025 11:00:42] "POST /api/profile/picture HTTP/1.1" 200 -
2025-08-22 11:06:24,442 - werkzeug - INFO - [31m[1mWARNING: This is a development server. Do not use it in a production deployment. Use a production WSGI server instead.[0m
 * Running on http://127.0.0.1:5000
2025-08-22 11:06:24,442 - werkzeug - INFO - [33mPress CTRL+C to quit[0m
2025-08-22 11:06:24,446 - werkzeug - INFO -  * Restarting with stat
2025-08-22 11:06:26,270 - werkzeug - WARNING -  * Debugger is active!
2025-08-22 11:06:26,280 - werkzeug - INFO -  * Debugger PIN: 137-844-133
2025-08-22 11:06:30,031 - HIPAA_AUDIT - INFO - Action='USER_LOGIN', Resource='authentication', UserID='None', Success='True', Details='Request successful. Status: 200'
2025-08-22 11:06:30,033 - werkzeug - INFO - 127.0.0.1 - - [22/Aug/2025 11:06:30] "POST /api/auth/login HTTP/1.1" 200 -
2025-08-22 11:08:30,315 - HIPAA_AUDIT - ERROR - Action='PATIENT_REGISTRATION', Resource='patients', UserID='2', Success='False', Details='An error occurred: 415 Unsupported Media Type: Did not attempt to load JSON data because the request Content-Type was not 'application/json'.'
2025-08-22 11:08:30,316 - werkzeug - INFO - 127.0.0.1 - - [22/Aug/2025 11:08:30] "[31m[1mPOST /api/patients/register HTTP/1.1[0m" 415 -
2025-08-22 11:08:41,684 - app - INFO - Successfully sent password email to huzaifaali2002@gmail.com
2025-08-22 11:08:41,694 - HIPAA_AUDIT - INFO - Action='PATIENT_REGISTRATION', Resource='patients', UserID='2', Success='True', Details='Request successful. Status: 201'
2025-08-22 11:08:41,695 - werkzeug - INFO - 127.0.0.1 - - [22/Aug/2025 11:08:41] "[35m[1mPOST /api/patients/register HTTP/1.1[0m" 201 -
2025-08-22 11:10:30,135 - HIPAA_AUDIT - INFO - Action='USER_LOGIN', Resource='authentication', UserID='None', Success='True', Details='Request successful. Status: 200'
2025-08-22 11:10:30,136 - werkzeug - INFO - 127.0.0.1 - - [22/Aug/2025 11:10:30] "POST /api/auth/login HTTP/1.1" 200 -
2025-08-22 11:38:44,724 - HIPAA_AUDIT - INFO - Action='USER_LOGIN', Resource='authentication', UserID='None', Success='True', Details='Request successful. Status: 200'
2025-08-22 11:38:44,725 - werkzeug - INFO - 127.0.0.1 - - [22/Aug/2025 11:38:44] "POST /api/auth/login HTTP/1.1" 200 -
2025-08-22 16:39:26,880 - werkzeug - INFO - [31m[1mWARNING: This is a development server. Do not use it in a production deployment. Use a production WSGI server instead.[0m
 * Running on http://127.0.0.1:5000
2025-08-22 16:39:26,881 - werkzeug - INFO - [33mPress CTRL+C to quit[0m
2025-08-22 16:39:26,886 - werkzeug - INFO -  * Restarting with stat
2025-08-22 16:39:28,824 - werkzeug - WARNING -  * Debugger is active!
2025-08-22 16:39:28,839 - werkzeug - INFO -  * Debugger PIN: 137-844-133
2025-08-22 16:39:32,168 - werkzeug - INFO - 127.0.0.1 - - [22/Aug/2025 16:39:32] "OPTIONS /api/auth/login HTTP/1.1" 200 -
2025-08-22 16:39:32,885 - HIPAA_AUDIT - INFO - Action='USER_LOGIN', Resource='authentication', UserID='None', Success='True', Details='Request successful. Status: 200'
2025-08-22 16:39:32,887 - werkzeug - INFO - 127.0.0.1 - - [22/Aug/2025 16:39:32] "POST /api/auth/login HTTP/1.1" 200 -
2025-08-22 16:40:50,356 - werkzeug - INFO - 127.0.0.1 - - [22/Aug/2025 16:40:50] "OPTIONS /api/auth/login HTTP/1.1" 200 -
2025-08-22 16:40:50,775 - HIPAA_AUDIT - INFO - Action='USER_LOGIN', Resource='authentication', UserID='None', Success='True', Details='Request successful. Status: 200'
2025-08-22 16:40:50,775 - werkzeug - INFO - 127.0.0.1 - - [22/Aug/2025 16:40:50] "POST /api/auth/login HTTP/1.1" 200 -
2025-08-22 16:41:45,152 - werkzeug - INFO - 127.0.0.1 - - [22/Aug/2025 16:41:45] "OPTIONS /api/auth/login HTTP/1.1" 200 -
2025-08-22 16:41:45,555 - HIPAA_AUDIT - INFO - Action='USER_LOGIN', Resource='authentication', UserID='None', Success='True', Details='Request successful. Status: 200'
2025-08-22 16:41:45,555 - werkzeug - INFO - 127.0.0.1 - - [22/Aug/2025 16:41:45] "POST /api/auth/login HTTP/1.1" 200 -
2025-08-22 17:04:28,771 - werkzeug - INFO - 127.0.0.1 - - [22/Aug/2025 17:04:28] "OPTIONS /api/auth/login HTTP/1.1" 200 -
2025-08-22 17:04:29,266 - HIPAA_AUDIT - INFO - Action='USER_LOGIN', Resource='authentication', UserID='None', Success='True', Details='Request successful. Status: 200'
2025-08-22 17:04:29,266 - werkzeug - INFO - 127.0.0.1 - - [22/Aug/2025 17:04:29] "POST /api/auth/login HTTP/1.1" 200 -
2025-08-23 20:02:56,218 - werkzeug - INFO - [31m[1mWARNING: This is a development server. Do not use it in a production deployment. Use a production WSGI server instead.[0m
 * Running on http://127.0.0.1:5000
2025-08-23 20:02:56,218 - werkzeug - INFO - [33mPress CTRL+C to quit[0m
2025-08-23 20:02:56,220 - werkzeug - INFO -  * Restarting with stat
2025-08-23 20:02:57,259 - werkzeug - WARNING -  * Debugger is active!
2025-08-23 20:02:57,270 - werkzeug - INFO -  * Debugger PIN: 137-844-133
2025-08-23 20:04:28,306 - werkzeug - INFO - [31m[1mWARNING: This is a development server. Do not use it in a production deployment. Use a production WSGI server instead.[0m
 * Running on http://127.0.0.1:5000
2025-08-23 20:04:28,306 - werkzeug - INFO - [33mPress CTRL+C to quit[0m
2025-08-23 20:04:28,307 - werkzeug - INFO -  * Restarting with stat
2025-08-23 20:04:29,330 - werkzeug - WARNING -  * Debugger is active!
2025-08-23 20:04:29,334 - werkzeug - INFO -  * Debugger PIN: 137-844-133
2025-08-25 10:17:22,602 - werkzeug - INFO - [31m[1mWARNING: This is a development server. Do not use it in a production deployment. Use a production WSGI server instead.[0m
 * Running on http://127.0.0.1:5000
2025-08-25 10:17:22,602 - werkzeug - INFO - [33mPress CTRL+C to quit[0m
2025-08-25 10:17:22,609 - werkzeug - INFO -  * Restarting with stat
2025-08-25 10:17:24,472 - werkzeug - WARNING -  * Debugger is active!
2025-08-25 10:17:24,487 - werkzeug - INFO -  * Debugger PIN: 137-844-133
2025-08-25 10:17:27,123 - werkzeug - INFO -  * Detected change in 'E:\\woltrio\\DejiEMRAPI\\app\\models\\user_models.py', reloading
2025-08-25 10:17:27,338 - werkzeug - INFO -  * Restarting with stat
2025-08-25 10:17:29,196 - werkzeug - WARNING -  * Debugger is active!
2025-08-25 10:17:29,204 - werkzeug - INFO -  * Debugger PIN: 137-844-133
2025-08-25 10:18:26,301 - HIPAA_AUDIT - INFO - Action='USER_LOGIN', Resource='authentication', UserID='None', Success='True', Details='Request successful. Status: 200'
2025-08-25 10:18:26,302 - werkzeug - INFO - 127.0.0.1 - - [25/Aug/2025 10:18:26] "POST /api/auth/login HTTP/1.1" 200 -
2025-08-25 10:28:43,023 - werkzeug - INFO - 127.0.0.1 - - [25/Aug/2025 10:28:43] "OPTIONS /api/auth/login HTTP/1.1" 200 -
2025-08-25 10:28:43,673 - HIPAA_AUDIT - INFO - Action='USER_LOGIN', Resource='authentication', UserID='None', Success='False', Details='Request successful. Status: 401'
2025-08-25 10:28:43,674 - werkzeug - INFO - 127.0.0.1 - - [25/Aug/2025 10:28:43] "[31m[1mPOST /api/auth/login HTTP/1.1[0m" 401 -
2025-08-25 10:29:42,085 - werkzeug - INFO - 127.0.0.1 - - [25/Aug/2025 10:29:42] "OPTIONS /api/auth/login HTTP/1.1" 200 -
2025-08-25 10:29:42,516 - HIPAA_AUDIT - INFO - Action='USER_LOGIN', Resource='authentication', UserID='None', Success='False', Details='Request successful. Status: 401'
2025-08-25 10:29:42,517 - werkzeug - INFO - 127.0.0.1 - - [25/Aug/2025 10:29:42] "[31m[1mPOST /api/auth/login HTTP/1.1[0m" 401 -
2025-08-25 10:29:47,574 - werkzeug - INFO - 127.0.0.1 - - [25/Aug/2025 10:29:47] "OPTIONS /api/auth/login HTTP/1.1" 200 -
2025-08-25 10:29:47,975 - HIPAA_AUDIT - INFO - Action='USER_LOGIN', Resource='authentication', UserID='None', Success='False', Details='Request successful. Status: 401'
2025-08-25 10:29:47,975 - werkzeug - INFO - 127.0.0.1 - - [25/Aug/2025 10:29:47] "[31m[1mPOST /api/auth/login HTTP/1.1[0m" 401 -
2025-08-25 10:30:18,045 - werkzeug - INFO - 127.0.0.1 - - [25/Aug/2025 10:30:18] "OPTIONS /api/auth/login HTTP/1.1" 200 -
2025-08-25 10:30:18,478 - HIPAA_AUDIT - INFO - Action='USER_LOGIN', Resource='authentication', UserID='None', Success='True', Details='Request successful. Status: 200'
2025-08-25 10:30:18,479 - werkzeug - INFO - 127.0.0.1 - - [25/Aug/2025 10:30:18] "POST /api/auth/login HTTP/1.1" 200 -
2025-08-25 10:32:18,245 - werkzeug - INFO - 127.0.0.1 - - [25/Aug/2025 10:32:18] "OPTIONS /api/auth/login HTTP/1.1" 200 -
2025-08-25 10:32:18,666 - HIPAA_AUDIT - INFO - Action='USER_LOGIN', Resource='authentication', UserID='None', Success='True', Details='Request successful. Status: 200'
2025-08-25 10:32:18,667 - werkzeug - INFO - 127.0.0.1 - - [25/Aug/2025 10:32:18] "POST /api/auth/login HTTP/1.1" 200 -
2025-08-25 10:46:00,788 - werkzeug - INFO -  * Detected change in 'E:\\woltrio\\DejiEMRAPI\\app\\api\\controllers\\user_controller.py', reloading
2025-08-25 10:46:01,315 - werkzeug - INFO -  * Restarting with stat
2025-08-25 10:53:24,727 - werkzeug - INFO - [31m[1mWARNING: This is a development server. Do not use it in a production deployment. Use a production WSGI server instead.[0m
 * Running on http://127.0.0.1:5000
2025-08-25 10:53:24,727 - werkzeug - INFO - [33mPress CTRL+C to quit[0m
2025-08-25 10:53:24,730 - werkzeug - INFO -  * Restarting with stat
2025-08-25 10:53:26,887 - werkzeug - WARNING -  * Debugger is active!
2025-08-25 10:53:26,895 - werkzeug - INFO -  * Debugger PIN: 137-844-133
2025-08-25 10:54:58,937 - HIPAA_AUDIT - INFO - Action='USER_LOGIN', Resource='authentication', UserID='None', Success='True', Details='Request successful. Status: 200'
2025-08-25 10:54:58,938 - werkzeug - INFO - 127.0.0.1 - - [25/Aug/2025 10:54:58] "POST /api/auth/login HTTP/1.1" 200 -
2025-08-25 10:55:14,015 - HIPAA_AUDIT - ERROR - Action='VIEW_OWN_PROFILE', Resource='users', UserID='2', Success='False', Details='An error occurred: 'User' object has no attribute 'to_dict''
2025-08-25 10:55:14,038 - werkzeug - INFO - 127.0.0.1 - - [25/Aug/2025 10:55:14] "[35m[1mGET /api/users/me HTTP/1.1[0m" 500 -
2025-08-25 10:56:58,884 - werkzeug - INFO -  * Detected change in 'E:\\woltrio\\DejiEMRAPI\\app\\api\\controllers\\user_controller.py', reloading
2025-08-25 10:56:59,223 - werkzeug - INFO -  * Restarting with stat
2025-08-25 10:57:02,616 - werkzeug - WARNING -  * Debugger is active!
2025-08-25 10:57:02,628 - werkzeug - INFO -  * Debugger PIN: 137-844-133
2025-08-25 10:57:02,991 - HIPAA_AUDIT - ERROR - Action='VIEW_OWN_PROFILE', Resource='users', UserID='2', Success='False', Details='An error occurred: 'User' object has no attribute 'to_dict''
2025-08-25 10:57:03,018 - werkzeug - INFO - 127.0.0.1 - - [25/Aug/2025 10:57:03] "[35m[1mGET /api/users/me HTTP/1.1[0m" 500 -
2025-08-25 10:57:22,896 - werkzeug - INFO - [31m[1mWARNING: This is a development server. Do not use it in a production deployment. Use a production WSGI server instead.[0m
 * Running on http://127.0.0.1:5000
2025-08-25 10:57:22,897 - werkzeug - INFO - [33mPress CTRL+C to quit[0m
2025-08-25 10:57:22,900 - werkzeug - INFO -  * Restarting with stat
2025-08-25 10:57:25,102 - werkzeug - WARNING -  * Debugger is active!
2025-08-25 10:57:25,115 - werkzeug - INFO -  * Debugger PIN: 137-844-133
2025-08-25 10:57:40,094 - HIPAA_AUDIT - INFO - Action='USER_LOGIN', Resource='authentication', UserID='None', Success='True', Details='Request successful. Status: 200'
2025-08-25 10:57:40,095 - werkzeug - INFO - 127.0.0.1 - - [25/Aug/2025 10:57:40] "POST /api/auth/login HTTP/1.1" 200 -
2025-08-25 10:57:56,579 - HIPAA_AUDIT - ERROR - Action='VIEW_OWN_PROFILE', Resource='users', UserID='2', Success='False', Details='An error occurred: 'User' object has no attribute 'to_dict''
2025-08-25 10:57:56,602 - werkzeug - INFO - 127.0.0.1 - - [25/Aug/2025 10:57:56] "[35m[1mGET /api/users/me HTTP/1.1[0m" 500 -
2025-08-25 10:58:54,845 - werkzeug - INFO -  * Detected change in 'E:\\woltrio\\DejiEMRAPI\\app\\api\\controllers\\user_controller.py', reloading
2025-08-25 10:58:55,184 - werkzeug - INFO -  * Restarting with stat
2025-08-25 10:58:58,791 - werkzeug - WARNING -  * Debugger is active!
2025-08-25 10:58:58,802 - werkzeug - INFO -  * Debugger PIN: 137-844-133
2025-08-25 11:00:29,697 - werkzeug - INFO -  * Detected change in 'E:\\woltrio\\DejiEMRAPI\\app\\models\\user_models.py', reloading
2025-08-25 11:00:29,971 - werkzeug - INFO -  * Restarting with stat
2025-08-25 11:00:33,479 - werkzeug - WARNING -  * Debugger is active!
2025-08-25 11:00:33,492 - werkzeug - INFO -  * Debugger PIN: 137-844-133
2025-08-25 11:00:38,797 - HIPAA_AUDIT - INFO - Action='VIEW_OWN_PROFILE', Resource='users', UserID='2', Success='True', Details='Request successful. Status: 200'
2025-08-25 11:00:38,799 - werkzeug - INFO - 127.0.0.1 - - [25/Aug/2025 11:00:38] "GET /api/users/me HTTP/1.1" 200 -
2025-08-25 11:00:47,676 - HIPAA_AUDIT - INFO - Action='USER_LOGIN', Resource='authentication', UserID='None', Success='True', Details='Request successful. Status: 200'
2025-08-25 11:00:47,676 - werkzeug - INFO - 127.0.0.1 - - [25/Aug/2025 11:00:47] "POST /api/auth/login HTTP/1.1" 200 -
2025-08-25 11:07:17,618 - werkzeug - INFO -  * Detected change in 'E:\\woltrio\\DejiEMRAPI\\app\\api\\controllers\\user_controller.py', reloading
2025-08-25 11:07:18,142 - werkzeug - INFO -  * Restarting with stat
2025-08-25 11:07:20,557 - werkzeug - WARNING -  * Debugger is active!
2025-08-25 11:07:20,568 - werkzeug - INFO -  * Debugger PIN: 137-844-133
2025-08-25 11:07:21,015 - HIPAA_AUDIT - INFO - Action='VIEW_OWN_PROFILE', Resource='users', UserID='2', Success='True', Details='Request successful. Status: 200'
2025-08-25 11:07:21,017 - werkzeug - INFO - 127.0.0.1 - - [25/Aug/2025 11:07:21] "GET /api/users/me HTTP/1.1" 200 -
2025-08-25 11:08:38,812 - werkzeug - INFO -  * Detected change in 'E:\\woltrio\\DejiEMRAPI\\app\\api\\controllers\\user_controller.py', reloading
2025-08-25 11:08:39,258 - werkzeug - INFO -  * Restarting with stat
2025-08-25 11:08:41,734 - werkzeug - WARNING -  * Debugger is active!
2025-08-25 11:08:41,747 - werkzeug - INFO -  * Debugger PIN: 137-844-133
2025-08-25 11:08:42,321 - HIPAA_AUDIT - INFO - Action='VIEW_OWN_PROFILE', Resource='users', UserID='2', Success='True', Details='Request successful. Status: 200'
2025-08-25 11:08:42,322 - werkzeug - INFO - 127.0.0.1 - - [25/Aug/2025 11:08:42] "GET /api/users/me HTTP/1.1" 200 -
2025-08-25 11:08:44,028 - HIPAA_AUDIT - INFO - Action='VIEW_OWN_PROFILE', Resource='users', UserID='2', Success='True', Details='Request successful. Status: 200'
2025-08-25 11:08:44,028 - werkzeug - INFO - 127.0.0.1 - - [25/Aug/2025 11:08:44] "GET /api/users/me HTTP/1.1" 200 -
2025-08-25 11:09:29,369 - werkzeug - INFO -  * Detected change in 'E:\\woltrio\\DejiEMRAPI\\app\\api\\controllers\\user_controller.py', reloading
2025-08-25 11:09:29,630 - werkzeug - INFO -  * Restarting with stat
2025-08-25 11:09:32,639 - werkzeug - WARNING -  * Debugger is active!
2025-08-25 11:09:32,649 - werkzeug - INFO -  * Debugger PIN: 137-844-133
2025-08-25 11:09:33,931 - HIPAA_AUDIT - INFO - Action='VIEW_OWN_PROFILE', Resource='users', UserID='2', Success='True', Details='Request successful. Status: 200'
2025-08-25 11:09:33,932 - werkzeug - INFO - 127.0.0.1 - - [25/Aug/2025 11:09:33] "GET /api/users/me HTTP/1.1" 200 -
2025-08-25 11:12:59,157 - werkzeug - INFO - 127.0.0.1 - - [25/Aug/2025 11:12:59] "OPTIONS /api/users/me HTTP/1.1" 200 -
2025-08-25 11:12:59,160 - werkzeug - INFO - 127.0.0.1 - - [25/Aug/2025 11:12:59] "OPTIONS /api/users/me HTTP/1.1" 200 -
2025-08-25 11:12:59,172 - werkzeug - INFO - 127.0.0.1 - - [25/Aug/2025 11:12:59] "[31m[1mGET /api/users/me HTTP/1.1[0m" 401 -
2025-08-25 11:12:59,182 - werkzeug - INFO - 127.0.0.1 - - [25/Aug/2025 11:12:59] "[31m[1mGET /api/users/me HTTP/1.1[0m" 401 -
2025-08-25 11:14:56,780 - werkzeug - INFO - 127.0.0.1 - - [25/Aug/2025 11:14:56] "OPTIONS /api/auth/login HTTP/1.1" 200 -
2025-08-25 11:14:57,293 - HIPAA_AUDIT - INFO - Action='USER_LOGIN', Resource='authentication', UserID='None', Success='True', Details='Request successful. Status: 200'
2025-08-25 11:14:57,293 - werkzeug - INFO - 127.0.0.1 - - [25/Aug/2025 11:14:57] "POST /api/auth/login HTTP/1.1" 200 -
2025-08-25 11:14:58,230 - werkzeug - INFO - 127.0.0.1 - - [25/Aug/2025 11:14:58] "OPTIONS /api/users/me HTTP/1.1" 200 -
2025-08-25 11:14:58,245 - werkzeug - INFO - 127.0.0.1 - - [25/Aug/2025 11:14:58] "OPTIONS /api/users/me HTTP/1.1" 200 -
2025-08-25 11:14:58,277 - HIPAA_AUDIT - INFO - Action='VIEW_OWN_PROFILE', Resource='users', UserID='2', Success='True', Details='Request successful. Status: 200'
2025-08-25 11:14:58,280 - werkzeug - INFO - 127.0.0.1 - - [25/Aug/2025 11:14:58] "GET /api/users/me HTTP/1.1" 200 -
2025-08-25 11:14:58,305 - HIPAA_AUDIT - INFO - Action='VIEW_OWN_PROFILE', Resource='users', UserID='2', Success='True', Details='Request successful. Status: 200'
2025-08-25 11:14:58,306 - werkzeug - INFO - 127.0.0.1 - - [25/Aug/2025 11:14:58] "GET /api/users/me HTTP/1.1" 200 -
2025-08-25 11:17:37,537 - werkzeug - INFO - 127.0.0.1 - - [25/Aug/2025 11:17:37] "OPTIONS /api/auth/login HTTP/1.1" 200 -
2025-08-25 11:17:37,954 - HIPAA_AUDIT - INFO - Action='USER_LOGIN', Resource='authentication', UserID='None', Success='True', Details='Request successful. Status: 200'
2025-08-25 11:17:37,954 - werkzeug - INFO - 127.0.0.1 - - [25/Aug/2025 11:17:37] "POST /api/auth/login HTTP/1.1" 200 -
2025-08-25 11:17:38,781 - werkzeug - INFO - 127.0.0.1 - - [25/Aug/2025 11:17:38] "OPTIONS /api/users/me HTTP/1.1" 200 -
2025-08-25 11:17:38,787 - werkzeug - INFO - 127.0.0.1 - - [25/Aug/2025 11:17:38] "OPTIONS /api/users/me HTTP/1.1" 200 -
2025-08-25 11:17:38,832 - HIPAA_AUDIT - INFO - Action='VIEW_OWN_PROFILE', Resource='users', UserID='2', Success='True', Details='Request successful. Status: 200'
2025-08-25 11:17:38,833 - werkzeug - INFO - 127.0.0.1 - - [25/Aug/2025 11:17:38] "GET /api/users/me HTTP/1.1" 200 -
2025-08-25 11:17:38,870 - HIPAA_AUDIT - INFO - Action='VIEW_OWN_PROFILE', Resource='users', UserID='2', Success='True', Details='Request successful. Status: 200'
2025-08-25 11:17:38,871 - werkzeug - INFO - 127.0.0.1 - - [25/Aug/2025 11:17:38] "GET /api/users/me HTTP/1.1" 200 -
2025-08-25 11:18:57,718 - werkzeug - INFO - 127.0.0.1 - - [25/Aug/2025 11:18:57] "OPTIONS /api/auth/login HTTP/1.1" 200 -
2025-08-25 11:18:58,119 - HIPAA_AUDIT - INFO - Action='USER_LOGIN', Resource='authentication', UserID='None', Success='True', Details='Request successful. Status: 200'
2025-08-25 11:18:58,119 - werkzeug - INFO - 127.0.0.1 - - [25/Aug/2025 11:18:58] "POST /api/auth/login HTTP/1.1" 200 -
2025-08-25 11:18:58,941 - werkzeug - INFO - 127.0.0.1 - - [25/Aug/2025 11:18:58] "OPTIONS /api/users/me HTTP/1.1" 200 -
2025-08-25 11:18:58,946 - werkzeug - INFO - 127.0.0.1 - - [25/Aug/2025 11:18:58] "OPTIONS /api/users/me HTTP/1.1" 200 -
2025-08-25 11:18:58,973 - HIPAA_AUDIT - INFO - Action='VIEW_OWN_PROFILE', Resource='users', UserID='2', Success='True', Details='Request successful. Status: 200'
2025-08-25 11:18:58,974 - werkzeug - INFO - 127.0.0.1 - - [25/Aug/2025 11:18:58] "GET /api/users/me HTTP/1.1" 200 -
2025-08-25 11:18:58,998 - HIPAA_AUDIT - INFO - Action='VIEW_OWN_PROFILE', Resource='users', UserID='2', Success='True', Details='Request successful. Status: 200'
2025-08-25 11:18:58,998 - werkzeug - INFO - 127.0.0.1 - - [25/Aug/2025 11:18:58] "GET /api/users/me HTTP/1.1" 200 -
2025-08-25 12:04:03,069 - werkzeug - INFO - 127.0.0.1 - - [25/Aug/2025 12:04:03] "OPTIONS /api/auth/login HTTP/1.1" 200 -
2025-08-25 12:04:03,564 - HIPAA_AUDIT - INFO - Action='USER_LOGIN', Resource='authentication', UserID='None', Success='True', Details='Request successful. Status: 200'
2025-08-25 12:04:03,565 - werkzeug - INFO - 127.0.0.1 - - [25/Aug/2025 12:04:03] "POST /api/auth/login HTTP/1.1" 200 -
2025-08-25 12:04:04,089 - werkzeug - INFO - 127.0.0.1 - - [25/Aug/2025 12:04:04] "OPTIONS /api/users/me HTTP/1.1" 200 -
2025-08-25 12:04:04,092 - werkzeug - INFO - 127.0.0.1 - - [25/Aug/2025 12:04:04] "OPTIONS /api/users/me HTTP/1.1" 200 -
2025-08-25 12:04:04,121 - HIPAA_AUDIT - INFO - Action='VIEW_OWN_PROFILE', Resource='users', UserID='2', Success='True', Details='Request successful. Status: 200'
2025-08-25 12:04:04,123 - werkzeug - INFO - 127.0.0.1 - - [25/Aug/2025 12:04:04] "GET /api/users/me HTTP/1.1" 200 -
2025-08-25 12:04:04,147 - HIPAA_AUDIT - INFO - Action='VIEW_OWN_PROFILE', Resource='users', UserID='2', Success='True', Details='Request successful. Status: 200'
2025-08-25 12:04:04,148 - werkzeug - INFO - 127.0.0.1 - - [25/Aug/2025 12:04:04] "GET /api/users/me HTTP/1.1" 200 -
